[3.557s] Invoking command in '/home/roboracing/Desktop/roboracing-rigatoniv-base/launch_robot': PYTHONPATH=/home/roboracing/Desktop/roboracing-rigatoniv-base/build/launch_robot/prefix_override:/usr/lib/python3/dist-packages/colcon_core/task/python/colcon_distutils_commands:/home/roboracing/Desktop/roboracing-rigatoniv-base/install/launch_robot/lib/python3.10/site-packages:${PYTHONPATH} /usr/bin/python3 -W ignore:setup.py install is deprecated -W ignore:easy_install command is deprecated setup.py egg_info --egg-base ../build/launch_robot build --build-base /home/roboracing/Desktop/roboracing-rigatoniv-base/build/launch_robot/build install --record /home/roboracing/Desktop/roboracing-rigatoniv-base/build/launch_robot/install.log --single-version-externally-managed install_data
[4.748s] running egg_info
[4.750s] writing ../build/launch_robot/launch_robot.egg-info/PKG-INFO
[4.751s] writing dependency_links to ../build/launch_robot/launch_robot.egg-info/dependency_links.txt
[4.751s] writing entry points to ../build/launch_robot/launch_robot.egg-info/entry_points.txt
[4.751s] writing requirements to ../build/launch_robot/launch_robot.egg-info/requires.txt
[4.752s] writing top-level names to ../build/launch_robot/launch_robot.egg-info/top_level.txt
[4.756s] reading manifest file '../build/launch_robot/launch_robot.egg-info/SOURCES.txt'
[4.760s] adding license file 'LICENSE'
[4.760s] writing manifest file '../build/launch_robot/launch_robot.egg-info/SOURCES.txt'
[4.762s] running build
[4.762s] running build_py
[4.764s] running install
[4.764s] running install_lib
[4.771s] running install_data
[4.772s] running install_egg_info
[4.781s] removing '/home/roboracing/Desktop/roboracing-rigatoniv-base/install/launch_robot/lib/python3.10/site-packages/launch_robot-0.0.0-py3.10.egg-info' (and everything under it)
[4.781s] Copying ../build/launch_robot/launch_robot.egg-info to /home/roboracing/Desktop/roboracing-rigatoniv-base/install/launch_robot/lib/python3.10/site-packages/launch_robot-0.0.0-py3.10.egg-info
[4.785s] running install_scripts
[4.891s] writing list of installed files to '/home/roboracing/Desktop/roboracing-rigatoniv-base/build/launch_robot/install.log'
[4.973s] Invoked command in '/home/roboracing/Desktop/roboracing-rigatoniv-base/launch_robot' returned '0': PYTHONPATH=/home/roboracing/Desktop/roboracing-rigatoniv-base/build/launch_robot/prefix_override:/usr/lib/python3/dist-packages/colcon_core/task/python/colcon_distutils_commands:/home/roboracing/Desktop/roboracing-rigatoniv-base/install/launch_robot/lib/python3.10/site-packages:${PYTHONPATH} /usr/bin/python3 -W ignore:setup.py install is deprecated -W ignore:easy_install command is deprecated setup.py egg_info --egg-base ../build/launch_robot build --build-base /home/roboracing/Desktop/roboracing-rigatoniv-base/build/launch_robot/build install --record /home/roboracing/Desktop/roboracing-rigatoniv-base/build/launch_robot/install.log --single-version-externally-managed install_data
