[3.157s] Invoking command in '/home/roboracing/Desktop/roboracing-rigatoniv-base/launch_robot': PYTHONPATH=/home/roboracing/Desktop/roboracing-rigatoniv-base/build/launch_robot/prefix_override:/usr/lib/python3/dist-packages/colcon_core/task/python/colcon_distutils_commands:/home/roboracing/Desktop/roboracing-rigatoniv-base/install/launch_robot/lib/python3.10/site-packages:${PYTHONPATH} /usr/bin/python3 -W ignore:setup.py install is deprecated -W ignore:easy_install command is deprecated setup.py egg_info --egg-base ../build/launch_robot build --build-base /home/roboracing/Desktop/roboracing-rigatoniv-base/build/launch_robot/build install --record /home/roboracing/Desktop/roboracing-rigatoniv-base/build/launch_robot/install.log --single-version-externally-managed install_data
[4.343s] running egg_info
[4.345s] writing ../build/launch_robot/launch_robot.egg-info/PKG-INFO
[4.345s] writing dependency_links to ../build/launch_robot/launch_robot.egg-info/dependency_links.txt
[4.346s] writing entry points to ../build/launch_robot/launch_robot.egg-info/entry_points.txt
[4.346s] writing requirements to ../build/launch_robot/launch_robot.egg-info/requires.txt
[4.346s] writing top-level names to ../build/launch_robot/launch_robot.egg-info/top_level.txt
[4.351s] reading manifest file '../build/launch_robot/launch_robot.egg-info/SOURCES.txt'
[4.351s] adding license file 'LICENSE'
[4.352s] writing manifest file '../build/launch_robot/launch_robot.egg-info/SOURCES.txt'
[4.352s] running build
[4.353s] running build_py
[4.353s] running install
[4.354s] running install_lib
[4.363s] running install_data
[4.363s] running install_egg_info
[4.372s] removing '/home/roboracing/Desktop/roboracing-rigatoniv-base/install/launch_robot/lib/python3.10/site-packages/launch_robot-0.0.0-py3.10.egg-info' (and everything under it)
[4.373s] Copying ../build/launch_robot/launch_robot.egg-info to /home/roboracing/Desktop/roboracing-rigatoniv-base/install/launch_robot/lib/python3.10/site-packages/launch_robot-0.0.0-py3.10.egg-info
[4.375s] running install_scripts
[4.478s] writing list of installed files to '/home/roboracing/Desktop/roboracing-rigatoniv-base/build/launch_robot/install.log'
[4.562s] Invoked command in '/home/roboracing/Desktop/roboracing-rigatoniv-base/launch_robot' returned '0': PYTHONPATH=/home/roboracing/Desktop/roboracing-rigatoniv-base/build/launch_robot/prefix_override:/usr/lib/python3/dist-packages/colcon_core/task/python/colcon_distutils_commands:/home/roboracing/Desktop/roboracing-rigatoniv-base/install/launch_robot/lib/python3.10/site-packages:${PYTHONPATH} /usr/bin/python3 -W ignore:setup.py install is deprecated -W ignore:easy_install command is deprecated setup.py egg_info --egg-base ../build/launch_robot build --build-base /home/roboracing/Desktop/roboracing-rigatoniv-base/build/launch_robot/build install --record /home/roboracing/Desktop/roboracing-rigatoniv-base/build/launch_robot/install.log --single-version-externally-managed install_data
