[0.241s] Invoking command in '/home/roboracing/Desktop/roboracing-rigatoniv-base/build/comms': CMAKE_PREFIX_PATH=${CMAKE_PREFIX_PATH}:/home/roboracing/ros2_humble/install/rqt_bag_plugins:/home/roboracing/ros2_humble/install/rqt_bag:/home/roboracing/ros2_humble/install/launch_testing_examples:/home/roboracing/ros2_humble/install/ros2bag:/home/roboracing/ros2_humble/install/tracetools_test:/home/roboracing/ros2_humble/install/tracetools_launch:/home/roboracing/ros2_humble/install/topic_monitor:/home/roboracing/ros2_humble/install/tf2_tools:/home/roboracing/ros2_humble/install/examples_tf2_py:/home/roboracing/ros2_humble/install/tf2_ros_py:/home/roboracing/ros2_humble/install/sros2:/home/roboracing/ros2_humble/install/rqt_topic:/home/roboracing/ros2_humble/install/rqt_srv:/home/roboracing/ros2_humble/install/rqt_shell:/home/roboracing/ros2_humble/install/rqt_service_caller:/home/roboracing/ros2_humble/install/rqt_reconfigure:/home/roboracing/ros2_humble/install/rqt_py_console:/home/roboracing/ros2_humble/install/rqt_publisher:/home/roboracing/ros2_humble/install/rqt_plot:/home/roboracing/ros2_humble/install/rqt_action:/home/roboracing/ros2_humble/install/rqt_msg:/home/roboracing/ros2_humble/install/rqt_console:/home/roboracing/ros2_humble/install/rqt:/home/roboracing/ros2_humble/install/rqt_graph:/home/roboracing/ros2_humble/install/rqt_gui_py:/home/roboracing/ros2_humble/install/rqt_gui:/home/roboracing/ros2_humble/install/ros2trace:/home/roboracing/ros2_humble/install/ros2topic:/home/roboracing/ros2_humble/install/ros2test:/home/roboracing/ros2_humble/install/ros2component:/home/roboracing/ros2_humble/install/ros2param:/home/roboracing/ros2_humble/install/ros2lifecycle:/home/roboracing/ros2_humble/install/ros2service:/home/roboracing/ros2_humble/install/ros2run:/home/roboracing/ros2_humble/install/ros2launch:/home/roboracing/ros2_humble/install/ros2pkg:/home/roboracing/ros2_humble/install/ros2node:/home/roboracing/ros2_humble/install/ros2multicast:/home/roboracing/ros2_humble/install/ros2interface:/home/roboracing/ros2_humble/install/ros2doctor:/home/roboracing/ros2_humble/install/ros2action:/home/roboracing/ros2_humble/install/ros2cli:/home/roboracing/ros2_humble/install/quality_of_service_demo_py:/home/roboracing/ros2_humble/install/lifecycle_py:/home/roboracing/ros2_humble/install/launch_testing_ros:/home/roboracing/ros2_humble/install/launch_ros:/home/roboracing/ros2_humble/install/examples_rclpy_pointcloud_publisher:/home/roboracing/ros2_humble/install/examples_rclpy_minimal_subscriber:/home/roboracing/ros2_humble/install/examples_rclpy_minimal_service:/home/roboracing/ros2_humble/install/examples_rclpy_minimal_publisher:/home/roboracing/ros2_humble/install/examples_rclpy_minimal_client:/home/roboracing/ros2_humble/install/examples_rclpy_minimal_action_server:/home/roboracing/ros2_humble/install/examples_rclpy_minimal_action_client:/home/roboracing/ros2_humble/install/examples_rclpy_guard_conditions:/home/roboracing/ros2_humble/install/examples_rclpy_executors:/home/roboracing/ros2_humble/install/demo_nodes_py:/home/roboracing/ros2_humble/install/action_tutorials_py:/home/roboracing/ros2_humble/install/ament_uncrustify:/home/roboracing/ros2_humble/install/tracetools_trace:/home/roboracing/ros2_humble/install/tracetools_read:/home/roboracing/ros2_humble/install/test_tracetools_launch:/home/roboracing/ros2_humble/install/test_launch_ros:/home/roboracing/ros2_humble/install/sensor_msgs_py:/home/roboracing/ros2_humble/install/rpyutils:/home/roboracing/ros2_humble/install/rosidl_runtime_py:/home/roboracing/ros2_humble/install/rosidl_cli:/home/roboracing/ros2_humble/install/launch_pytest:/home/roboracing/ros2_humble/install/launch_testing:/home/roboracing/ros2_humble/install/launch_yaml:/home/roboracing/ros2_humble/install/launch_xml:/home/roboracing/ros2_humble/install/launch:/home/roboracing/ros2_humble/install/osrf_pycommon:/home/roboracing/ros2_humble/install/domain_coordinator:/home/roboracing/ros2_humble/install/ament_xmllint:/home/roboracing/ros2_humble/install/ament_pyflakes:/home/roboracing/ros2_humble/install/ament_pycodestyle:/home/roboracing/ros2_humble/install/ament_pep257:/home/roboracing/ros2_humble/install/ament_pclint:/home/roboracing/ros2_humble/install/ament_package:/home/roboracing/ros2_humble/install/ament_mypy:/home/roboracing/ros2_humble/install/ament_lint_cmake:/home/roboracing/ros2_humble/install/ament_flake8:/home/roboracing/ros2_humble/install/ament_copyright:/home/roboracing/ros2_humble/install/ament_lint:/home/roboracing/ros2_humble/install/ament_index_python:/home/roboracing/ros2_humble/install/ament_cpplint:/home/roboracing/ros2_humble/install/ament_cppcheck:/home/roboracing/ros2_humble/install/ament_clang_tidy:/home/roboracing/ros2_humble/install/ament_clang_format:/opt/ros/humble /usr/bin/cmake --build /home/roboracing/Desktop/roboracing-rigatoniv-base/build/comms -- -j6 -l6
[1.589s] [35m[1mConsolidate compiler generated dependencies of target udp[0m
[1.590s] [35m[1mConsolidate compiler generated dependencies of target comms[0m
[1.590s] [35m[1mConsolidate compiler generated dependencies of target ackermann_send[0m
[1.590s] [ 28%] Built target udp
[1.590s] [ 42%] [32mBuilding CXX object CMakeFiles/comms.dir/src/udp_client.cpp.o[0m
[1.591s] [ 71%] Built target ackermann_send
[11.281s] [01m[K/home/roboracing/Desktop/roboracing-rigatoniv-base/comms/src/udp_client.cpp:[m[K In constructor ‘[01m[Kcomms::UDPClient::UDPClient(const rclcpp::NodeOptions&)[m[K’:
[11.282s] [01m[K/home/roboracing/Desktop/roboracing-rigatoniv-base/comms/src/udp_client.cpp:30:67:[m[K [01;31m[Kerror: [m[Kno matching function for call to ‘[01m[Kstd::__cxx11::basic_string<char>::basic_string(time_t&)[m[K’
[11.282s]    30 | / state_log_file_output.open("state_log" + std::string(timest[01;31m[Ka[m[Kmp) + ".txt")
[11.283s]       |                                                              [01;31m[K^[m[K
[11.284s] 
[11.284s] In file included from [01m[K/usr/include/c++/11/string:55[m[K,
[11.284s]                  from [01m[K/usr/include/c++/11/stdexcept:39[m[K,
[11.285s]                  from [01m[K/usr/include/boost/asio/execution/receiver_invocation_error.hpp:19[m[K,
[11.285s]                  from [01m[K/usr/include/boost/asio/execution/detail/as_invocable.hpp:22[m[K,
[11.285s]                  from [01m[K/usr/include/boost/asio/execution/execute.hpp:20[m[K,
[11.285s]                  from [01m[K/usr/include/boost/asio/execution/executor.hpp:20[m[K,
[11.286s]                  from [01m[K/usr/include/boost/asio/associated_executor.hpp:20[m[K,
[11.286s]                  from [01m[K/usr/include/boost/asio.hpp:21[m[K,
[11.286s]                  from [01m[K/home/roboracing/Desktop/roboracing-rigatoniv-base/comms/src/udp_client.cpp:1[m[K:
[11.286s] [01m[K/usr/include/c++/11/bits/basic_string.h:664:9:[m[K [01;36m[Knote: [m[Kcandidate: ‘[01m[Ktemplate<class _Tp, class> std::__cxx11::basic_string<_CharT, _Traits, _Alloc>::basic_string(const _Tp&, const _Alloc&) [with _Tp = _Tp; <template-parameter-2-2> = <template-parameter-1-2>; _CharT = char; _Traits = std::char_traits<char>; _Alloc = std::allocator<char>][m[K’
[11.286s]   664 |         [01;36m[Kbasic_string[m[K(const _Tp& __t, const _Alloc& __a = _Alloc())
[11.287s]       |         [01;36m[K^~~~~~~~~~~~[m[K
[11.287s] [01m[K/usr/include/c++/11/bits/basic_string.h:664:9:[m[K [01;36m[Knote: [m[K  template argument deduction/substitution failed:
[11.287s] In file included from [01m[K/usr/include/c++/11/bits/move.h:57[m[K,
[11.287s]                  from [01m[K/usr/include/c++/11/bits/stl_pair.h:59[m[K,
[11.288s]                  from [01m[K/usr/include/c++/11/bits/stl_algobase.h:64[m[K,
[11.288s]                  from [01m[K/usr/include/c++/11/memory:63[m[K,
[11.288s]                  from [01m[K/usr/include/boost/asio/associated_allocator.hpp:19[m[K,
[11.289s]                  from [01m[K/usr/include/boost/asio.hpp:20[m[K,
[11.289s]                  from [01m[K/home/roboracing/Desktop/roboracing-rigatoniv-base/comms/src/udp_client.cpp:1[m[K:
[11.289s] /usr/include/c++/11/type_traits: In substitution of ‘[01m[Ktemplate<bool _Cond, class _Tp> using enable_if_t = typename std::enable_if::type [with bool _Cond = false; _Tp = void][m[K’:
[11.289s] [01m[K/usr/include/c++/11/bits/basic_string.h:125:8:[m[K   required by substitution of ‘[01m[Ktemplate<class _CharT, class _Traits, class _Alloc> template<class _Tp, class _Res> using _If_sv = std::enable_if_t<std::__and_<std::is_convertible<const _Tp&, std::basic_string_view<_CharT, _Traits> >, std::__not_<std::is_convertible<const _Tp*, const std::__cxx11::basic_string<_CharT, _Traits, _Alloc>*> >, std::__not_<std::is_convertible<const _Tp&, const _CharT*> > >::value, _Res> [with _Tp = long int; _Res = void; _CharT = char; _Traits = std::char_traits<char>; _Alloc = std::allocator<char>][m[K’
[11.289s] [01m[K/usr/include/c++/11/bits/basic_string.h:662:30:[m[K   required from here
[11.290s] [01m[K/usr/include/c++/11/type_traits:2579:11:[m[K [01;31m[Kerror: [m[Kno type named ‘[01m[Ktype[m[K’ in ‘[01m[Kstruct std::enable_if<false, void>[m[K’
[11.290s]  2579 |     using [01;31m[Kenable_if_t[m[K = typename enable_if<_Cond, _Tp>::type;
[11.290s]       |           [01;31m[K^~~~~~~~~~~[m[K
[11.290s] In file included from [01m[K/usr/include/c++/11/string:55[m[K,
[11.290s]                  from [01m[K/usr/include/c++/11/stdexcept:39[m[K,
[11.291s]                  from [01m[K/usr/include/boost/asio/execution/receiver_invocation_error.hpp:19[m[K,
[11.291s]                  from [01m[K/usr/include/boost/asio/execution/detail/as_invocable.hpp:22[m[K,
[11.291s]                  from [01m[K/usr/include/boost/asio/execution/execute.hpp:20[m[K,
[11.291s]                  from [01m[K/usr/include/boost/asio/execution/executor.hpp:20[m[K,
[11.291s]                  from [01m[K/usr/include/boost/asio/associated_executor.hpp:20[m[K,
[11.291s]                  from [01m[K/usr/include/boost/asio.hpp:21[m[K,
[11.291s]                  from [01m[K/home/roboracing/Desktop/roboracing-rigatoniv-base/comms/src/udp_client.cpp:1[m[K:
[11.292s] [01m[K/usr/include/c++/11/bits/basic_string.h:653:9:[m[K [01;36m[Knote: [m[Kcandidate: ‘[01m[Ktemplate<class _Tp, class> std::__cxx11::basic_string<_CharT, _Traits, _Alloc>::basic_string(const _Tp&, std::__cxx11::basic_string<_CharT, _Traits, _Alloc>::size_type, std::__cxx11::basic_string<_CharT, _Traits, _Alloc>::size_type, const _Alloc&) [with _Tp = _Tp; <template-parameter-2-2> = <template-parameter-1-2>; _CharT = char; _Traits = std::char_traits<char>; _Alloc = std::allocator<char>][m[K’
[11.292s]   653 |         [01;36m[Kbasic_string[m[K(const _Tp& __t, size_type __pos, size_type __n,
[11.292s]       |         [01;36m[K^~~~~~~~~~~~[m[K
[11.292s] [01m[K/usr/include/c++/11/bits/basic_string.h:653:9:[m[K [01;36m[Knote: [m[K  template argument deduction/substitution failed:
[11.292s] [01m[K/home/roboracing/Desktop/roboracing-rigatoniv-base/comms/src/udp_client.cpp:30:67:[m[K [01;36m[Knote: [m[K  candidate expects 4 arguments, 1 provided
[11.292s]    30 | / state_log_file_output.open("state_log" + std::string(timest[01;36m[Ka[m[Kmp) + ".txt")
[11.292s]       |                                                              [01;36m[K^[m[K
[11.292s] 
[11.292s] In file included from [01m[K/usr/include/c++/11/string:55[m[K,
[11.293s]                  from [01m[K/usr/include/c++/11/stdexcept:39[m[K,
[11.293s]                  from [01m[K/usr/include/boost/asio/execution/receiver_invocation_error.hpp:19[m[K,
[11.293s]                  from [01m[K/usr/include/boost/asio/execution/detail/as_invocable.hpp:22[m[K,
[11.293s]                  from [01m[K/usr/include/boost/asio/execution/execute.hpp:20[m[K,
[11.293s]                  from [01m[K/usr/include/boost/asio/execution/executor.hpp:20[m[K,
[11.293s]                  from [01m[K/usr/include/boost/asio/associated_executor.hpp:20[m[K,
[11.293s]                  from [01m[K/usr/include/boost/asio.hpp:21[m[K,
[11.294s]                  from [01m[K/home/roboracing/Desktop/roboracing-rigatoniv-base/comms/src/udp_client.cpp:1[m[K:
[11.294s] [01m[K/usr/include/c++/11/bits/basic_string.h:638:9:[m[K [01;36m[Knote: [m[Kcandidate: ‘[01m[Ktemplate<class _InputIterator, class> std::__cxx11::basic_string<_CharT, _Traits, _Alloc>::basic_string(_InputIterator, _InputIterator, const _Alloc&) [with _InputIterator = _InputIterator; <template-parameter-2-2> = <template-parameter-1-2>; _CharT = char; _Traits = std::char_traits<char>; _Alloc = std::allocator<char>][m[K’
[11.296s]   638 |         [01;36m[Kbasic_string[m[K(_InputIterator __beg, _InputIterator __end,
[11.296s]       |         [01;36m[K^~~~~~~~~~~~[m[K
[11.296s] [01m[K/usr/include/c++/11/bits/basic_string.h:638:9:[m[K [01;36m[Knote: [m[K  template argument deduction/substitution failed:
[11.297s] [01m[K/home/roboracing/Desktop/roboracing-rigatoniv-base/comms/src/udp_client.cpp:30:67:[m[K [01;36m[Knote: [m[K  candidate expects 3 arguments, 1 provided
[11.297s]    30 | / state_log_file_output.open("state_log" + std::string(timest[01;36m[Ka[m[Kmp) + ".txt")
[11.297s]       |                                                              [01;36m[K^[m[K
[11.297s] 
[11.298s] In file included from [01m[K/usr/include/c++/11/string:55[m[K,
[11.298s]                  from [01m[K/usr/include/c++/11/stdexcept:39[m[K,
[11.298s]                  from [01m[K/usr/include/boost/asio/execution/receiver_invocation_error.hpp:19[m[K,
[11.298s]                  from [01m[K/usr/include/boost/asio/execution/detail/as_invocable.hpp:22[m[K,
[11.298s]                  from [01m[K/usr/include/boost/asio/execution/execute.hpp:20[m[K,
[11.299s]                  from [01m[K/usr/include/boost/asio/execution/executor.hpp:20[m[K,
[11.299s]                  from [01m[K/usr/include/boost/asio/associated_executor.hpp:20[m[K,
[11.299s]                  from [01m[K/usr/include/boost/asio.hpp:21[m[K,
[11.299s]                  from [01m[K/home/roboracing/Desktop/roboracing-rigatoniv-base/comms/src/udp_client.cpp:1[m[K:
[11.299s] [01m[K/usr/include/c++/11/bits/basic_string.h:553:7:[m[K [01;36m[Knote: [m[Kcandidate: ‘[01m[Ktemplate<class> std::__cxx11::basic_string<_CharT, _Traits, _Alloc>::basic_string(std::__cxx11::basic_string<_CharT, _Traits, _Alloc>::size_type, _CharT, const _Alloc&) [with <template-parameter-2-1> = <template-parameter-1-1>; _CharT = char; _Traits = std::char_traits<char>; _Alloc = std::allocator<char>][m[K’
[11.300s]   553 |       [01;36m[Kbasic_string[m[K(size_type __n, _CharT __c, const _Alloc& __a = _Alloc())
[11.300s]       |       [01;36m[K^~~~~~~~~~~~[m[K
[11.300s] [01m[K/usr/include/c++/11/bits/basic_string.h:553:7:[m[K [01;36m[Knote: [m[K  template argument deduction/substitution failed:
[11.300s] [01m[K/home/roboracing/Desktop/roboracing-rigatoniv-base/comms/src/udp_client.cpp:30:67:[m[K [01;36m[Knote: [m[K  candidate expects 3 arguments, 1 provided
[11.300s]    30 | / state_log_file_output.open("state_log" + std::string(timest[01;36m[Ka[m[Kmp) + ".txt")
[11.300s]       |                                                              [01;36m[K^[m[K
[11.300s] 
[11.300s] In file included from [01m[K/usr/include/c++/11/string:55[m[K,
[11.301s]                  from [01m[K/usr/include/c++/11/stdexcept:39[m[K,
[11.301s]                  from [01m[K/usr/include/boost/asio/execution/receiver_invocation_error.hpp:19[m[K,
[11.301s]                  from [01m[K/usr/include/boost/asio/execution/detail/as_invocable.hpp:22[m[K,
[11.301s]                  from [01m[K/usr/include/boost/asio/execution/execute.hpp:20[m[K,
[11.301s]                  from [01m[K/usr/include/boost/asio/execution/executor.hpp:20[m[K,
[11.301s]                  from [01m[K/usr/include/boost/asio/associated_executor.hpp:20[m[K,
[11.301s]                  from [01m[K/usr/include/boost/asio.hpp:21[m[K,
[11.301s]                  from [01m[K/home/roboracing/Desktop/roboracing-rigatoniv-base/comms/src/udp_client.cpp:1[m[K:
[11.302s] [01m[K/usr/include/c++/11/bits/basic_string.h:533:7:[m[K [01;36m[Knote: [m[Kcandidate: ‘[01m[Ktemplate<class> std::__cxx11::basic_string<_CharT, _Traits, _Alloc>::basic_string(const _CharT*, const _Alloc&) [with <template-parameter-2-1> = <template-parameter-1-1>; _CharT = char; _Traits = std::char_traits<char>; _Alloc = std::allocator<char>][m[K’
[11.302s]   533 |       [01;36m[Kbasic_string[m[K(const _CharT* __s, const _Alloc& __a = _Alloc())
[11.302s]       |       [01;36m[K^~~~~~~~~~~~[m[K
[11.302s] [01m[K/usr/include/c++/11/bits/basic_string.h:533:7:[m[K [01;36m[Knote: [m[K  template argument deduction/substitution failed:
[11.302s] [01m[K/home/roboracing/Desktop/roboracing-rigatoniv-base/comms/src/udp_client.cpp:30:58:[m[K [01;36m[Knote: [m[K  cannot convert ‘[01m[Ktimestamp[m[K’ (type ‘[01m[Ktime_t[m[K’ {aka ‘[01m[Klong int[m[K’}) to type ‘[01m[Kconst char*[m[K’
[11.302s]    30 |     // state_log_file_output.open("state_log" + std::stri[01;36m[Kng(timest[m[Kamp) + ".txt")
[11.302s]       |                                                          [01;36m[K^~~~~~~~~[m[K
[11.302s] In file included from [01m[K/usr/include/c++/11/string:55[m[K,
[11.302s]                  from [01m[K/usr/include/c++/11/stdexcept:39[m[K,
[11.303s]                  from [01m[K/usr/include/boost/asio/execution/receiver_invocation_error.hpp:19[m[K,
[11.303s]                  from [01m[K/usr/include/boost/asio/execution/detail/as_invocable.hpp:22[m[K,
[11.303s]                  from [01m[K/usr/include/boost/asio/execution/execute.hpp:20[m[K,
[11.303s]                  from [01m[K/usr/include/boost/asio/execution/executor.hpp:20[m[K,
[11.303s]                  from [01m[K/usr/include/boost/asio/associated_executor.hpp:20[m[K,
[11.304s]                  from [01m[K/usr/include/boost/asio.hpp:21[m[K,
[11.304s]                  from [01m[K/home/roboracing/Desktop/roboracing-rigatoniv-base/comms/src/udp_client.cpp:1[m[K:
[11.304s] [01m[K/usr/include/c++/11/bits/basic_string.h:600:7:[m[K [01;36m[Knote: [m[Kcandidate: ‘[01m[Kstd::__cxx11::basic_string<_CharT, _Traits, _Alloc>::basic_string(std::__cxx11::basic_string<_CharT, _Traits, _Alloc>&&, const _Alloc&) [with _CharT = char; _Traits = std::char_traits<char>; _Alloc = std::allocator<char>][m[K’
[11.304s]   600 |       [01;36m[Kbasic_string[m[K(basic_string&& __str, const _Alloc& __a)
[11.304s]       |       [01;36m[K^~~~~~~~~~~~[m[K
[11.305s] [01m[K/usr/include/c++/11/bits/basic_string.h:600:7:[m[K [01;36m[Knote: [m[K  candidate expects 2 arguments, 1 provided
[11.305s] [01m[K/usr/include/c++/11/bits/basic_string.h:596:7:[m[K [01;36m[Knote: [m[Kcandidate: ‘[01m[Kstd::__cxx11::basic_string<_CharT, _Traits, _Alloc>::basic_string(const std::__cxx11::basic_string<_CharT, _Traits, _Alloc>&, const _Alloc&) [with _CharT = char; _Traits = std::char_traits<char>; _Alloc = std::allocator<char>][m[K’
[11.306s]   596 |       [01;36m[Kbasic_string[m[K(const basic_string& __str, const _Alloc& __a)
[11.306s]       |       [01;36m[K^~~~~~~~~~~~[m[K
[11.307s] [01m[K/usr/include/c++/11/bits/basic_string.h:596:7:[m[K [01;36m[Knote: [m[K  candidate expects 2 arguments, 1 provided
[11.307s] [01m[K/usr/include/c++/11/bits/basic_string.h:592:7:[m[K [01;36m[Knote: [m[Kcandidate: ‘[01m[Kstd::__cxx11::basic_string<_CharT, _Traits, _Alloc>::basic_string(std::initializer_list<_Tp>, const _Alloc&) [with _CharT = char; _Traits = std::char_traits<char>; _Alloc = std::allocator<char>][m[K’
[11.307s]   592 |       [01;36m[Kbasic_string[m[K(initializer_list<_CharT> __l, const _Alloc& __a = _Alloc())
[11.307s]       |       [01;36m[K^~~~~~~~~~~~[m[K
[11.307s] [01m[K/usr/include/c++/11/bits/basic_string.h:592:45:[m[K [01;36m[Knote: [m[K  no known conversion for argument 1 from ‘[01m[Ktime_t[m[K’ {aka ‘[01m[Klong int[m[K’} to ‘[01m[Kstd::initializer_list<char>[m[K’
[11.307s]   592 |       basic_string([01;36m[Kinitializer_list<_CharT> __l[m[K, const _Alloc& __a = _Alloc())
[11.308s]       |                    [01;36m[K~~~~~~~~~~~~~~~~~~~~~~~~~^~~[m[K
[11.308s] [01m[K/usr/include/c++/11/bits/basic_string.h:565:7:[m[K [01;36m[Knote: [m[Kcandidate: ‘[01m[Kstd::__cxx11::basic_string<_CharT, _Traits, _Alloc>::basic_string(std::__cxx11::basic_string<_CharT, _Traits, _Alloc>&&) [with _CharT = char; _Traits = std::char_traits<char>; _Alloc = std::allocator<char>][m[K’
[11.308s]   565 |       [01;36m[Kbasic_string[m[K(basic_string&& __str) noexcept
[11.308s]       |       [01;36m[K^~~~~~~~~~~~[m[K
[11.308s] [01m[K/usr/include/c++/11/bits/basic_string.h:565:35:[m[K [01;36m[Knote: [m[K  no known conversion for argument 1 from ‘[01m[Ktime_t[m[K’ {aka ‘[01m[Klong int[m[K’} to ‘[01m[Kstd::__cxx11::basic_string<char>&&[m[K’
[11.308s]   565 |       basic_string([01;36m[Kbasic_string&& __str[m[K) noexcept
[11.308s]       |                    [01;36m[K~~~~~~~~~~~~~~~^~~~~[m[K
[11.308s] [01m[K/usr/include/c++/11/bits/basic_string.h:518:7:[m[K [01;36m[Knote: [m[Kcandidate: ‘[01m[Kstd::__cxx11::basic_string<_CharT, _Traits, _Alloc>::basic_string(const _CharT*, std::__cxx11::basic_string<_CharT, _Traits, _Alloc>::size_type, const _Alloc&) [with _CharT = char; _Traits = std::char_traits<char>; _Alloc = std::allocator<char>; std::__cxx11::basic_string<_CharT, _Traits, _Alloc>::size_type = long unsigned int][m[K’
[11.309s]   518 |       [01;36m[Kbasic_string[m[K(const _CharT* __s, size_type __n,
[11.309s]       |       [01;36m[K^~~~~~~~~~~~[m[K
[11.309s] [01m[K/usr/include/c++/11/bits/basic_string.h:518:7:[m[K [01;36m[Knote: [m[K  candidate expects 3 arguments, 1 provided
[11.309s] [01m[K/usr/include/c++/11/bits/basic_string.h:500:7:[m[K [01;36m[Knote: [m[Kcandidate: ‘[01m[Kstd::__cxx11::basic_string<_CharT, _Traits, _Alloc>::basic_string(const std::__cxx11::basic_string<_CharT, _Traits, _Alloc>&, std::__cxx11::basic_string<_CharT, _Traits, _Alloc>::size_type, std::__cxx11::basic_string<_CharT, _Traits, _Alloc>::size_type, const _Alloc&) [with _CharT = char; _Traits = std::char_traits<char>; _Alloc = std::allocator<char>; std::__cxx11::basic_string<_CharT, _Traits, _Alloc>::size_type = long unsigned int][m[K’
[11.309s]   500 |       [01;36m[Kbasic_string[m[K(const basic_string& __str, size_type __pos,
[11.309s]       |       [01;36m[K^~~~~~~~~~~~[m[K
[11.309s] [01m[K/usr/include/c++/11/bits/basic_string.h:500:7:[m[K [01;36m[Knote: [m[K  candidate expects 4 arguments, 1 provided
[11.310s] [01m[K/usr/include/c++/11/bits/basic_string.h:484:7:[m[K [01;36m[Knote: [m[Kcandidate: ‘[01m[Kstd::__cxx11::basic_string<_CharT, _Traits, _Alloc>::basic_string(const std::__cxx11::basic_string<_CharT, _Traits, _Alloc>&, std::__cxx11::basic_string<_CharT, _Traits, _Alloc>::size_type, std::__cxx11::basic_string<_CharT, _Traits, _Alloc>::size_type) [with _CharT = char; _Traits = std::char_traits<char>; _Alloc = std::allocator<char>; std::__cxx11::basic_string<_CharT, _Traits, _Alloc>::size_type = long unsigned int][m[K’
[11.310s]   484 |       [01;36m[Kbasic_string[m[K(const basic_string& __str, size_type __pos,
[11.310s]       |       [01;36m[K^~~~~~~~~~~~[m[K
[11.310s] [01m[K/usr/include/c++/11/bits/basic_string.h:484:7:[m[K [01;36m[Knote: [m[K  candidate expects 3 arguments, 1 provided
[11.310s] [01m[K/usr/include/c++/11/bits/basic_string.h:469:7:[m[K [01;36m[Knote: [m[Kcandidate: ‘[01m[Kstd::__cxx11::basic_string<_CharT, _Traits, _Alloc>::basic_string(const std::__cxx11::basic_string<_CharT, _Traits, _Alloc>&, std::__cxx11::basic_string<_CharT, _Traits, _Alloc>::size_type, const _Alloc&) [with _CharT = char; _Traits = std::char_traits<char>; _Alloc = std::allocator<char>; std::__cxx11::basic_string<_CharT, _Traits, _Alloc>::size_type = long unsigned int][m[K’
[11.311s]   469 |       [01;36m[Kbasic_string[m[K(const basic_string& __str, size_type __pos,
[11.311s]       |       [01;36m[K^~~~~~~~~~~~[m[K
[11.311s] [01m[K/usr/include/c++/11/bits/basic_string.h:469:7:[m[K [01;36m[Knote: [m[K  candidate expects 3 arguments, 1 provided
[11.311s] [01m[K/usr/include/c++/11/bits/basic_string.h:456:7:[m[K [01;36m[Knote: [m[Kcandidate: ‘[01m[Kstd::__cxx11::basic_string<_CharT, _Traits, _Alloc>::basic_string(const std::__cxx11::basic_string<_CharT, _Traits, _Alloc>&) [with _CharT = char; _Traits = std::char_traits<char>; _Alloc = std::allocator<char>][m[K’
[11.311s]   456 |       [01;36m[Kbasic_string[m[K(const basic_string& __str)
[11.312s]       |       [01;36m[K^~~~~~~~~~~~[m[K
[11.312s] [01m[K/usr/include/c++/11/bits/basic_string.h:456:40:[m[K [01;36m[Knote: [m[K  no known conversion for argument 1 from ‘[01m[Ktime_t[m[K’ {aka ‘[01m[Klong int[m[K’} to ‘[01m[Kconst std::__cxx11::basic_string<char>&[m[K’
[11.312s]   456 |       basic_string([01;36m[Kconst basic_string& __str[m[K)
[11.312s]       |                    [01;36m[K~~~~~~~~~~~~~~~~~~~~^~~~~[m[K
[11.313s] [01m[K/usr/include/c++/11/bits/basic_string.h:448:7:[m[K [01;36m[Knote: [m[Kcandidate: ‘[01m[Kstd::__cxx11::basic_string<_CharT, _Traits, _Alloc>::basic_string(const _Alloc&) [with _CharT = char; _Traits = std::char_traits<char>; _Alloc = std::allocator<char>][m[K’
[11.313s]   448 |       [01;36m[Kbasic_string[m[K(const _Alloc& __a) _GLIBCXX_NOEXCEPT
[11.313s]       |       [01;36m[K^~~~~~~~~~~~[m[K
[11.313s] [01m[K/usr/include/c++/11/bits/basic_string.h:448:34:[m[K [01;36m[Knote: [m[K  no known conversion for argument 1 from ‘[01m[Ktime_t[m[K’ {aka ‘[01m[Klong int[m[K’} to ‘[01m[Kconst std::allocator<char>&[m[K’
[11.313s]   448 |       basic_string([01;36m[Kconst _Alloc& __a[m[K) _GLIBCXX_NOEXCEPT
[11.313s]       |                    [01;36m[K~~~~~~~~~~~~~~^~~[m[K
[11.314s] [01m[K/usr/include/c++/11/bits/basic_string.h:439:7:[m[K [01;36m[Knote: [m[Kcandidate: ‘[01m[Kstd::__cxx11::basic_string<_CharT, _Traits, _Alloc>::basic_string() [with _CharT = char; _Traits = std::char_traits<char>; _Alloc = std::allocator<char>][m[K’
[11.314s]   439 |       [01;36m[Kbasic_string[m[K()
[11.314s]       |       [01;36m[K^~~~~~~~~~~~[m[K
[11.314s] [01m[K/usr/include/c++/11/bits/basic_string.h:439:7:[m[K [01;36m[Knote: [m[K  candidate expects 0 arguments, 1 provided
[11.314s] [01m[K/usr/include/c++/11/bits/basic_string.h:153:7:[m[K [01;36m[Knote: [m[Kcandidate: ‘[01m[Kstd::__cxx11::basic_string<_CharT, _Traits, _Alloc>::basic_string(std::__cxx11::basic_string<_CharT, _Traits, _Alloc>::__sv_wrapper, const _Alloc&) [with _CharT = char; _Traits = std::char_traits<char>; _Alloc = std::allocator<char>][m[K’
[11.315s]   153 |       [01;36m[Kbasic_string[m[K(__sv_wrapper __svw, const _Alloc& __a)
[11.315s]       |       [01;36m[K^~~~~~~~~~~~[m[K
[11.315s] [01m[K/usr/include/c++/11/bits/basic_string.h:153:7:[m[K [01;36m[Knote: [m[K  candidate expects 2 arguments, 1 provided
[17.233s] gmake[2]: *** [CMakeFiles/comms.dir/build.make:76: CMakeFiles/comms.dir/src/udp_client.cpp.o] Error 1
[17.233s] gmake[1]: *** [CMakeFiles/Makefile2:141: CMakeFiles/comms.dir/all] Error 2
[17.234s] gmake: *** [Makefile:146: all] Error 2
[17.239s] Invoked command in '/home/roboracing/Desktop/roboracing-rigatoniv-base/build/comms' returned '2': CMAKE_PREFIX_PATH=${CMAKE_PREFIX_PATH}:/home/roboracing/ros2_humble/install/rqt_bag_plugins:/home/roboracing/ros2_humble/install/rqt_bag:/home/roboracing/ros2_humble/install/launch_testing_examples:/home/roboracing/ros2_humble/install/ros2bag:/home/roboracing/ros2_humble/install/tracetools_test:/home/roboracing/ros2_humble/install/tracetools_launch:/home/roboracing/ros2_humble/install/topic_monitor:/home/roboracing/ros2_humble/install/tf2_tools:/home/roboracing/ros2_humble/install/examples_tf2_py:/home/roboracing/ros2_humble/install/tf2_ros_py:/home/roboracing/ros2_humble/install/sros2:/home/roboracing/ros2_humble/install/rqt_topic:/home/roboracing/ros2_humble/install/rqt_srv:/home/roboracing/ros2_humble/install/rqt_shell:/home/roboracing/ros2_humble/install/rqt_service_caller:/home/roboracing/ros2_humble/install/rqt_reconfigure:/home/roboracing/ros2_humble/install/rqt_py_console:/home/roboracing/ros2_humble/install/rqt_publisher:/home/roboracing/ros2_humble/install/rqt_plot:/home/roboracing/ros2_humble/install/rqt_action:/home/roboracing/ros2_humble/install/rqt_msg:/home/roboracing/ros2_humble/install/rqt_console:/home/roboracing/ros2_humble/install/rqt:/home/roboracing/ros2_humble/install/rqt_graph:/home/roboracing/ros2_humble/install/rqt_gui_py:/home/roboracing/ros2_humble/install/rqt_gui:/home/roboracing/ros2_humble/install/ros2trace:/home/roboracing/ros2_humble/install/ros2topic:/home/roboracing/ros2_humble/install/ros2test:/home/roboracing/ros2_humble/install/ros2component:/home/roboracing/ros2_humble/install/ros2param:/home/roboracing/ros2_humble/install/ros2lifecycle:/home/roboracing/ros2_humble/install/ros2service:/home/roboracing/ros2_humble/install/ros2run:/home/roboracing/ros2_humble/install/ros2launch:/home/roboracing/ros2_humble/install/ros2pkg:/home/roboracing/ros2_humble/install/ros2node:/home/roboracing/ros2_humble/install/ros2multicast:/home/roboracing/ros2_humble/install/ros2interface:/home/roboracing/ros2_humble/install/ros2doctor:/home/roboracing/ros2_humble/install/ros2action:/home/roboracing/ros2_humble/install/ros2cli:/home/roboracing/ros2_humble/install/quality_of_service_demo_py:/home/roboracing/ros2_humble/install/lifecycle_py:/home/roboracing/ros2_humble/install/launch_testing_ros:/home/roboracing/ros2_humble/install/launch_ros:/home/roboracing/ros2_humble/install/examples_rclpy_pointcloud_publisher:/home/roboracing/ros2_humble/install/examples_rclpy_minimal_subscriber:/home/roboracing/ros2_humble/install/examples_rclpy_minimal_service:/home/roboracing/ros2_humble/install/examples_rclpy_minimal_publisher:/home/roboracing/ros2_humble/install/examples_rclpy_minimal_client:/home/roboracing/ros2_humble/install/examples_rclpy_minimal_action_server:/home/roboracing/ros2_humble/install/examples_rclpy_minimal_action_client:/home/roboracing/ros2_humble/install/examples_rclpy_guard_conditions:/home/roboracing/ros2_humble/install/examples_rclpy_executors:/home/roboracing/ros2_humble/install/demo_nodes_py:/home/roboracing/ros2_humble/install/action_tutorials_py:/home/roboracing/ros2_humble/install/ament_uncrustify:/home/roboracing/ros2_humble/install/tracetools_trace:/home/roboracing/ros2_humble/install/tracetools_read:/home/roboracing/ros2_humble/install/test_tracetools_launch:/home/roboracing/ros2_humble/install/test_launch_ros:/home/roboracing/ros2_humble/install/sensor_msgs_py:/home/roboracing/ros2_humble/install/rpyutils:/home/roboracing/ros2_humble/install/rosidl_runtime_py:/home/roboracing/ros2_humble/install/rosidl_cli:/home/roboracing/ros2_humble/install/launch_pytest:/home/roboracing/ros2_humble/install/launch_testing:/home/roboracing/ros2_humble/install/launch_yaml:/home/roboracing/ros2_humble/install/launch_xml:/home/roboracing/ros2_humble/install/launch:/home/roboracing/ros2_humble/install/osrf_pycommon:/home/roboracing/ros2_humble/install/domain_coordinator:/home/roboracing/ros2_humble/install/ament_xmllint:/home/roboracing/ros2_humble/install/ament_pyflakes:/home/roboracing/ros2_humble/install/ament_pycodestyle:/home/roboracing/ros2_humble/install/ament_pep257:/home/roboracing/ros2_humble/install/ament_pclint:/home/roboracing/ros2_humble/install/ament_package:/home/roboracing/ros2_humble/install/ament_mypy:/home/roboracing/ros2_humble/install/ament_lint_cmake:/home/roboracing/ros2_humble/install/ament_flake8:/home/roboracing/ros2_humble/install/ament_copyright:/home/roboracing/ros2_humble/install/ament_lint:/home/roboracing/ros2_humble/install/ament_index_python:/home/roboracing/ros2_humble/install/ament_cpplint:/home/roboracing/ros2_humble/install/ament_cppcheck:/home/roboracing/ros2_humble/install/ament_clang_tidy:/home/roboracing/ros2_humble/install/ament_clang_format:/opt/ros/humble /usr/bin/cmake --build /home/roboracing/Desktop/roboracing-rigatoniv-base/build/comms -- -j6 -l6
