[ 20%] Built target video
[ 40%] Built target cone
[ 60%] Built target line
[100%] Built target vision
-- Install configuration: ""
-- Up-to-date: /home/roboracing/Desktop/roboracing-rigatoniv-base/install/vision/lib/libvision.so
-- Up-to-date: /home/roboracing/Desktop/roboracing-rigatoniv-base/install/vision/lib/vision/cone
-- Up-to-date: /home/roboracing/Desktop/roboracing-rigatoniv-base/install/vision/lib/vision/line
-- Up-to-date: /home/roboracing/Desktop/roboracing-rigatoniv-base/install/vision/lib/vision/video
-- Up-to-date: /home/roboracing/Desktop/roboracing-rigatoniv-base/install/vision/share/vision//launch
-- Up-to-date: /home/roboracing/Desktop/roboracing-rigatoniv-base/install/vision/share/vision//launch/vision_launch.py
-- Up-to-date: /home/roboracing/Desktop/roboracing-rigatoniv-base/install/vision/share/ament_index/resource_index/package_run_dependencies/vision
-- Up-to-date: /home/roboracing/Desktop/roboracing-rigatoniv-base/install/vision/share/ament_index/resource_index/parent_prefix_path/vision
-- Up-to-date: /home/roboracing/Desktop/roboracing-rigatoniv-base/install/vision/share/vision/environment/ament_prefix_path.dsv
-- Up-to-date: /home/roboracing/Desktop/roboracing-rigatoniv-base/install/vision/share/vision/environment/path.dsv
-- Up-to-date: /home/roboracing/Desktop/roboracing-rigatoniv-base/install/vision/share/vision/local_setup.bash
-- Up-to-date: /home/roboracing/Desktop/roboracing-rigatoniv-base/install/vision/share/vision/local_setup.sh
-- Up-to-date: /home/roboracing/Desktop/roboracing-rigatoniv-base/install/vision/share/vision/local_setup.zsh
-- Up-to-date: /home/roboracing/Desktop/roboracing-rigatoniv-base/install/vision/share/vision/local_setup.dsv
-- Installing: /home/roboracing/Desktop/roboracing-rigatoniv-base/install/vision/share/vision/package.dsv
-- Up-to-date: /home/roboracing/Desktop/roboracing-rigatoniv-base/install/vision/share/ament_index/resource_index/packages/vision
-- Up-to-date: /home/roboracing/Desktop/roboracing-rigatoniv-base/install/vision/share/ament_index/resource_index/rclcpp_components/vision
-- Up-to-date: /home/roboracing/Desktop/roboracing-rigatoniv-base/install/vision/share/vision/cmake/visionConfig.cmake
-- Up-to-date: /home/roboracing/Desktop/roboracing-rigatoniv-base/install/vision/share/vision/cmake/visionConfig-version.cmake
-- Up-to-date: /home/roboracing/Desktop/roboracing-rigatoniv-base/install/vision/share/vision/package.xml
