[3.926s] Invoking command in '/home/roboracing/Desktop/roboracing-rigatoniv-base/launch_robot': PYTHONPATH=/home/roboracing/Desktop/roboracing-rigatoniv-base/build/launch_robot/prefix_override:/usr/lib/python3/dist-packages/colcon_core/task/python/colcon_distutils_commands:/home/roboracing/Desktop/roboracing-rigatoniv-base/install/launch_robot/lib/python3.10/site-packages:${PYTHONPATH} /usr/bin/python3 -W ignore:setup.py install is deprecated -W ignore:easy_install command is deprecated setup.py egg_info --egg-base ../build/launch_robot build --build-base /home/roboracing/Desktop/roboracing-rigatoniv-base/build/launch_robot/build install --record /home/roboracing/Desktop/roboracing-rigatoniv-base/build/launch_robot/install.log --single-version-externally-managed install_data
[5.123s] running egg_info
[5.125s] writing ../build/launch_robot/launch_robot.egg-info/PKG-INFO
[5.125s] writing dependency_links to ../build/launch_robot/launch_robot.egg-info/dependency_links.txt
[5.126s] writing entry points to ../build/launch_robot/launch_robot.egg-info/entry_points.txt
[5.126s] writing requirements to ../build/launch_robot/launch_robot.egg-info/requires.txt
[5.126s] writing top-level names to ../build/launch_robot/launch_robot.egg-info/top_level.txt
[5.131s] reading manifest file '../build/launch_robot/launch_robot.egg-info/SOURCES.txt'
[5.131s] adding license file 'LICENSE'
[5.132s] writing manifest file '../build/launch_robot/launch_robot.egg-info/SOURCES.txt'
[5.133s] running build
[5.133s] running build_py
[5.134s] running install
[5.134s] running install_lib
[5.143s] running install_data
[5.143s] running install_egg_info
[5.152s] removing '/home/roboracing/Desktop/roboracing-rigatoniv-base/install/launch_robot/lib/python3.10/site-packages/launch_robot-0.0.0-py3.10.egg-info' (and everything under it)
[5.154s] Copying ../build/launch_robot/launch_robot.egg-info to /home/roboracing/Desktop/roboracing-rigatoniv-base/install/launch_robot/lib/python3.10/site-packages/launch_robot-0.0.0-py3.10.egg-info
[5.155s] running install_scripts
[5.256s] writing list of installed files to '/home/roboracing/Desktop/roboracing-rigatoniv-base/build/launch_robot/install.log'
[5.335s] Invoked command in '/home/roboracing/Desktop/roboracing-rigatoniv-base/launch_robot' returned '0': PYTHONPATH=/home/roboracing/Desktop/roboracing-rigatoniv-base/build/launch_robot/prefix_override:/usr/lib/python3/dist-packages/colcon_core/task/python/colcon_distutils_commands:/home/roboracing/Desktop/roboracing-rigatoniv-base/install/launch_robot/lib/python3.10/site-packages:${PYTHONPATH} /usr/bin/python3 -W ignore:setup.py install is deprecated -W ignore:easy_install command is deprecated setup.py egg_info --egg-base ../build/launch_robot build --build-base /home/roboracing/Desktop/roboracing-rigatoniv-base/build/launch_robot/build install --record /home/roboracing/Desktop/roboracing-rigatoniv-base/build/launch_robot/install.log --single-version-externally-managed install_data
