-- The C compiler identification is GNU 11.4.0
-- The CXX compiler identification is GNU 11.4.0
-- Detecting C compiler ABI info
-- Detecting C compiler ABI info - done
-- Check for working C compiler: /usr/bin/cc - skipped
-- Detecting C compile features
-- Detecting C compile features - done
-- Detecting CXX compiler ABI info
-- Detecting CXX compiler ABI info - done
-- Check for working CXX compiler: /usr/bin/c++ - skipped
-- Detecting CXX compile features
-- Detecting CXX compile features - done
-- Found ament_cmake: 1.3.10 (/home/roboracing/ros2_humble/install/ament_cmake/share/ament_cmake/cmake)
-- Found Python3: /usr/bin/python3 (found version "3.10.12") found components: Interpreter 
-- Found rclcpp: 16.0.10 (/home/roboracing/ros2_humble/install/rclcpp/share/rclcpp/cmake)
-- Found rosidl_generator_c: 3.1.5 (/home/roboracing/ros2_humble/install/rosidl_generator_c/share/rosidl_generator_c/cmake)
-- Found rosidl_adapter: 3.1.5 (/home/roboracing/ros2_humble/install/rosidl_adapter/share/rosidl_adapter/cmake)
-- Found rosidl_generator_cpp: 3.1.5 (/home/roboracing/ros2_humble/install/rosidl_generator_cpp/share/rosidl_generator_cpp/cmake)
-- Using all available rosidl_typesupport_c: rosidl_typesupport_introspection_c;rosidl_typesupport_fastrtps_c
-- Using all available rosidl_typesupport_cpp: rosidl_typesupport_introspection_cpp;rosidl_typesupport_fastrtps_cpp
-- Found rmw_implementation_cmake: 6.1.2 (/home/roboracing/ros2_humble/install/rmw_implementation_cmake/share/rmw_implementation_cmake/cmake)
-- Found rmw_fastrtps_cpp: 6.2.7 (/home/roboracing/ros2_humble/install/rmw_fastrtps_cpp/share/rmw_fastrtps_cpp/cmake)
-- Found OpenSSL: /usr/lib/aarch64-linux-gnu/libcrypto.so (found version "3.0.2")  
-- Found FastRTPS: /home/roboracing/ros2_humble/install/fastrtps/include  
-- Using RMW implementation 'rmw_fastrtps_cpp' as default
-- Looking for pthread.h
-- Looking for pthread.h - found
-- Performing Test CMAKE_HAVE_LIBC_PTHREAD
-- Performing Test CMAKE_HAVE_LIBC_PTHREAD - Success
-- Found Threads: TRUE  
-- Found rclcpp_components: 16.0.10 (/home/roboracing/ros2_humble/install/rclcpp_components/share/rclcpp_components/cmake)
-- Found sensor_msgs: 4.2.4 (/home/roboracing/ros2_humble/install/sensor_msgs/share/sensor_msgs/cmake)
-- Found cv_bridge: 3.2.1 (/opt/ros/humble/share/cv_bridge/cmake)
-- Found OpenCV: /usr (found version "4.8.0") 
-- Configuring done
-- Generating done
-- Build files have been written to: /home/roboracing/Desktop/roboracing-rigatoniv-base/build/vision
[ 20%] [32mBuilding CXX object CMakeFiles/vision.dir/src/video.cpp.o[0m
[ 20%] [32mBuilding CXX object CMakeFiles/vision.dir/src/cone_detection.cpp.o[0m
[ 30%] [32mBuilding CXX object CMakeFiles/video.dir/rclcpp_components/node_main_video.cpp.o[0m
[ 40%] [32mBuilding CXX object CMakeFiles/vision.dir/src/line_detection.cpp.o[0m
[ 50%] [32mBuilding CXX object CMakeFiles/cone.dir/rclcpp_components/node_main_cone.cpp.o[0m
[ 60%] [32mBuilding CXX object CMakeFiles/line.dir/rclcpp_components/node_main_line.cpp.o[0m
[ 70%] [32m[1mLinking CXX executable video[0m
[ 80%] [32m[1mLinking CXX executable cone[0m
[ 90%] [32m[1mLinking CXX executable line[0m
[ 90%] Built target line
[ 90%] Built target video
[ 90%] Built target cone
[100%] [32m[1mLinking CXX shared library libvision.so[0m
[100%] Built target vision
