[0.550s] DEBUG:colcon:Command line arguments: ['/usr/bin/colcon', 'build']
[0.550s] DEBUG:colcon:Parsed command line arguments: Namespace(log_base=None, log_level=None, verb_name='build', build_base='build', install_base='install', merge_install=False, symlink_install=False, test_result_base=None, continue_on_error=False, executor='parallel', parallel_workers=6, event_handlers=None, ignore_user_meta=False, metas=['./colcon.meta'], base_paths=['.'], packages_ignore=None, packages_ignore_regex=None, paths=None, packages_up_to=None, packages_up_to_regex=None, packages_above=None, packages_above_and_dependencies=None, packages_above_depth=None, packages_select_by_dep=None, packages_skip_by_dep=None, packages_skip_up_to=None, packages_select_build_failed=False, packages_skip_build_finished=False, packages_select_test_failures=False, packages_skip_test_passed=False, packages_select=None, packages_skip=None, packages_select_regex=None, packages_skip_regex=None, packages_start=None, packages_end=None, allow_overriding=[], cmake_args=None, cmake_target=None, cmake_target_skip_unavailable=False, cmake_clean_cache=False, cmake_clean_first=False, cmake_force_configure=False, ament_cmake_args=None, catkin_cmake_args=None, catkin_skip_building_tests=False, mixin_files=None, mixin=None, verb_parser=<colcon_mixin.mixin.mixin_argument.MixinArgumentDecorator object at 0xffffb44c99f0>, verb_extension=<colcon_core.verb.build.BuildVerb object at 0xffffb44c9360>, main=<bound method BuildVerb.main of <colcon_core.verb.build.BuildVerb object at 0xffffb44c9360>>, mixin_verb=('build',))
[1.166s] Level 1:colcon.colcon_core.package_discovery:discover_packages(colcon_meta) check parameters
[1.167s] Level 1:colcon.colcon_core.package_discovery:discover_packages(recursive) check parameters
[1.167s] Level 1:colcon.colcon_core.package_discovery:discover_packages(ignore) check parameters
[1.167s] Level 1:colcon.colcon_core.package_discovery:discover_packages(path) check parameters
[1.167s] Level 1:colcon.colcon_core.package_discovery:discover_packages(colcon_meta) discover
[1.168s] Level 1:colcon.colcon_core.package_discovery:discover_packages(recursive) discover
[1.168s] INFO:colcon.colcon_core.package_discovery:Crawling recursively for packages in '/home/roboracing/Desktop/roboracing-rigatoniv-base'
[1.168s] Level 1:colcon.colcon_core.package_identification:_identify(.) by extensions ['ignore', 'ignore_ament_install']
[1.169s] Level 1:colcon.colcon_core.package_identification:_identify(.) by extension 'ignore'
[1.169s] Level 1:colcon.colcon_core.package_identification:_identify(.) by extension 'ignore_ament_install'
[1.169s] Level 1:colcon.colcon_core.package_identification:_identify(.) by extensions ['colcon_pkg']
[1.170s] Level 1:colcon.colcon_core.package_identification:_identify(.) by extension 'colcon_pkg'
[1.170s] Level 1:colcon.colcon_core.package_identification:_identify(.) by extensions ['colcon_meta']
[1.170s] Level 1:colcon.colcon_core.package_identification:_identify(.) by extension 'colcon_meta'
[1.170s] Level 1:colcon.colcon_core.package_identification:_identify(.) by extensions ['ros']
[1.171s] Level 1:colcon.colcon_core.package_identification:_identify(.) by extension 'ros'
[1.202s] Level 1:colcon.colcon_core.package_identification:_identify(.) by extensions ['cmake', 'python']
[1.202s] Level 1:colcon.colcon_core.package_identification:_identify(.) by extension 'cmake'
[1.202s] Level 1:colcon.colcon_core.package_identification:_identify(.) by extension 'python'
[1.203s] Level 1:colcon.colcon_core.package_identification:_identify(.) by extensions ['python_setup_py']
[1.203s] Level 1:colcon.colcon_core.package_identification:_identify(.) by extension 'python_setup_py'
[1.203s] Level 1:colcon.colcon_core.package_identification:_identify(build) by extensions ['ignore', 'ignore_ament_install']
[1.204s] Level 1:colcon.colcon_core.package_identification:_identify(build) by extension 'ignore'
[1.204s] Level 1:colcon.colcon_core.package_identification:_identify(build) ignored
[1.205s] Level 1:colcon.colcon_core.package_identification:_identify(comms) by extensions ['ignore', 'ignore_ament_install']
[1.205s] Level 1:colcon.colcon_core.package_identification:_identify(comms) by extension 'ignore'
[1.205s] Level 1:colcon.colcon_core.package_identification:_identify(comms) by extension 'ignore_ament_install'
[1.205s] Level 1:colcon.colcon_core.package_identification:_identify(comms) by extensions ['colcon_pkg']
[1.206s] Level 1:colcon.colcon_core.package_identification:_identify(comms) by extension 'colcon_pkg'
[1.206s] Level 1:colcon.colcon_core.package_identification:_identify(comms) by extensions ['colcon_meta']
[1.206s] Level 1:colcon.colcon_core.package_identification:_identify(comms) by extension 'colcon_meta'
[1.206s] Level 1:colcon.colcon_core.package_identification:_identify(comms) by extensions ['ros']
[1.207s] Level 1:colcon.colcon_core.package_identification:_identify(comms) by extension 'ros'
[1.213s] DEBUG:colcon.colcon_core.package_identification:Package 'comms' with type 'ros.ament_cmake' and name 'comms'
[1.213s] Level 1:colcon.colcon_core.package_identification:_identify(install) by extensions ['ignore', 'ignore_ament_install']
[1.214s] Level 1:colcon.colcon_core.package_identification:_identify(install) by extension 'ignore'
[1.214s] Level 1:colcon.colcon_core.package_identification:_identify(install) ignored
[1.214s] Level 1:colcon.colcon_core.package_identification:_identify(launch_robot) by extensions ['ignore', 'ignore_ament_install']
[1.215s] Level 1:colcon.colcon_core.package_identification:_identify(launch_robot) by extension 'ignore'
[1.215s] Level 1:colcon.colcon_core.package_identification:_identify(launch_robot) by extension 'ignore_ament_install'
[1.216s] Level 1:colcon.colcon_core.package_identification:_identify(launch_robot) by extensions ['colcon_pkg']
[1.216s] Level 1:colcon.colcon_core.package_identification:_identify(launch_robot) by extension 'colcon_pkg'
[1.216s] Level 1:colcon.colcon_core.package_identification:_identify(launch_robot) by extensions ['colcon_meta']
[1.216s] Level 1:colcon.colcon_core.package_identification:_identify(launch_robot) by extension 'colcon_meta'
[1.217s] Level 1:colcon.colcon_core.package_identification:_identify(launch_robot) by extensions ['ros']
[1.217s] Level 1:colcon.colcon_core.package_identification:_identify(launch_robot) by extension 'ros'
[1.218s] DEBUG:colcon.colcon_core.package_identification:Package 'launch_robot' with type 'ros.ament_python' and name 'launch_robot'
[1.219s] Level 1:colcon.colcon_core.package_identification:_identify(log) by extensions ['ignore', 'ignore_ament_install']
[1.219s] Level 1:colcon.colcon_core.package_identification:_identify(log) by extension 'ignore'
[1.219s] Level 1:colcon.colcon_core.package_identification:_identify(log) ignored
[1.220s] Level 1:colcon.colcon_core.package_identification:_identify(python_rosbag_readers) by extensions ['ignore', 'ignore_ament_install']
[1.220s] Level 1:colcon.colcon_core.package_identification:_identify(python_rosbag_readers) by extension 'ignore'
[1.220s] Level 1:colcon.colcon_core.package_identification:_identify(python_rosbag_readers) by extension 'ignore_ament_install'
[1.220s] Level 1:colcon.colcon_core.package_identification:_identify(python_rosbag_readers) by extensions ['colcon_pkg']
[1.221s] Level 1:colcon.colcon_core.package_identification:_identify(python_rosbag_readers) by extension 'colcon_pkg'
[1.221s] Level 1:colcon.colcon_core.package_identification:_identify(python_rosbag_readers) by extensions ['colcon_meta']
[1.221s] Level 1:colcon.colcon_core.package_identification:_identify(python_rosbag_readers) by extension 'colcon_meta'
[1.221s] Level 1:colcon.colcon_core.package_identification:_identify(python_rosbag_readers) by extensions ['ros']
[1.222s] Level 1:colcon.colcon_core.package_identification:_identify(python_rosbag_readers) by extension 'ros'
[1.222s] Level 1:colcon.colcon_core.package_identification:_identify(python_rosbag_readers) by extensions ['cmake', 'python']
[1.222s] Level 1:colcon.colcon_core.package_identification:_identify(python_rosbag_readers) by extension 'cmake'
[1.223s] Level 1:colcon.colcon_core.package_identification:_identify(python_rosbag_readers) by extension 'python'
[1.223s] Level 1:colcon.colcon_core.package_identification:_identify(python_rosbag_readers) by extensions ['python_setup_py']
[1.223s] Level 1:colcon.colcon_core.package_identification:_identify(python_rosbag_readers) by extension 'python_setup_py'
[1.223s] Level 1:colcon.colcon_core.package_identification:_identify(vision) by extensions ['ignore', 'ignore_ament_install']
[1.224s] Level 1:colcon.colcon_core.package_identification:_identify(vision) by extension 'ignore'
[1.224s] Level 1:colcon.colcon_core.package_identification:_identify(vision) by extension 'ignore_ament_install'
[1.224s] Level 1:colcon.colcon_core.package_identification:_identify(vision) by extensions ['colcon_pkg']
[1.225s] Level 1:colcon.colcon_core.package_identification:_identify(vision) by extension 'colcon_pkg'
[1.225s] Level 1:colcon.colcon_core.package_identification:_identify(vision) by extensions ['colcon_meta']
[1.225s] Level 1:colcon.colcon_core.package_identification:_identify(vision) by extension 'colcon_meta'
[1.225s] Level 1:colcon.colcon_core.package_identification:_identify(vision) by extensions ['ros']
[1.226s] Level 1:colcon.colcon_core.package_identification:_identify(vision) by extension 'ros'
[1.228s] DEBUG:colcon.colcon_core.package_identification:Package 'vision' with type 'ros.ament_cmake' and name 'vision'
[1.228s] Level 1:colcon.colcon_core.package_discovery:discover_packages(recursive) using defaults
[1.228s] Level 1:colcon.colcon_core.package_discovery:discover_packages(ignore) discover
[1.229s] Level 1:colcon.colcon_core.package_discovery:discover_packages(ignore) using defaults
[1.229s] Level 1:colcon.colcon_core.package_discovery:discover_packages(path) discover
[1.229s] Level 1:colcon.colcon_core.package_discovery:discover_packages(path) using defaults
[1.331s] Level 1:colcon.colcon_core.package_discovery:discover_packages(prefix_path) check parameters
[1.332s] Level 1:colcon.colcon_core.package_discovery:discover_packages(prefix_path) discover
[1.362s] DEBUG:colcon.colcon_installed_package_information.package_discovery:Found 3 installed packages in /home/roboracing/Desktop/roboracing-rigatoniv-base/install
[1.384s] DEBUG:colcon.colcon_installed_package_information.package_discovery:Found 345 installed packages in /home/roboracing/ros2_humble/install
[1.389s] DEBUG:colcon.colcon_installed_package_information.package_discovery:Found 112 installed packages in /opt/ros/humble
[1.397s] Level 1:colcon.colcon_core.package_discovery:discover_packages(prefix_path) using defaults
[1.487s] Level 5:colcon.colcon_core.verb:set package 'comms' build argument 'cmake_args' from command line to 'None'
[1.488s] Level 5:colcon.colcon_core.verb:set package 'comms' build argument 'cmake_target' from command line to 'None'
[1.488s] Level 5:colcon.colcon_core.verb:set package 'comms' build argument 'cmake_target_skip_unavailable' from command line to 'False'
[1.488s] Level 5:colcon.colcon_core.verb:set package 'comms' build argument 'cmake_clean_cache' from command line to 'False'
[1.489s] Level 5:colcon.colcon_core.verb:set package 'comms' build argument 'cmake_clean_first' from command line to 'False'
[1.489s] Level 5:colcon.colcon_core.verb:set package 'comms' build argument 'cmake_force_configure' from command line to 'False'
[1.489s] Level 5:colcon.colcon_core.verb:set package 'comms' build argument 'ament_cmake_args' from command line to 'None'
[1.489s] Level 5:colcon.colcon_core.verb:set package 'comms' build argument 'catkin_cmake_args' from command line to 'None'
[1.489s] Level 5:colcon.colcon_core.verb:set package 'comms' build argument 'catkin_skip_building_tests' from command line to 'False'
[1.490s] DEBUG:colcon.colcon_core.verb:Building package 'comms' with the following arguments: {'ament_cmake_args': None, 'build_base': '/home/roboracing/Desktop/roboracing-rigatoniv-base/build/comms', 'catkin_cmake_args': None, 'catkin_skip_building_tests': False, 'cmake_args': None, 'cmake_clean_cache': False, 'cmake_clean_first': False, 'cmake_force_configure': False, 'cmake_target': None, 'cmake_target_skip_unavailable': False, 'install_base': '/home/roboracing/Desktop/roboracing-rigatoniv-base/install/comms', 'merge_install': False, 'path': '/home/roboracing/Desktop/roboracing-rigatoniv-base/comms', 'symlink_install': False, 'test_result_base': None}
[1.491s] Level 5:colcon.colcon_core.verb:set package 'launch_robot' build argument 'cmake_args' from command line to 'None'
[1.491s] Level 5:colcon.colcon_core.verb:set package 'launch_robot' build argument 'cmake_target' from command line to 'None'
[1.491s] Level 5:colcon.colcon_core.verb:set package 'launch_robot' build argument 'cmake_target_skip_unavailable' from command line to 'False'
[1.491s] Level 5:colcon.colcon_core.verb:set package 'launch_robot' build argument 'cmake_clean_cache' from command line to 'False'
[1.492s] Level 5:colcon.colcon_core.verb:set package 'launch_robot' build argument 'cmake_clean_first' from command line to 'False'
[1.492s] Level 5:colcon.colcon_core.verb:set package 'launch_robot' build argument 'cmake_force_configure' from command line to 'False'
[1.492s] Level 5:colcon.colcon_core.verb:set package 'launch_robot' build argument 'ament_cmake_args' from command line to 'None'
[1.492s] Level 5:colcon.colcon_core.verb:set package 'launch_robot' build argument 'catkin_cmake_args' from command line to 'None'
[1.492s] Level 5:colcon.colcon_core.verb:set package 'launch_robot' build argument 'catkin_skip_building_tests' from command line to 'False'
[1.493s] DEBUG:colcon.colcon_core.verb:Building package 'launch_robot' with the following arguments: {'ament_cmake_args': None, 'build_base': '/home/roboracing/Desktop/roboracing-rigatoniv-base/build/launch_robot', 'catkin_cmake_args': None, 'catkin_skip_building_tests': False, 'cmake_args': None, 'cmake_clean_cache': False, 'cmake_clean_first': False, 'cmake_force_configure': False, 'cmake_target': None, 'cmake_target_skip_unavailable': False, 'install_base': '/home/roboracing/Desktop/roboracing-rigatoniv-base/install/launch_robot', 'merge_install': False, 'path': '/home/roboracing/Desktop/roboracing-rigatoniv-base/launch_robot', 'symlink_install': False, 'test_result_base': None}
[1.494s] Level 5:colcon.colcon_core.verb:set package 'vision' build argument 'cmake_args' from command line to 'None'
[1.494s] Level 5:colcon.colcon_core.verb:set package 'vision' build argument 'cmake_target' from command line to 'None'
[1.494s] Level 5:colcon.colcon_core.verb:set package 'vision' build argument 'cmake_target_skip_unavailable' from command line to 'False'
[1.494s] Level 5:colcon.colcon_core.verb:set package 'vision' build argument 'cmake_clean_cache' from command line to 'False'
[1.494s] Level 5:colcon.colcon_core.verb:set package 'vision' build argument 'cmake_clean_first' from command line to 'False'
[1.495s] Level 5:colcon.colcon_core.verb:set package 'vision' build argument 'cmake_force_configure' from command line to 'False'
[1.495s] Level 5:colcon.colcon_core.verb:set package 'vision' build argument 'ament_cmake_args' from command line to 'None'
[1.495s] Level 5:colcon.colcon_core.verb:set package 'vision' build argument 'catkin_cmake_args' from command line to 'None'
[1.495s] Level 5:colcon.colcon_core.verb:set package 'vision' build argument 'catkin_skip_building_tests' from command line to 'False'
[1.496s] DEBUG:colcon.colcon_core.verb:Building package 'vision' with the following arguments: {'ament_cmake_args': None, 'build_base': '/home/roboracing/Desktop/roboracing-rigatoniv-base/build/vision', 'catkin_cmake_args': None, 'catkin_skip_building_tests': False, 'cmake_args': None, 'cmake_clean_cache': False, 'cmake_clean_first': False, 'cmake_force_configure': False, 'cmake_target': None, 'cmake_target_skip_unavailable': False, 'install_base': '/home/roboracing/Desktop/roboracing-rigatoniv-base/install/vision', 'merge_install': False, 'path': '/home/roboracing/Desktop/roboracing-rigatoniv-base/vision', 'symlink_install': False, 'test_result_base': None}
[1.496s] INFO:colcon.colcon_core.executor:Executing jobs using 'parallel' executor
[1.499s] DEBUG:colcon.colcon_parallel_executor.executor.parallel:run_until_complete
[1.500s] INFO:colcon.colcon_ros.task.ament_cmake.build:Building ROS package in '/home/roboracing/Desktop/roboracing-rigatoniv-base/comms' with build type 'ament_cmake'
[1.500s] INFO:colcon.colcon_cmake.task.cmake.build:Building CMake package in '/home/roboracing/Desktop/roboracing-rigatoniv-base/comms'
[1.516s] INFO:colcon.colcon_core.plugin_system:Skipping extension 'colcon_core.shell.bat': Not used on non-Windows systems
[1.517s] INFO:colcon.colcon_core.shell:Skip shell extension 'powershell' for command environment: Not usable outside of PowerShell
[1.517s] DEBUG:colcon.colcon_core.shell:Skip shell extension 'dsv' for command environment
[1.570s] INFO:colcon.colcon_ros.task.ament_python.build:Building ROS package in '/home/roboracing/Desktop/roboracing-rigatoniv-base/launch_robot' with build type 'ament_python'
[1.571s] Level 1:colcon.colcon_core.shell:create_environment_hook('launch_robot', 'ament_prefix_path')
[1.572s] INFO:colcon.colcon_core.shell:Creating environment hook '/home/roboracing/Desktop/roboracing-rigatoniv-base/install/launch_robot/share/launch_robot/hook/ament_prefix_path.ps1'
[1.574s] INFO:colcon.colcon_core.shell:Creating environment descriptor '/home/roboracing/Desktop/roboracing-rigatoniv-base/install/launch_robot/share/launch_robot/hook/ament_prefix_path.dsv'
[1.575s] INFO:colcon.colcon_core.shell:Creating environment hook '/home/roboracing/Desktop/roboracing-rigatoniv-base/install/launch_robot/share/launch_robot/hook/ament_prefix_path.sh'
[1.576s] INFO:colcon.colcon_core.shell:Skip shell extension 'powershell' for command environment: Not usable outside of PowerShell
[1.577s] DEBUG:colcon.colcon_core.shell:Skip shell extension 'dsv' for command environment
[1.630s] INFO:colcon.colcon_ros.task.ament_cmake.build:Building ROS package in '/home/roboracing/Desktop/roboracing-rigatoniv-base/vision' with build type 'ament_cmake'
[1.631s] INFO:colcon.colcon_cmake.task.cmake.build:Building CMake package in '/home/roboracing/Desktop/roboracing-rigatoniv-base/vision'
[1.632s] INFO:colcon.colcon_core.shell:Skip shell extension 'powershell' for command environment: Not usable outside of PowerShell
[1.632s] DEBUG:colcon.colcon_core.shell:Skip shell extension 'dsv' for command environment
[1.707s] DEBUG:colcon.colcon_core.event_handler.log_command:Invoking command in '/home/roboracing/Desktop/roboracing-rigatoniv-base/build/comms': CMAKE_PREFIX_PATH=${CMAKE_PREFIX_PATH}:/home/roboracing/Desktop/roboracing-rigatoniv-base/install/launch_robot:/home/roboracing/ros2_humble/install/rqt_bag_plugins:/home/roboracing/ros2_humble/install/rqt_bag:/home/roboracing/ros2_humble/install/launch_testing_examples:/home/roboracing/ros2_humble/install/ros2bag:/home/roboracing/ros2_humble/install/tracetools_test:/home/roboracing/ros2_humble/install/tracetools_launch:/home/roboracing/ros2_humble/install/topic_monitor:/home/roboracing/ros2_humble/install/tf2_tools:/home/roboracing/ros2_humble/install/examples_tf2_py:/home/roboracing/ros2_humble/install/tf2_ros_py:/home/roboracing/ros2_humble/install/sros2:/home/roboracing/ros2_humble/install/rqt_topic:/home/roboracing/ros2_humble/install/rqt_srv:/home/roboracing/ros2_humble/install/rqt_shell:/home/roboracing/ros2_humble/install/rqt_service_caller:/home/roboracing/ros2_humble/install/rqt_reconfigure:/home/roboracing/ros2_humble/install/rqt_py_console:/home/roboracing/ros2_humble/install/rqt_publisher:/home/roboracing/ros2_humble/install/rqt_plot:/home/roboracing/ros2_humble/install/rqt_action:/home/roboracing/ros2_humble/install/rqt_msg:/home/roboracing/ros2_humble/install/rqt_console:/home/roboracing/ros2_humble/install/rqt:/home/roboracing/ros2_humble/install/rqt_graph:/home/roboracing/ros2_humble/install/rqt_gui_py:/home/roboracing/ros2_humble/install/rqt_gui:/home/roboracing/ros2_humble/install/ros2trace:/home/roboracing/ros2_humble/install/ros2topic:/home/roboracing/ros2_humble/install/ros2test:/home/roboracing/ros2_humble/install/ros2component:/home/roboracing/ros2_humble/install/ros2param:/home/roboracing/ros2_humble/install/ros2lifecycle:/home/roboracing/ros2_humble/install/ros2service:/home/roboracing/ros2_humble/install/ros2run:/home/roboracing/ros2_humble/install/ros2launch:/home/roboracing/ros2_humble/install/ros2pkg:/home/roboracing/ros2_humble/install/ros2node:/home/roboracing/ros2_humble/install/ros2multicast:/home/roboracing/ros2_humble/install/ros2interface:/home/roboracing/ros2_humble/install/ros2doctor:/home/roboracing/ros2_humble/install/ros2action:/home/roboracing/ros2_humble/install/ros2cli:/home/roboracing/ros2_humble/install/quality_of_service_demo_py:/home/roboracing/ros2_humble/install/lifecycle_py:/home/roboracing/ros2_humble/install/launch_testing_ros:/home/roboracing/ros2_humble/install/launch_ros:/home/roboracing/ros2_humble/install/examples_rclpy_pointcloud_publisher:/home/roboracing/ros2_humble/install/examples_rclpy_minimal_subscriber:/home/roboracing/ros2_humble/install/examples_rclpy_minimal_service:/home/roboracing/ros2_humble/install/examples_rclpy_minimal_publisher:/home/roboracing/ros2_humble/install/examples_rclpy_minimal_client:/home/roboracing/ros2_humble/install/examples_rclpy_minimal_action_server:/home/roboracing/ros2_humble/install/examples_rclpy_minimal_action_client:/home/roboracing/ros2_humble/install/examples_rclpy_guard_conditions:/home/roboracing/ros2_humble/install/examples_rclpy_executors:/home/roboracing/ros2_humble/install/demo_nodes_py:/home/roboracing/ros2_humble/install/action_tutorials_py:/home/roboracing/ros2_humble/install/ament_uncrustify:/home/roboracing/ros2_humble/install/tracetools_trace:/home/roboracing/ros2_humble/install/tracetools_read:/home/roboracing/ros2_humble/install/test_tracetools_launch:/home/roboracing/ros2_humble/install/test_launch_ros:/home/roboracing/ros2_humble/install/sensor_msgs_py:/home/roboracing/ros2_humble/install/rpyutils:/home/roboracing/ros2_humble/install/rosidl_runtime_py:/home/roboracing/ros2_humble/install/rosidl_cli:/home/roboracing/ros2_humble/install/launch_pytest:/home/roboracing/ros2_humble/install/launch_testing:/home/roboracing/ros2_humble/install/launch_yaml:/home/roboracing/ros2_humble/install/launch_xml:/home/roboracing/ros2_humble/install/launch:/home/roboracing/ros2_humble/install/osrf_pycommon:/home/roboracing/ros2_humble/install/domain_coordinator:/home/roboracing/ros2_humble/install/ament_xmllint:/home/roboracing/ros2_humble/install/ament_pyflakes:/home/roboracing/ros2_humble/install/ament_pycodestyle:/home/roboracing/ros2_humble/install/ament_pep257:/home/roboracing/ros2_humble/install/ament_pclint:/home/roboracing/ros2_humble/install/ament_package:/home/roboracing/ros2_humble/install/ament_mypy:/home/roboracing/ros2_humble/install/ament_lint_cmake:/home/roboracing/ros2_humble/install/ament_flake8:/home/roboracing/ros2_humble/install/ament_copyright:/home/roboracing/ros2_humble/install/ament_lint:/home/roboracing/ros2_humble/install/ament_index_python:/home/roboracing/ros2_humble/install/ament_cpplint:/home/roboracing/ros2_humble/install/ament_cppcheck:/home/roboracing/ros2_humble/install/ament_clang_tidy:/home/roboracing/ros2_humble/install/ament_clang_format:/opt/ros/humble /usr/bin/cmake --build /home/roboracing/Desktop/roboracing-rigatoniv-base/build/comms -- -j6 -l6
[3.092s] INFO:colcon.colcon_core.task.python.build:Building Python package in '/home/roboracing/Desktop/roboracing-rigatoniv-base/launch_robot'
[3.094s] INFO:colcon.colcon_core.shell:Skip shell extension 'powershell' for command environment: Not usable outside of PowerShell
[3.094s] DEBUG:colcon.colcon_core.shell:Skip shell extension 'dsv' for command environment
[3.167s] DEBUG:colcon.colcon_core.event_handler.log_command:Invoking command in '/home/roboracing/Desktop/roboracing-rigatoniv-base/build/vision': CMAKE_PREFIX_PATH=${CMAKE_PREFIX_PATH}:/home/roboracing/Desktop/roboracing-rigatoniv-base/install/launch_robot:/home/roboracing/ros2_humble/install/rqt_bag_plugins:/home/roboracing/ros2_humble/install/rqt_bag:/home/roboracing/ros2_humble/install/launch_testing_examples:/home/roboracing/ros2_humble/install/ros2bag:/home/roboracing/ros2_humble/install/tracetools_test:/home/roboracing/ros2_humble/install/tracetools_launch:/home/roboracing/ros2_humble/install/topic_monitor:/home/roboracing/ros2_humble/install/tf2_tools:/home/roboracing/ros2_humble/install/examples_tf2_py:/home/roboracing/ros2_humble/install/tf2_ros_py:/home/roboracing/ros2_humble/install/sros2:/home/roboracing/ros2_humble/install/rqt_topic:/home/roboracing/ros2_humble/install/rqt_srv:/home/roboracing/ros2_humble/install/rqt_shell:/home/roboracing/ros2_humble/install/rqt_service_caller:/home/roboracing/ros2_humble/install/rqt_reconfigure:/home/roboracing/ros2_humble/install/rqt_py_console:/home/roboracing/ros2_humble/install/rqt_publisher:/home/roboracing/ros2_humble/install/rqt_plot:/home/roboracing/ros2_humble/install/rqt_action:/home/roboracing/ros2_humble/install/rqt_msg:/home/roboracing/ros2_humble/install/rqt_console:/home/roboracing/ros2_humble/install/rqt:/home/roboracing/ros2_humble/install/rqt_graph:/home/roboracing/ros2_humble/install/rqt_gui_py:/home/roboracing/ros2_humble/install/rqt_gui:/home/roboracing/ros2_humble/install/ros2trace:/home/roboracing/ros2_humble/install/ros2topic:/home/roboracing/ros2_humble/install/ros2test:/home/roboracing/ros2_humble/install/ros2component:/home/roboracing/ros2_humble/install/ros2param:/home/roboracing/ros2_humble/install/ros2lifecycle:/home/roboracing/ros2_humble/install/ros2service:/home/roboracing/ros2_humble/install/ros2run:/home/roboracing/ros2_humble/install/ros2launch:/home/roboracing/ros2_humble/install/ros2pkg:/home/roboracing/ros2_humble/install/ros2node:/home/roboracing/ros2_humble/install/ros2multicast:/home/roboracing/ros2_humble/install/ros2interface:/home/roboracing/ros2_humble/install/ros2doctor:/home/roboracing/ros2_humble/install/ros2action:/home/roboracing/ros2_humble/install/ros2cli:/home/roboracing/ros2_humble/install/quality_of_service_demo_py:/home/roboracing/ros2_humble/install/lifecycle_py:/home/roboracing/ros2_humble/install/launch_testing_ros:/home/roboracing/ros2_humble/install/launch_ros:/home/roboracing/ros2_humble/install/examples_rclpy_pointcloud_publisher:/home/roboracing/ros2_humble/install/examples_rclpy_minimal_subscriber:/home/roboracing/ros2_humble/install/examples_rclpy_minimal_service:/home/roboracing/ros2_humble/install/examples_rclpy_minimal_publisher:/home/roboracing/ros2_humble/install/examples_rclpy_minimal_client:/home/roboracing/ros2_humble/install/examples_rclpy_minimal_action_server:/home/roboracing/ros2_humble/install/examples_rclpy_minimal_action_client:/home/roboracing/ros2_humble/install/examples_rclpy_guard_conditions:/home/roboracing/ros2_humble/install/examples_rclpy_executors:/home/roboracing/ros2_humble/install/demo_nodes_py:/home/roboracing/ros2_humble/install/action_tutorials_py:/home/roboracing/ros2_humble/install/ament_uncrustify:/home/roboracing/ros2_humble/install/tracetools_trace:/home/roboracing/ros2_humble/install/tracetools_read:/home/roboracing/ros2_humble/install/test_tracetools_launch:/home/roboracing/ros2_humble/install/test_launch_ros:/home/roboracing/ros2_humble/install/sensor_msgs_py:/home/roboracing/ros2_humble/install/rpyutils:/home/roboracing/ros2_humble/install/rosidl_runtime_py:/home/roboracing/ros2_humble/install/rosidl_cli:/home/roboracing/ros2_humble/install/launch_pytest:/home/roboracing/ros2_humble/install/launch_testing:/home/roboracing/ros2_humble/install/launch_yaml:/home/roboracing/ros2_humble/install/launch_xml:/home/roboracing/ros2_humble/install/launch:/home/roboracing/ros2_humble/install/osrf_pycommon:/home/roboracing/ros2_humble/install/domain_coordinator:/home/roboracing/ros2_humble/install/ament_xmllint:/home/roboracing/ros2_humble/install/ament_pyflakes:/home/roboracing/ros2_humble/install/ament_pycodestyle:/home/roboracing/ros2_humble/install/ament_pep257:/home/roboracing/ros2_humble/install/ament_pclint:/home/roboracing/ros2_humble/install/ament_package:/home/roboracing/ros2_humble/install/ament_mypy:/home/roboracing/ros2_humble/install/ament_lint_cmake:/home/roboracing/ros2_humble/install/ament_flake8:/home/roboracing/ros2_humble/install/ament_copyright:/home/roboracing/ros2_humble/install/ament_lint:/home/roboracing/ros2_humble/install/ament_index_python:/home/roboracing/ros2_humble/install/ament_cpplint:/home/roboracing/ros2_humble/install/ament_cppcheck:/home/roboracing/ros2_humble/install/ament_clang_tidy:/home/roboracing/ros2_humble/install/ament_clang_format:/opt/ros/humble /usr/bin/cmake --build /home/roboracing/Desktop/roboracing-rigatoniv-base/build/vision -- -j6 -l6
[3.620s] DEBUG:colcon.colcon_core.event_handler.log_command:Invoked command in '/home/roboracing/Desktop/roboracing-rigatoniv-base/build/vision' returned '0': CMAKE_PREFIX_PATH=${CMAKE_PREFIX_PATH}:/home/roboracing/Desktop/roboracing-rigatoniv-base/install/launch_robot:/home/roboracing/ros2_humble/install/rqt_bag_plugins:/home/roboracing/ros2_humble/install/rqt_bag:/home/roboracing/ros2_humble/install/launch_testing_examples:/home/roboracing/ros2_humble/install/ros2bag:/home/roboracing/ros2_humble/install/tracetools_test:/home/roboracing/ros2_humble/install/tracetools_launch:/home/roboracing/ros2_humble/install/topic_monitor:/home/roboracing/ros2_humble/install/tf2_tools:/home/roboracing/ros2_humble/install/examples_tf2_py:/home/roboracing/ros2_humble/install/tf2_ros_py:/home/roboracing/ros2_humble/install/sros2:/home/roboracing/ros2_humble/install/rqt_topic:/home/roboracing/ros2_humble/install/rqt_srv:/home/roboracing/ros2_humble/install/rqt_shell:/home/roboracing/ros2_humble/install/rqt_service_caller:/home/roboracing/ros2_humble/install/rqt_reconfigure:/home/roboracing/ros2_humble/install/rqt_py_console:/home/roboracing/ros2_humble/install/rqt_publisher:/home/roboracing/ros2_humble/install/rqt_plot:/home/roboracing/ros2_humble/install/rqt_action:/home/roboracing/ros2_humble/install/rqt_msg:/home/roboracing/ros2_humble/install/rqt_console:/home/roboracing/ros2_humble/install/rqt:/home/roboracing/ros2_humble/install/rqt_graph:/home/roboracing/ros2_humble/install/rqt_gui_py:/home/roboracing/ros2_humble/install/rqt_gui:/home/roboracing/ros2_humble/install/ros2trace:/home/roboracing/ros2_humble/install/ros2topic:/home/roboracing/ros2_humble/install/ros2test:/home/roboracing/ros2_humble/install/ros2component:/home/roboracing/ros2_humble/install/ros2param:/home/roboracing/ros2_humble/install/ros2lifecycle:/home/roboracing/ros2_humble/install/ros2service:/home/roboracing/ros2_humble/install/ros2run:/home/roboracing/ros2_humble/install/ros2launch:/home/roboracing/ros2_humble/install/ros2pkg:/home/roboracing/ros2_humble/install/ros2node:/home/roboracing/ros2_humble/install/ros2multicast:/home/roboracing/ros2_humble/install/ros2interface:/home/roboracing/ros2_humble/install/ros2doctor:/home/roboracing/ros2_humble/install/ros2action:/home/roboracing/ros2_humble/install/ros2cli:/home/roboracing/ros2_humble/install/quality_of_service_demo_py:/home/roboracing/ros2_humble/install/lifecycle_py:/home/roboracing/ros2_humble/install/launch_testing_ros:/home/roboracing/ros2_humble/install/launch_ros:/home/roboracing/ros2_humble/install/examples_rclpy_pointcloud_publisher:/home/roboracing/ros2_humble/install/examples_rclpy_minimal_subscriber:/home/roboracing/ros2_humble/install/examples_rclpy_minimal_service:/home/roboracing/ros2_humble/install/examples_rclpy_minimal_publisher:/home/roboracing/ros2_humble/install/examples_rclpy_minimal_client:/home/roboracing/ros2_humble/install/examples_rclpy_minimal_action_server:/home/roboracing/ros2_humble/install/examples_rclpy_minimal_action_client:/home/roboracing/ros2_humble/install/examples_rclpy_guard_conditions:/home/roboracing/ros2_humble/install/examples_rclpy_executors:/home/roboracing/ros2_humble/install/demo_nodes_py:/home/roboracing/ros2_humble/install/action_tutorials_py:/home/roboracing/ros2_humble/install/ament_uncrustify:/home/roboracing/ros2_humble/install/tracetools_trace:/home/roboracing/ros2_humble/install/tracetools_read:/home/roboracing/ros2_humble/install/test_tracetools_launch:/home/roboracing/ros2_humble/install/test_launch_ros:/home/roboracing/ros2_humble/install/sensor_msgs_py:/home/roboracing/ros2_humble/install/rpyutils:/home/roboracing/ros2_humble/install/rosidl_runtime_py:/home/roboracing/ros2_humble/install/rosidl_cli:/home/roboracing/ros2_humble/install/launch_pytest:/home/roboracing/ros2_humble/install/launch_testing:/home/roboracing/ros2_humble/install/launch_yaml:/home/roboracing/ros2_humble/install/launch_xml:/home/roboracing/ros2_humble/install/launch:/home/roboracing/ros2_humble/install/osrf_pycommon:/home/roboracing/ros2_humble/install/domain_coordinator:/home/roboracing/ros2_humble/install/ament_xmllint:/home/roboracing/ros2_humble/install/ament_pyflakes:/home/roboracing/ros2_humble/install/ament_pycodestyle:/home/roboracing/ros2_humble/install/ament_pep257:/home/roboracing/ros2_humble/install/ament_pclint:/home/roboracing/ros2_humble/install/ament_package:/home/roboracing/ros2_humble/install/ament_mypy:/home/roboracing/ros2_humble/install/ament_lint_cmake:/home/roboracing/ros2_humble/install/ament_flake8:/home/roboracing/ros2_humble/install/ament_copyright:/home/roboracing/ros2_humble/install/ament_lint:/home/roboracing/ros2_humble/install/ament_index_python:/home/roboracing/ros2_humble/install/ament_cpplint:/home/roboracing/ros2_humble/install/ament_cppcheck:/home/roboracing/ros2_humble/install/ament_clang_tidy:/home/roboracing/ros2_humble/install/ament_clang_format:/opt/ros/humble /usr/bin/cmake --build /home/roboracing/Desktop/roboracing-rigatoniv-base/build/vision -- -j6 -l6
[3.672s] DEBUG:colcon.colcon_core.event_handler.log_command:Invoking command in '/home/roboracing/Desktop/roboracing-rigatoniv-base/build/vision': CMAKE_PREFIX_PATH=${CMAKE_PREFIX_PATH}:/home/roboracing/Desktop/roboracing-rigatoniv-base/install/launch_robot:/home/roboracing/ros2_humble/install/rqt_bag_plugins:/home/roboracing/ros2_humble/install/rqt_bag:/home/roboracing/ros2_humble/install/launch_testing_examples:/home/roboracing/ros2_humble/install/ros2bag:/home/roboracing/ros2_humble/install/tracetools_test:/home/roboracing/ros2_humble/install/tracetools_launch:/home/roboracing/ros2_humble/install/topic_monitor:/home/roboracing/ros2_humble/install/tf2_tools:/home/roboracing/ros2_humble/install/examples_tf2_py:/home/roboracing/ros2_humble/install/tf2_ros_py:/home/roboracing/ros2_humble/install/sros2:/home/roboracing/ros2_humble/install/rqt_topic:/home/roboracing/ros2_humble/install/rqt_srv:/home/roboracing/ros2_humble/install/rqt_shell:/home/roboracing/ros2_humble/install/rqt_service_caller:/home/roboracing/ros2_humble/install/rqt_reconfigure:/home/roboracing/ros2_humble/install/rqt_py_console:/home/roboracing/ros2_humble/install/rqt_publisher:/home/roboracing/ros2_humble/install/rqt_plot:/home/roboracing/ros2_humble/install/rqt_action:/home/roboracing/ros2_humble/install/rqt_msg:/home/roboracing/ros2_humble/install/rqt_console:/home/roboracing/ros2_humble/install/rqt:/home/roboracing/ros2_humble/install/rqt_graph:/home/roboracing/ros2_humble/install/rqt_gui_py:/home/roboracing/ros2_humble/install/rqt_gui:/home/roboracing/ros2_humble/install/ros2trace:/home/roboracing/ros2_humble/install/ros2topic:/home/roboracing/ros2_humble/install/ros2test:/home/roboracing/ros2_humble/install/ros2component:/home/roboracing/ros2_humble/install/ros2param:/home/roboracing/ros2_humble/install/ros2lifecycle:/home/roboracing/ros2_humble/install/ros2service:/home/roboracing/ros2_humble/install/ros2run:/home/roboracing/ros2_humble/install/ros2launch:/home/roboracing/ros2_humble/install/ros2pkg:/home/roboracing/ros2_humble/install/ros2node:/home/roboracing/ros2_humble/install/ros2multicast:/home/roboracing/ros2_humble/install/ros2interface:/home/roboracing/ros2_humble/install/ros2doctor:/home/roboracing/ros2_humble/install/ros2action:/home/roboracing/ros2_humble/install/ros2cli:/home/roboracing/ros2_humble/install/quality_of_service_demo_py:/home/roboracing/ros2_humble/install/lifecycle_py:/home/roboracing/ros2_humble/install/launch_testing_ros:/home/roboracing/ros2_humble/install/launch_ros:/home/roboracing/ros2_humble/install/examples_rclpy_pointcloud_publisher:/home/roboracing/ros2_humble/install/examples_rclpy_minimal_subscriber:/home/roboracing/ros2_humble/install/examples_rclpy_minimal_service:/home/roboracing/ros2_humble/install/examples_rclpy_minimal_publisher:/home/roboracing/ros2_humble/install/examples_rclpy_minimal_client:/home/roboracing/ros2_humble/install/examples_rclpy_minimal_action_server:/home/roboracing/ros2_humble/install/examples_rclpy_minimal_action_client:/home/roboracing/ros2_humble/install/examples_rclpy_guard_conditions:/home/roboracing/ros2_humble/install/examples_rclpy_executors:/home/roboracing/ros2_humble/install/demo_nodes_py:/home/roboracing/ros2_humble/install/action_tutorials_py:/home/roboracing/ros2_humble/install/ament_uncrustify:/home/roboracing/ros2_humble/install/tracetools_trace:/home/roboracing/ros2_humble/install/tracetools_read:/home/roboracing/ros2_humble/install/test_tracetools_launch:/home/roboracing/ros2_humble/install/test_launch_ros:/home/roboracing/ros2_humble/install/sensor_msgs_py:/home/roboracing/ros2_humble/install/rpyutils:/home/roboracing/ros2_humble/install/rosidl_runtime_py:/home/roboracing/ros2_humble/install/rosidl_cli:/home/roboracing/ros2_humble/install/launch_pytest:/home/roboracing/ros2_humble/install/launch_testing:/home/roboracing/ros2_humble/install/launch_yaml:/home/roboracing/ros2_humble/install/launch_xml:/home/roboracing/ros2_humble/install/launch:/home/roboracing/ros2_humble/install/osrf_pycommon:/home/roboracing/ros2_humble/install/domain_coordinator:/home/roboracing/ros2_humble/install/ament_xmllint:/home/roboracing/ros2_humble/install/ament_pyflakes:/home/roboracing/ros2_humble/install/ament_pycodestyle:/home/roboracing/ros2_humble/install/ament_pep257:/home/roboracing/ros2_humble/install/ament_pclint:/home/roboracing/ros2_humble/install/ament_package:/home/roboracing/ros2_humble/install/ament_mypy:/home/roboracing/ros2_humble/install/ament_lint_cmake:/home/roboracing/ros2_humble/install/ament_flake8:/home/roboracing/ros2_humble/install/ament_copyright:/home/roboracing/ros2_humble/install/ament_lint:/home/roboracing/ros2_humble/install/ament_index_python:/home/roboracing/ros2_humble/install/ament_cpplint:/home/roboracing/ros2_humble/install/ament_cppcheck:/home/roboracing/ros2_humble/install/ament_clang_tidy:/home/roboracing/ros2_humble/install/ament_clang_format:/opt/ros/humble /usr/bin/cmake --install /home/roboracing/Desktop/roboracing-rigatoniv-base/build/vision
[3.737s] Level 1:colcon.colcon_core.environment:create_environment_scripts_only(vision)
[3.743s] DEBUG:colcon.colcon_core.event_handler.log_command:Invoked command in '/home/roboracing/Desktop/roboracing-rigatoniv-base/build/vision' returned '0': CMAKE_PREFIX_PATH=${CMAKE_PREFIX_PATH}:/home/roboracing/Desktop/roboracing-rigatoniv-base/install/launch_robot:/home/roboracing/ros2_humble/install/rqt_bag_plugins:/home/roboracing/ros2_humble/install/rqt_bag:/home/roboracing/ros2_humble/install/launch_testing_examples:/home/roboracing/ros2_humble/install/ros2bag:/home/roboracing/ros2_humble/install/tracetools_test:/home/roboracing/ros2_humble/install/tracetools_launch:/home/roboracing/ros2_humble/install/topic_monitor:/home/roboracing/ros2_humble/install/tf2_tools:/home/roboracing/ros2_humble/install/examples_tf2_py:/home/roboracing/ros2_humble/install/tf2_ros_py:/home/roboracing/ros2_humble/install/sros2:/home/roboracing/ros2_humble/install/rqt_topic:/home/roboracing/ros2_humble/install/rqt_srv:/home/roboracing/ros2_humble/install/rqt_shell:/home/roboracing/ros2_humble/install/rqt_service_caller:/home/roboracing/ros2_humble/install/rqt_reconfigure:/home/roboracing/ros2_humble/install/rqt_py_console:/home/roboracing/ros2_humble/install/rqt_publisher:/home/roboracing/ros2_humble/install/rqt_plot:/home/roboracing/ros2_humble/install/rqt_action:/home/roboracing/ros2_humble/install/rqt_msg:/home/roboracing/ros2_humble/install/rqt_console:/home/roboracing/ros2_humble/install/rqt:/home/roboracing/ros2_humble/install/rqt_graph:/home/roboracing/ros2_humble/install/rqt_gui_py:/home/roboracing/ros2_humble/install/rqt_gui:/home/roboracing/ros2_humble/install/ros2trace:/home/roboracing/ros2_humble/install/ros2topic:/home/roboracing/ros2_humble/install/ros2test:/home/roboracing/ros2_humble/install/ros2component:/home/roboracing/ros2_humble/install/ros2param:/home/roboracing/ros2_humble/install/ros2lifecycle:/home/roboracing/ros2_humble/install/ros2service:/home/roboracing/ros2_humble/install/ros2run:/home/roboracing/ros2_humble/install/ros2launch:/home/roboracing/ros2_humble/install/ros2pkg:/home/roboracing/ros2_humble/install/ros2node:/home/roboracing/ros2_humble/install/ros2multicast:/home/roboracing/ros2_humble/install/ros2interface:/home/roboracing/ros2_humble/install/ros2doctor:/home/roboracing/ros2_humble/install/ros2action:/home/roboracing/ros2_humble/install/ros2cli:/home/roboracing/ros2_humble/install/quality_of_service_demo_py:/home/roboracing/ros2_humble/install/lifecycle_py:/home/roboracing/ros2_humble/install/launch_testing_ros:/home/roboracing/ros2_humble/install/launch_ros:/home/roboracing/ros2_humble/install/examples_rclpy_pointcloud_publisher:/home/roboracing/ros2_humble/install/examples_rclpy_minimal_subscriber:/home/roboracing/ros2_humble/install/examples_rclpy_minimal_service:/home/roboracing/ros2_humble/install/examples_rclpy_minimal_publisher:/home/roboracing/ros2_humble/install/examples_rclpy_minimal_client:/home/roboracing/ros2_humble/install/examples_rclpy_minimal_action_server:/home/roboracing/ros2_humble/install/examples_rclpy_minimal_action_client:/home/roboracing/ros2_humble/install/examples_rclpy_guard_conditions:/home/roboracing/ros2_humble/install/examples_rclpy_executors:/home/roboracing/ros2_humble/install/demo_nodes_py:/home/roboracing/ros2_humble/install/action_tutorials_py:/home/roboracing/ros2_humble/install/ament_uncrustify:/home/roboracing/ros2_humble/install/tracetools_trace:/home/roboracing/ros2_humble/install/tracetools_read:/home/roboracing/ros2_humble/install/test_tracetools_launch:/home/roboracing/ros2_humble/install/test_launch_ros:/home/roboracing/ros2_humble/install/sensor_msgs_py:/home/roboracing/ros2_humble/install/rpyutils:/home/roboracing/ros2_humble/install/rosidl_runtime_py:/home/roboracing/ros2_humble/install/rosidl_cli:/home/roboracing/ros2_humble/install/launch_pytest:/home/roboracing/ros2_humble/install/launch_testing:/home/roboracing/ros2_humble/install/launch_yaml:/home/roboracing/ros2_humble/install/launch_xml:/home/roboracing/ros2_humble/install/launch:/home/roboracing/ros2_humble/install/osrf_pycommon:/home/roboracing/ros2_humble/install/domain_coordinator:/home/roboracing/ros2_humble/install/ament_xmllint:/home/roboracing/ros2_humble/install/ament_pyflakes:/home/roboracing/ros2_humble/install/ament_pycodestyle:/home/roboracing/ros2_humble/install/ament_pep257:/home/roboracing/ros2_humble/install/ament_pclint:/home/roboracing/ros2_humble/install/ament_package:/home/roboracing/ros2_humble/install/ament_mypy:/home/roboracing/ros2_humble/install/ament_lint_cmake:/home/roboracing/ros2_humble/install/ament_flake8:/home/roboracing/ros2_humble/install/ament_copyright:/home/roboracing/ros2_humble/install/ament_lint:/home/roboracing/ros2_humble/install/ament_index_python:/home/roboracing/ros2_humble/install/ament_cpplint:/home/roboracing/ros2_humble/install/ament_cppcheck:/home/roboracing/ros2_humble/install/ament_clang_tidy:/home/roboracing/ros2_humble/install/ament_clang_format:/opt/ros/humble /usr/bin/cmake --install /home/roboracing/Desktop/roboracing-rigatoniv-base/build/vision
[3.768s] Level 1:colcon.colcon_core.environment:checking '/home/roboracing/Desktop/roboracing-rigatoniv-base/install/vision' for CMake module files
[3.770s] Level 1:colcon.colcon_core.environment:checking '/home/roboracing/Desktop/roboracing-rigatoniv-base/install/vision' for CMake config files
[3.770s] Level 1:colcon.colcon_core.shell:create_environment_hook('vision', 'cmake_prefix_path')
[3.771s] INFO:colcon.colcon_core.shell:Creating environment hook '/home/roboracing/Desktop/roboracing-rigatoniv-base/install/vision/share/vision/hook/cmake_prefix_path.ps1'
[3.772s] INFO:colcon.colcon_core.shell:Creating environment descriptor '/home/roboracing/Desktop/roboracing-rigatoniv-base/install/vision/share/vision/hook/cmake_prefix_path.dsv'
[3.773s] INFO:colcon.colcon_core.shell:Creating environment hook '/home/roboracing/Desktop/roboracing-rigatoniv-base/install/vision/share/vision/hook/cmake_prefix_path.sh'
[3.775s] Level 1:colcon.colcon_core.environment:checking '/home/roboracing/Desktop/roboracing-rigatoniv-base/install/vision/lib'
[3.775s] Level 1:colcon.colcon_core.shell:create_environment_hook('vision', 'ld_library_path_lib')
[3.776s] INFO:colcon.colcon_core.shell:Creating environment hook '/home/roboracing/Desktop/roboracing-rigatoniv-base/install/vision/share/vision/hook/ld_library_path_lib.ps1'
[3.777s] INFO:colcon.colcon_core.shell:Creating environment descriptor '/home/roboracing/Desktop/roboracing-rigatoniv-base/install/vision/share/vision/hook/ld_library_path_lib.dsv'
[3.778s] INFO:colcon.colcon_core.shell:Creating environment hook '/home/roboracing/Desktop/roboracing-rigatoniv-base/install/vision/share/vision/hook/ld_library_path_lib.sh'
[3.779s] Level 1:colcon.colcon_core.environment:checking '/home/roboracing/Desktop/roboracing-rigatoniv-base/install/vision/bin'
[3.779s] Level 1:colcon.colcon_core.environment:checking '/home/roboracing/Desktop/roboracing-rigatoniv-base/install/vision/lib/pkgconfig/vision.pc'
[3.779s] Level 1:colcon.colcon_core.environment:checking '/home/roboracing/Desktop/roboracing-rigatoniv-base/install/vision/lib/python3.10/site-packages'
[3.780s] Level 1:colcon.colcon_core.environment:checking '/home/roboracing/Desktop/roboracing-rigatoniv-base/install/vision/bin'
[3.780s] INFO:colcon.colcon_core.shell:Creating package script '/home/roboracing/Desktop/roboracing-rigatoniv-base/install/vision/share/vision/package.ps1'
[3.782s] INFO:colcon.colcon_core.shell:Creating package descriptor '/home/roboracing/Desktop/roboracing-rigatoniv-base/install/vision/share/vision/package.dsv'
[3.783s] INFO:colcon.colcon_core.shell:Creating package script '/home/roboracing/Desktop/roboracing-rigatoniv-base/install/vision/share/vision/package.sh'
[3.785s] INFO:colcon.colcon_core.shell:Creating package script '/home/roboracing/Desktop/roboracing-rigatoniv-base/install/vision/share/vision/package.bash'
[3.786s] INFO:colcon.colcon_core.shell:Creating package script '/home/roboracing/Desktop/roboracing-rigatoniv-base/install/vision/share/vision/package.zsh'
[3.788s] Level 1:colcon.colcon_core.environment:create_file_with_runtime_dependencies(/home/roboracing/Desktop/roboracing-rigatoniv-base/install/vision/share/colcon-core/packages/vision)
[3.789s] Level 1:colcon.colcon_core.environment:create_environment_scripts_only(vision)
[3.790s] Level 1:colcon.colcon_core.environment:checking '/home/roboracing/Desktop/roboracing-rigatoniv-base/install/vision' for CMake module files
[3.791s] Level 1:colcon.colcon_core.environment:checking '/home/roboracing/Desktop/roboracing-rigatoniv-base/install/vision' for CMake config files
[3.791s] Level 1:colcon.colcon_core.shell:create_environment_hook('vision', 'cmake_prefix_path')
[3.792s] INFO:colcon.colcon_core.shell:Creating environment hook '/home/roboracing/Desktop/roboracing-rigatoniv-base/install/vision/share/vision/hook/cmake_prefix_path.ps1'
[3.992s] INFO:colcon.colcon_core.shell:Creating environment descriptor '/home/roboracing/Desktop/roboracing-rigatoniv-base/install/vision/share/vision/hook/cmake_prefix_path.dsv'
[3.993s] INFO:colcon.colcon_core.shell:Creating environment hook '/home/roboracing/Desktop/roboracing-rigatoniv-base/install/vision/share/vision/hook/cmake_prefix_path.sh'
[3.995s] Level 1:colcon.colcon_core.environment:checking '/home/roboracing/Desktop/roboracing-rigatoniv-base/install/vision/lib'
[3.995s] Level 1:colcon.colcon_core.shell:create_environment_hook('vision', 'ld_library_path_lib')
[3.996s] INFO:colcon.colcon_core.shell:Creating environment hook '/home/roboracing/Desktop/roboracing-rigatoniv-base/install/vision/share/vision/hook/ld_library_path_lib.ps1'
[3.997s] INFO:colcon.colcon_core.shell:Creating environment descriptor '/home/roboracing/Desktop/roboracing-rigatoniv-base/install/vision/share/vision/hook/ld_library_path_lib.dsv'
[3.997s] INFO:colcon.colcon_core.shell:Creating environment hook '/home/roboracing/Desktop/roboracing-rigatoniv-base/install/vision/share/vision/hook/ld_library_path_lib.sh'
[3.998s] Level 1:colcon.colcon_core.environment:checking '/home/roboracing/Desktop/roboracing-rigatoniv-base/install/vision/bin'
[3.998s] Level 1:colcon.colcon_core.environment:checking '/home/roboracing/Desktop/roboracing-rigatoniv-base/install/vision/lib/pkgconfig/vision.pc'
[3.999s] Level 1:colcon.colcon_core.environment:checking '/home/roboracing/Desktop/roboracing-rigatoniv-base/install/vision/lib/python3.10/site-packages'
[3.999s] Level 1:colcon.colcon_core.environment:checking '/home/roboracing/Desktop/roboracing-rigatoniv-base/install/vision/bin'
[4.000s] INFO:colcon.colcon_core.shell:Creating package script '/home/roboracing/Desktop/roboracing-rigatoniv-base/install/vision/share/vision/package.ps1'
[4.001s] INFO:colcon.colcon_core.shell:Creating package descriptor '/home/roboracing/Desktop/roboracing-rigatoniv-base/install/vision/share/vision/package.dsv'
[4.002s] INFO:colcon.colcon_core.shell:Creating package script '/home/roboracing/Desktop/roboracing-rigatoniv-base/install/vision/share/vision/package.sh'
[4.004s] INFO:colcon.colcon_core.shell:Creating package script '/home/roboracing/Desktop/roboracing-rigatoniv-base/install/vision/share/vision/package.bash'
[4.005s] INFO:colcon.colcon_core.shell:Creating package script '/home/roboracing/Desktop/roboracing-rigatoniv-base/install/vision/share/vision/package.zsh'
[4.005s] Level 1:colcon.colcon_core.environment:create_file_with_runtime_dependencies(/home/roboracing/Desktop/roboracing-rigatoniv-base/install/vision/share/colcon-core/packages/vision)
[4.963s] DEBUG:colcon.colcon_core.event_handler.log_command:Invoking command in '/home/roboracing/Desktop/roboracing-rigatoniv-base/launch_robot': PYTHONPATH=/home/roboracing/Desktop/roboracing-rigatoniv-base/build/launch_robot/prefix_override:/usr/lib/python3/dist-packages/colcon_core/task/python/colcon_distutils_commands:/home/roboracing/Desktop/roboracing-rigatoniv-base/install/launch_robot/lib/python3.10/site-packages:${PYTHONPATH} /usr/bin/python3 -W ignore:setup.py install is deprecated -W ignore:easy_install command is deprecated setup.py egg_info --egg-base ../build/launch_robot build --build-base /home/roboracing/Desktop/roboracing-rigatoniv-base/build/launch_robot/build install --record /home/roboracing/Desktop/roboracing-rigatoniv-base/build/launch_robot/install.log --single-version-externally-managed install_data
[6.552s] Level 1:colcon.colcon_core.environment:checking '/home/roboracing/Desktop/roboracing-rigatoniv-base/install/launch_robot' for CMake module files
[6.555s] DEBUG:colcon.colcon_core.event_handler.log_command:Invoked command in '/home/roboracing/Desktop/roboracing-rigatoniv-base/launch_robot' returned '0': PYTHONPATH=/home/roboracing/Desktop/roboracing-rigatoniv-base/build/launch_robot/prefix_override:/usr/lib/python3/dist-packages/colcon_core/task/python/colcon_distutils_commands:/home/roboracing/Desktop/roboracing-rigatoniv-base/install/launch_robot/lib/python3.10/site-packages:${PYTHONPATH} /usr/bin/python3 -W ignore:setup.py install is deprecated -W ignore:easy_install command is deprecated setup.py egg_info --egg-base ../build/launch_robot build --build-base /home/roboracing/Desktop/roboracing-rigatoniv-base/build/launch_robot/build install --record /home/roboracing/Desktop/roboracing-rigatoniv-base/build/launch_robot/install.log --single-version-externally-managed install_data
[6.556s] Level 1:colcon.colcon_core.environment:checking '/home/roboracing/Desktop/roboracing-rigatoniv-base/install/launch_robot' for CMake config files
[6.559s] Level 1:colcon.colcon_core.environment:checking '/home/roboracing/Desktop/roboracing-rigatoniv-base/install/launch_robot/lib'
[6.560s] Level 1:colcon.colcon_core.environment:checking '/home/roboracing/Desktop/roboracing-rigatoniv-base/install/launch_robot/bin'
[6.560s] Level 1:colcon.colcon_core.environment:checking '/home/roboracing/Desktop/roboracing-rigatoniv-base/install/launch_robot/lib/pkgconfig/launch_robot.pc'
[6.561s] Level 1:colcon.colcon_core.environment:checking '/home/roboracing/Desktop/roboracing-rigatoniv-base/install/launch_robot/lib/python3.10/site-packages'
[6.561s] Level 1:colcon.colcon_core.shell:create_environment_hook('launch_robot', 'pythonpath')
[6.562s] INFO:colcon.colcon_core.shell:Creating environment hook '/home/roboracing/Desktop/roboracing-rigatoniv-base/install/launch_robot/share/launch_robot/hook/pythonpath.ps1'
[6.563s] INFO:colcon.colcon_core.shell:Creating environment descriptor '/home/roboracing/Desktop/roboracing-rigatoniv-base/install/launch_robot/share/launch_robot/hook/pythonpath.dsv'
[6.564s] INFO:colcon.colcon_core.shell:Creating environment hook '/home/roboracing/Desktop/roboracing-rigatoniv-base/install/launch_robot/share/launch_robot/hook/pythonpath.sh'
[6.566s] Level 1:colcon.colcon_core.environment:checking '/home/roboracing/Desktop/roboracing-rigatoniv-base/install/launch_robot/bin'
[6.566s] Level 1:colcon.colcon_core.environment:create_environment_scripts_only(launch_robot)
[6.567s] INFO:colcon.colcon_core.shell:Creating package script '/home/roboracing/Desktop/roboracing-rigatoniv-base/install/launch_robot/share/launch_robot/package.ps1'
[6.569s] INFO:colcon.colcon_core.shell:Creating package descriptor '/home/roboracing/Desktop/roboracing-rigatoniv-base/install/launch_robot/share/launch_robot/package.dsv'
[6.571s] INFO:colcon.colcon_core.shell:Creating package script '/home/roboracing/Desktop/roboracing-rigatoniv-base/install/launch_robot/share/launch_robot/package.sh'
[6.572s] INFO:colcon.colcon_core.shell:Creating package script '/home/roboracing/Desktop/roboracing-rigatoniv-base/install/launch_robot/share/launch_robot/package.bash'
[6.573s] INFO:colcon.colcon_core.shell:Creating package script '/home/roboracing/Desktop/roboracing-rigatoniv-base/install/launch_robot/share/launch_robot/package.zsh'
[6.575s] Level 1:colcon.colcon_core.environment:create_file_with_runtime_dependencies(/home/roboracing/Desktop/roboracing-rigatoniv-base/install/launch_robot/share/colcon-core/packages/launch_robot)
[17.682s] DEBUG:colcon.colcon_core.event_handler.log_command:Invoked command in '/home/roboracing/Desktop/roboracing-rigatoniv-base/build/comms' returned '2': CMAKE_PREFIX_PATH=${CMAKE_PREFIX_PATH}:/home/roboracing/Desktop/roboracing-rigatoniv-base/install/launch_robot:/home/roboracing/ros2_humble/install/rqt_bag_plugins:/home/roboracing/ros2_humble/install/rqt_bag:/home/roboracing/ros2_humble/install/launch_testing_examples:/home/roboracing/ros2_humble/install/ros2bag:/home/roboracing/ros2_humble/install/tracetools_test:/home/roboracing/ros2_humble/install/tracetools_launch:/home/roboracing/ros2_humble/install/topic_monitor:/home/roboracing/ros2_humble/install/tf2_tools:/home/roboracing/ros2_humble/install/examples_tf2_py:/home/roboracing/ros2_humble/install/tf2_ros_py:/home/roboracing/ros2_humble/install/sros2:/home/roboracing/ros2_humble/install/rqt_topic:/home/roboracing/ros2_humble/install/rqt_srv:/home/roboracing/ros2_humble/install/rqt_shell:/home/roboracing/ros2_humble/install/rqt_service_caller:/home/roboracing/ros2_humble/install/rqt_reconfigure:/home/roboracing/ros2_humble/install/rqt_py_console:/home/roboracing/ros2_humble/install/rqt_publisher:/home/roboracing/ros2_humble/install/rqt_plot:/home/roboracing/ros2_humble/install/rqt_action:/home/roboracing/ros2_humble/install/rqt_msg:/home/roboracing/ros2_humble/install/rqt_console:/home/roboracing/ros2_humble/install/rqt:/home/roboracing/ros2_humble/install/rqt_graph:/home/roboracing/ros2_humble/install/rqt_gui_py:/home/roboracing/ros2_humble/install/rqt_gui:/home/roboracing/ros2_humble/install/ros2trace:/home/roboracing/ros2_humble/install/ros2topic:/home/roboracing/ros2_humble/install/ros2test:/home/roboracing/ros2_humble/install/ros2component:/home/roboracing/ros2_humble/install/ros2param:/home/roboracing/ros2_humble/install/ros2lifecycle:/home/roboracing/ros2_humble/install/ros2service:/home/roboracing/ros2_humble/install/ros2run:/home/roboracing/ros2_humble/install/ros2launch:/home/roboracing/ros2_humble/install/ros2pkg:/home/roboracing/ros2_humble/install/ros2node:/home/roboracing/ros2_humble/install/ros2multicast:/home/roboracing/ros2_humble/install/ros2interface:/home/roboracing/ros2_humble/install/ros2doctor:/home/roboracing/ros2_humble/install/ros2action:/home/roboracing/ros2_humble/install/ros2cli:/home/roboracing/ros2_humble/install/quality_of_service_demo_py:/home/roboracing/ros2_humble/install/lifecycle_py:/home/roboracing/ros2_humble/install/launch_testing_ros:/home/roboracing/ros2_humble/install/launch_ros:/home/roboracing/ros2_humble/install/examples_rclpy_pointcloud_publisher:/home/roboracing/ros2_humble/install/examples_rclpy_minimal_subscriber:/home/roboracing/ros2_humble/install/examples_rclpy_minimal_service:/home/roboracing/ros2_humble/install/examples_rclpy_minimal_publisher:/home/roboracing/ros2_humble/install/examples_rclpy_minimal_client:/home/roboracing/ros2_humble/install/examples_rclpy_minimal_action_server:/home/roboracing/ros2_humble/install/examples_rclpy_minimal_action_client:/home/roboracing/ros2_humble/install/examples_rclpy_guard_conditions:/home/roboracing/ros2_humble/install/examples_rclpy_executors:/home/roboracing/ros2_humble/install/demo_nodes_py:/home/roboracing/ros2_humble/install/action_tutorials_py:/home/roboracing/ros2_humble/install/ament_uncrustify:/home/roboracing/ros2_humble/install/tracetools_trace:/home/roboracing/ros2_humble/install/tracetools_read:/home/roboracing/ros2_humble/install/test_tracetools_launch:/home/roboracing/ros2_humble/install/test_launch_ros:/home/roboracing/ros2_humble/install/sensor_msgs_py:/home/roboracing/ros2_humble/install/rpyutils:/home/roboracing/ros2_humble/install/rosidl_runtime_py:/home/roboracing/ros2_humble/install/rosidl_cli:/home/roboracing/ros2_humble/install/launch_pytest:/home/roboracing/ros2_humble/install/launch_testing:/home/roboracing/ros2_humble/install/launch_yaml:/home/roboracing/ros2_humble/install/launch_xml:/home/roboracing/ros2_humble/install/launch:/home/roboracing/ros2_humble/install/osrf_pycommon:/home/roboracing/ros2_humble/install/domain_coordinator:/home/roboracing/ros2_humble/install/ament_xmllint:/home/roboracing/ros2_humble/install/ament_pyflakes:/home/roboracing/ros2_humble/install/ament_pycodestyle:/home/roboracing/ros2_humble/install/ament_pep257:/home/roboracing/ros2_humble/install/ament_pclint:/home/roboracing/ros2_humble/install/ament_package:/home/roboracing/ros2_humble/install/ament_mypy:/home/roboracing/ros2_humble/install/ament_lint_cmake:/home/roboracing/ros2_humble/install/ament_flake8:/home/roboracing/ros2_humble/install/ament_copyright:/home/roboracing/ros2_humble/install/ament_lint:/home/roboracing/ros2_humble/install/ament_index_python:/home/roboracing/ros2_humble/install/ament_cpplint:/home/roboracing/ros2_humble/install/ament_cppcheck:/home/roboracing/ros2_humble/install/ament_clang_tidy:/home/roboracing/ros2_humble/install/ament_clang_format:/opt/ros/humble /usr/bin/cmake --build /home/roboracing/Desktop/roboracing-rigatoniv-base/build/comms -- -j6 -l6
[17.684s] Level 1:colcon.colcon_core.environment:create_environment_scripts_only(comms)
[17.685s] Level 1:colcon.colcon_core.environment:checking '/home/roboracing/Desktop/roboracing-rigatoniv-base/install/comms' for CMake module files
[17.686s] Level 1:colcon.colcon_core.environment:checking '/home/roboracing/Desktop/roboracing-rigatoniv-base/install/comms' for CMake config files
[17.687s] Level 1:colcon.colcon_core.shell:create_environment_hook('comms', 'cmake_prefix_path')
[17.688s] INFO:colcon.colcon_core.shell:Creating environment hook '/home/roboracing/Desktop/roboracing-rigatoniv-base/install/comms/share/comms/hook/cmake_prefix_path.ps1'
[17.690s] INFO:colcon.colcon_core.shell:Creating environment descriptor '/home/roboracing/Desktop/roboracing-rigatoniv-base/install/comms/share/comms/hook/cmake_prefix_path.dsv'
[17.691s] INFO:colcon.colcon_core.shell:Creating environment hook '/home/roboracing/Desktop/roboracing-rigatoniv-base/install/comms/share/comms/hook/cmake_prefix_path.sh'
[17.694s] Level 1:colcon.colcon_core.environment:checking '/home/roboracing/Desktop/roboracing-rigatoniv-base/install/comms/lib'
[17.694s] Level 1:colcon.colcon_core.shell:create_environment_hook('comms', 'ld_library_path_lib')
[17.695s] INFO:colcon.colcon_core.shell:Creating environment hook '/home/roboracing/Desktop/roboracing-rigatoniv-base/install/comms/share/comms/hook/ld_library_path_lib.ps1'
[17.696s] INFO:colcon.colcon_core.shell:Creating environment descriptor '/home/roboracing/Desktop/roboracing-rigatoniv-base/install/comms/share/comms/hook/ld_library_path_lib.dsv'
[17.697s] INFO:colcon.colcon_core.shell:Creating environment hook '/home/roboracing/Desktop/roboracing-rigatoniv-base/install/comms/share/comms/hook/ld_library_path_lib.sh'
[17.698s] Level 1:colcon.colcon_core.environment:checking '/home/roboracing/Desktop/roboracing-rigatoniv-base/install/comms/bin'
[17.699s] Level 1:colcon.colcon_core.environment:checking '/home/roboracing/Desktop/roboracing-rigatoniv-base/install/comms/lib/pkgconfig/comms.pc'
[17.699s] Level 1:colcon.colcon_core.environment:checking '/home/roboracing/Desktop/roboracing-rigatoniv-base/install/comms/lib/python3.10/site-packages'
[17.700s] Level 1:colcon.colcon_core.environment:checking '/home/roboracing/Desktop/roboracing-rigatoniv-base/install/comms/bin'
[17.702s] INFO:colcon.colcon_core.shell:Creating package script '/home/roboracing/Desktop/roboracing-rigatoniv-base/install/comms/share/comms/package.ps1'
[17.704s] INFO:colcon.colcon_core.shell:Creating package descriptor '/home/roboracing/Desktop/roboracing-rigatoniv-base/install/comms/share/comms/package.dsv'
[17.707s] INFO:colcon.colcon_core.shell:Creating package script '/home/roboracing/Desktop/roboracing-rigatoniv-base/install/comms/share/comms/package.sh'
[17.708s] INFO:colcon.colcon_core.shell:Creating package script '/home/roboracing/Desktop/roboracing-rigatoniv-base/install/comms/share/comms/package.bash'
[17.710s] INFO:colcon.colcon_core.shell:Creating package script '/home/roboracing/Desktop/roboracing-rigatoniv-base/install/comms/share/comms/package.zsh'
[17.711s] Level 1:colcon.colcon_core.environment:create_file_with_runtime_dependencies(/home/roboracing/Desktop/roboracing-rigatoniv-base/install/comms/share/colcon-core/packages/comms)
[17.722s] DEBUG:colcon.colcon_parallel_executor.executor.parallel:closing loop
[17.723s] DEBUG:colcon.colcon_parallel_executor.executor.parallel:loop closed
[17.724s] DEBUG:colcon.colcon_parallel_executor.executor.parallel:run_until_complete finished with '2'
[17.724s] DEBUG:colcon.colcon_core.event_reactor:joining thread
[17.785s] INFO:colcon.colcon_core.plugin_system:Skipping extension 'colcon_notification.desktop_notification.terminal_notifier': Not used on non-Darwin systems
[17.786s] INFO:colcon.colcon_core.plugin_system:Skipping extension 'colcon_notification.desktop_notification.win32': Not used on non-Windows systems
[17.786s] INFO:colcon.colcon_notification.desktop_notification:Sending desktop notification using 'notify2'
[17.837s] DEBUG:colcon.colcon_core.event_reactor:joined thread
[17.839s] INFO:colcon.colcon_core.shell:Creating prefix script '/home/roboracing/Desktop/roboracing-rigatoniv-base/install/local_setup.ps1'
[17.842s] INFO:colcon.colcon_core.shell:Creating prefix util module '/home/roboracing/Desktop/roboracing-rigatoniv-base/install/_local_setup_util_ps1.py'
[17.846s] INFO:colcon.colcon_core.shell:Creating prefix chain script '/home/roboracing/Desktop/roboracing-rigatoniv-base/install/setup.ps1'
[17.886s] INFO:colcon.colcon_core.shell:Creating prefix script '/home/roboracing/Desktop/roboracing-rigatoniv-base/install/local_setup.sh'
[17.888s] INFO:colcon.colcon_core.shell:Creating prefix util module '/home/roboracing/Desktop/roboracing-rigatoniv-base/install/_local_setup_util_sh.py'
[17.889s] INFO:colcon.colcon_core.shell:Creating prefix chain script '/home/roboracing/Desktop/roboracing-rigatoniv-base/install/setup.sh'
[17.924s] INFO:colcon.colcon_core.shell:Creating prefix script '/home/roboracing/Desktop/roboracing-rigatoniv-base/install/local_setup.bash'
[17.926s] INFO:colcon.colcon_core.shell:Creating prefix chain script '/home/roboracing/Desktop/roboracing-rigatoniv-base/install/setup.bash'
[17.956s] INFO:colcon.colcon_core.shell:Creating prefix script '/home/roboracing/Desktop/roboracing-rigatoniv-base/install/local_setup.zsh'
[17.957s] INFO:colcon.colcon_core.shell:Creating prefix chain script '/home/roboracing/Desktop/roboracing-rigatoniv-base/install/setup.zsh'
