[35m[1mConsolidate compiler generated dependencies of target cone[0m
[35m[1mConsolidate compiler generated dependencies of target line[0m
[35m[1mConsolidate compiler generated dependencies of target video[0m
[35m[1mConsolidate compiler generated dependencies of target vision[0m
[ 20%] Built target cone
[ 40%] Built target line
[ 60%] Built target video
[100%] Built target vision
-- Install configuration: ""
-- Installing: /home/roboracing/Desktop/roboracing-rigatoniv-base/install/vision/lib/libvision.so
-- Set runtime path of "/home/roboracing/Desktop/roboracing-rigatoniv-base/install/vision/lib/libvision.so" to ""
-- Installing: /home/roboracing/Desktop/roboracing-rigatoniv-base/install/vision/lib/vision/cone
-- Set runtime path of "/home/roboracing/Desktop/roboracing-rigatoniv-base/install/vision/lib/vision/cone" to ""
-- Installing: /home/roboracing/Desktop/roboracing-rigatoniv-base/install/vision/lib/vision/line
-- Set runtime path of "/home/roboracing/Desktop/roboracing-rigatoniv-base/install/vision/lib/vision/line" to ""
-- Installing: /home/roboracing/Desktop/roboracing-rigatoniv-base/install/vision/lib/vision/video
-- Set runtime path of "/home/roboracing/Desktop/roboracing-rigatoniv-base/install/vision/lib/vision/video" to ""
-- Installing: /home/roboracing/Desktop/roboracing-rigatoniv-base/install/vision/share/vision//launch
-- Installing: /home/roboracing/Desktop/roboracing-rigatoniv-base/install/vision/share/vision//launch/vision_launch.py
-- Installing: /home/roboracing/Desktop/roboracing-rigatoniv-base/install/vision/share/ament_index/resource_index/package_run_dependencies/vision
-- Installing: /home/roboracing/Desktop/roboracing-rigatoniv-base/install/vision/share/ament_index/resource_index/parent_prefix_path/vision
-- Installing: /home/roboracing/Desktop/roboracing-rigatoniv-base/install/vision/share/vision/environment/ament_prefix_path.sh
-- Installing: /home/roboracing/Desktop/roboracing-rigatoniv-base/install/vision/share/vision/environment/ament_prefix_path.dsv
-- Installing: /home/roboracing/Desktop/roboracing-rigatoniv-base/install/vision/share/vision/environment/path.sh
-- Installing: /home/roboracing/Desktop/roboracing-rigatoniv-base/install/vision/share/vision/environment/path.dsv
-- Installing: /home/roboracing/Desktop/roboracing-rigatoniv-base/install/vision/share/vision/local_setup.bash
-- Installing: /home/roboracing/Desktop/roboracing-rigatoniv-base/install/vision/share/vision/local_setup.sh
-- Installing: /home/roboracing/Desktop/roboracing-rigatoniv-base/install/vision/share/vision/local_setup.zsh
-- Installing: /home/roboracing/Desktop/roboracing-rigatoniv-base/install/vision/share/vision/local_setup.dsv
-- Installing: /home/roboracing/Desktop/roboracing-rigatoniv-base/install/vision/share/vision/package.dsv
-- Installing: /home/roboracing/Desktop/roboracing-rigatoniv-base/install/vision/share/ament_index/resource_index/packages/vision
-- Installing: /home/roboracing/Desktop/roboracing-rigatoniv-base/install/vision/share/ament_index/resource_index/rclcpp_components/vision
-- Installing: /home/roboracing/Desktop/roboracing-rigatoniv-base/install/vision/share/vision/cmake/visionConfig.cmake
-- Installing: /home/roboracing/Desktop/roboracing-rigatoniv-base/install/vision/share/vision/cmake/visionConfig-version.cmake
-- Installing: /home/roboracing/Desktop/roboracing-rigatoniv-base/install/vision/share/vision/package.xml
