[3.572s] Invoking command in '/home/roboracing/Desktop/roboracing-rigatoniv-base/launch_robot': PYTHONPATH=/home/roboracing/Desktop/roboracing-rigatoniv-base/build/launch_robot/prefix_override:/usr/lib/python3/dist-packages/colcon_core/task/python/colcon_distutils_commands:/home/roboracing/Desktop/roboracing-rigatoniv-base/install/launch_robot/lib/python3.10/site-packages:${PYTHONPATH} /usr/bin/python3 -W ignore:setup.py install is deprecated -W ignore:easy_install command is deprecated setup.py egg_info --egg-base ../build/launch_robot build --build-base /home/roboracing/Desktop/roboracing-rigatoniv-base/build/launch_robot/build install --record /home/roboracing/Desktop/roboracing-rigatoniv-base/build/launch_robot/install.log --single-version-externally-managed install_data
[4.790s] running egg_info
[4.791s] writing ../build/launch_robot/launch_robot.egg-info/PKG-INFO
[4.792s] writing dependency_links to ../build/launch_robot/launch_robot.egg-info/dependency_links.txt
[4.792s] writing entry points to ../build/launch_robot/launch_robot.egg-info/entry_points.txt
[4.793s] writing requirements to ../build/launch_robot/launch_robot.egg-info/requires.txt
[4.793s] writing top-level names to ../build/launch_robot/launch_robot.egg-info/top_level.txt
[4.798s] reading manifest file '../build/launch_robot/launch_robot.egg-info/SOURCES.txt'
[4.804s] adding license file 'LICENSE'
[4.805s] writing manifest file '../build/launch_robot/launch_robot.egg-info/SOURCES.txt'
[4.805s] running build
[4.805s] running build_py
[4.806s] running install
[4.807s] running install_lib
[4.816s] running install_data
[4.816s] running install_egg_info
[4.825s] removing '/home/roboracing/Desktop/roboracing-rigatoniv-base/install/launch_robot/lib/python3.10/site-packages/launch_robot-0.0.0-py3.10.egg-info' (and everything under it)
[4.826s] Copying ../build/launch_robot/launch_robot.egg-info to /home/roboracing/Desktop/roboracing-rigatoniv-base/install/launch_robot/lib/python3.10/site-packages/launch_robot-0.0.0-py3.10.egg-info
[4.834s] running install_scripts
[4.935s] writing list of installed files to '/home/roboracing/Desktop/roboracing-rigatoniv-base/build/launch_robot/install.log'
[5.017s] Invoked command in '/home/roboracing/Desktop/roboracing-rigatoniv-base/launch_robot' returned '0': PYTHONPATH=/home/roboracing/Desktop/roboracing-rigatoniv-base/build/launch_robot/prefix_override:/usr/lib/python3/dist-packages/colcon_core/task/python/colcon_distutils_commands:/home/roboracing/Desktop/roboracing-rigatoniv-base/install/launch_robot/lib/python3.10/site-packages:${PYTHONPATH} /usr/bin/python3 -W ignore:setup.py install is deprecated -W ignore:easy_install command is deprecated setup.py egg_info --egg-base ../build/launch_robot build --build-base /home/roboracing/Desktop/roboracing-rigatoniv-base/build/launch_robot/build install --record /home/roboracing/Desktop/roboracing-rigatoniv-base/build/launch_robot/install.log --single-version-externally-managed install_data
