[0.978s] DEBUG:colcon:Command line arguments: ['/usr/bin/colcon', 'build']
[0.978s] DEBUG:colcon:Parsed command line arguments: Namespace(log_base=None, log_level=None, verb_name='build', build_base='build', install_base='install', merge_install=False, symlink_install=False, test_result_base=None, continue_on_error=False, executor='parallel', parallel_workers=6, event_handlers=None, ignore_user_meta=False, metas=['./colcon.meta'], base_paths=['.'], packages_ignore=None, packages_ignore_regex=None, paths=None, packages_up_to=None, packages_up_to_regex=None, packages_above=None, packages_above_and_dependencies=None, packages_above_depth=None, packages_select_by_dep=None, packages_skip_by_dep=None, packages_skip_up_to=None, packages_select_build_failed=False, packages_skip_build_finished=False, packages_select_test_failures=False, packages_skip_test_passed=False, packages_select=None, packages_skip=None, packages_select_regex=None, packages_skip_regex=None, packages_start=None, packages_end=None, allow_overriding=[], cmake_args=None, cmake_target=None, cmake_target_skip_unavailable=False, cmake_clean_cache=False, cmake_clean_first=False, cmake_force_configure=False, ament_cmake_args=None, catkin_cmake_args=None, catkin_skip_building_tests=False, mixin_files=None, mixin=None, verb_parser=<colcon_mixin.mixin.mixin_argument.MixinArgumentDecorator object at 0xffffb99f9990>, verb_extension=<colcon_core.verb.build.BuildVerb object at 0xffffb99f9300>, main=<bound method BuildVerb.main of <colcon_core.verb.build.BuildVerb object at 0xffffb99f9300>>, mixin_verb=('build',))
[2.624s] Level 1:colcon.colcon_core.package_discovery:discover_packages(colcon_meta) check parameters
[2.624s] Level 1:colcon.colcon_core.package_discovery:discover_packages(recursive) check parameters
[2.624s] Level 1:colcon.colcon_core.package_discovery:discover_packages(ignore) check parameters
[2.624s] Level 1:colcon.colcon_core.package_discovery:discover_packages(path) check parameters
[2.625s] Level 1:colcon.colcon_core.package_discovery:discover_packages(colcon_meta) discover
[2.625s] Level 1:colcon.colcon_core.package_discovery:discover_packages(recursive) discover
[2.626s] INFO:colcon.colcon_core.package_discovery:Crawling recursively for packages in '/home/roboracing/Desktop/roboracing-rigatoniv-base'
[2.626s] Level 1:colcon.colcon_core.package_identification:_identify(.) by extensions ['ignore', 'ignore_ament_install']
[2.626s] Level 1:colcon.colcon_core.package_identification:_identify(.) by extension 'ignore'
[2.627s] Level 1:colcon.colcon_core.package_identification:_identify(.) by extension 'ignore_ament_install'
[2.627s] Level 1:colcon.colcon_core.package_identification:_identify(.) by extensions ['colcon_pkg']
[2.627s] Level 1:colcon.colcon_core.package_identification:_identify(.) by extension 'colcon_pkg'
[2.627s] Level 1:colcon.colcon_core.package_identification:_identify(.) by extensions ['colcon_meta']
[2.627s] Level 1:colcon.colcon_core.package_identification:_identify(.) by extension 'colcon_meta'
[2.627s] Level 1:colcon.colcon_core.package_identification:_identify(.) by extensions ['ros']
[2.627s] Level 1:colcon.colcon_core.package_identification:_identify(.) by extension 'ros'
[2.707s] Level 1:colcon.colcon_core.package_identification:_identify(.) by extensions ['cmake', 'python']
[2.707s] Level 1:colcon.colcon_core.package_identification:_identify(.) by extension 'cmake'
[2.708s] Level 1:colcon.colcon_core.package_identification:_identify(.) by extension 'python'
[2.708s] Level 1:colcon.colcon_core.package_identification:_identify(.) by extensions ['python_setup_py']
[2.708s] Level 1:colcon.colcon_core.package_identification:_identify(.) by extension 'python_setup_py'
[2.708s] Level 1:colcon.colcon_core.package_identification:_identify(build) by extensions ['ignore', 'ignore_ament_install']
[2.709s] Level 1:colcon.colcon_core.package_identification:_identify(build) by extension 'ignore'
[2.709s] Level 1:colcon.colcon_core.package_identification:_identify(build) ignored
[2.709s] Level 1:colcon.colcon_core.package_identification:_identify(comms) by extensions ['ignore', 'ignore_ament_install']
[2.709s] Level 1:colcon.colcon_core.package_identification:_identify(comms) by extension 'ignore'
[2.710s] Level 1:colcon.colcon_core.package_identification:_identify(comms) by extension 'ignore_ament_install'
[2.710s] Level 1:colcon.colcon_core.package_identification:_identify(comms) by extensions ['colcon_pkg']
[2.710s] Level 1:colcon.colcon_core.package_identification:_identify(comms) by extension 'colcon_pkg'
[2.710s] Level 1:colcon.colcon_core.package_identification:_identify(comms) by extensions ['colcon_meta']
[2.710s] Level 1:colcon.colcon_core.package_identification:_identify(comms) by extension 'colcon_meta'
[2.710s] Level 1:colcon.colcon_core.package_identification:_identify(comms) by extensions ['ros']
[2.710s] Level 1:colcon.colcon_core.package_identification:_identify(comms) by extension 'ros'
[2.728s] DEBUG:colcon.colcon_core.package_identification:Package 'comms' with type 'ros.ament_cmake' and name 'comms'
[2.728s] Level 1:colcon.colcon_core.package_identification:_identify(install) by extensions ['ignore', 'ignore_ament_install']
[2.728s] Level 1:colcon.colcon_core.package_identification:_identify(install) by extension 'ignore'
[2.729s] Level 1:colcon.colcon_core.package_identification:_identify(install) ignored
[2.729s] Level 1:colcon.colcon_core.package_identification:_identify(launch_robot) by extensions ['ignore', 'ignore_ament_install']
[2.729s] Level 1:colcon.colcon_core.package_identification:_identify(launch_robot) by extension 'ignore'
[2.730s] Level 1:colcon.colcon_core.package_identification:_identify(launch_robot) by extension 'ignore_ament_install'
[2.730s] Level 1:colcon.colcon_core.package_identification:_identify(launch_robot) by extensions ['colcon_pkg']
[2.730s] Level 1:colcon.colcon_core.package_identification:_identify(launch_robot) by extension 'colcon_pkg'
[2.730s] Level 1:colcon.colcon_core.package_identification:_identify(launch_robot) by extensions ['colcon_meta']
[2.730s] Level 1:colcon.colcon_core.package_identification:_identify(launch_robot) by extension 'colcon_meta'
[2.730s] Level 1:colcon.colcon_core.package_identification:_identify(launch_robot) by extensions ['ros']
[2.730s] Level 1:colcon.colcon_core.package_identification:_identify(launch_robot) by extension 'ros'
[2.732s] DEBUG:colcon.colcon_core.package_identification:Package 'launch_robot' with type 'ros.ament_python' and name 'launch_robot'
[2.732s] Level 1:colcon.colcon_core.package_identification:_identify(log) by extensions ['ignore', 'ignore_ament_install']
[2.732s] Level 1:colcon.colcon_core.package_identification:_identify(log) by extension 'ignore'
[2.732s] Level 1:colcon.colcon_core.package_identification:_identify(log) ignored
[2.732s] Level 1:colcon.colcon_core.package_identification:_identify(python_rosbag_readers) by extensions ['ignore', 'ignore_ament_install']
[2.733s] Level 1:colcon.colcon_core.package_identification:_identify(python_rosbag_readers) by extension 'ignore'
[2.733s] Level 1:colcon.colcon_core.package_identification:_identify(python_rosbag_readers) by extension 'ignore_ament_install'
[2.733s] Level 1:colcon.colcon_core.package_identification:_identify(python_rosbag_readers) by extensions ['colcon_pkg']
[2.733s] Level 1:colcon.colcon_core.package_identification:_identify(python_rosbag_readers) by extension 'colcon_pkg'
[2.733s] Level 1:colcon.colcon_core.package_identification:_identify(python_rosbag_readers) by extensions ['colcon_meta']
[2.733s] Level 1:colcon.colcon_core.package_identification:_identify(python_rosbag_readers) by extension 'colcon_meta'
[2.733s] Level 1:colcon.colcon_core.package_identification:_identify(python_rosbag_readers) by extensions ['ros']
[2.733s] Level 1:colcon.colcon_core.package_identification:_identify(python_rosbag_readers) by extension 'ros'
[2.734s] Level 1:colcon.colcon_core.package_identification:_identify(python_rosbag_readers) by extensions ['cmake', 'python']
[2.734s] Level 1:colcon.colcon_core.package_identification:_identify(python_rosbag_readers) by extension 'cmake'
[2.734s] Level 1:colcon.colcon_core.package_identification:_identify(python_rosbag_readers) by extension 'python'
[2.734s] Level 1:colcon.colcon_core.package_identification:_identify(python_rosbag_readers) by extensions ['python_setup_py']
[2.734s] Level 1:colcon.colcon_core.package_identification:_identify(python_rosbag_readers) by extension 'python_setup_py'
[2.734s] Level 1:colcon.colcon_core.package_identification:_identify(vision) by extensions ['ignore', 'ignore_ament_install']
[2.735s] Level 1:colcon.colcon_core.package_identification:_identify(vision) by extension 'ignore'
[2.735s] Level 1:colcon.colcon_core.package_identification:_identify(vision) by extension 'ignore_ament_install'
[2.735s] Level 1:colcon.colcon_core.package_identification:_identify(vision) by extensions ['colcon_pkg']
[2.735s] Level 1:colcon.colcon_core.package_identification:_identify(vision) by extension 'colcon_pkg'
[2.735s] Level 1:colcon.colcon_core.package_identification:_identify(vision) by extensions ['colcon_meta']
[2.735s] Level 1:colcon.colcon_core.package_identification:_identify(vision) by extension 'colcon_meta'
[2.735s] Level 1:colcon.colcon_core.package_identification:_identify(vision) by extensions ['ros']
[2.735s] Level 1:colcon.colcon_core.package_identification:_identify(vision) by extension 'ros'
[2.738s] DEBUG:colcon.colcon_core.package_identification:Package 'vision' with type 'ros.ament_cmake' and name 'vision'
[2.738s] Level 1:colcon.colcon_core.package_discovery:discover_packages(recursive) using defaults
[2.738s] Level 1:colcon.colcon_core.package_discovery:discover_packages(ignore) discover
[2.738s] Level 1:colcon.colcon_core.package_discovery:discover_packages(ignore) using defaults
[2.738s] Level 1:colcon.colcon_core.package_discovery:discover_packages(path) discover
[2.738s] Level 1:colcon.colcon_core.package_discovery:discover_packages(path) using defaults
[2.930s] Level 1:colcon.colcon_core.package_discovery:discover_packages(prefix_path) check parameters
[2.931s] Level 1:colcon.colcon_core.package_discovery:discover_packages(prefix_path) discover
[3.005s] DEBUG:colcon.colcon_installed_package_information.package_discovery:Found 345 installed packages in /home/roboracing/ros2_humble/install
[3.010s] DEBUG:colcon.colcon_installed_package_information.package_discovery:Found 112 installed packages in /opt/ros/humble
[3.019s] Level 1:colcon.colcon_core.package_discovery:discover_packages(prefix_path) using defaults
[3.946s] Level 5:colcon.colcon_core.verb:set package 'comms' build argument 'cmake_args' from command line to 'None'
[3.947s] Level 5:colcon.colcon_core.verb:set package 'comms' build argument 'cmake_target' from command line to 'None'
[3.947s] Level 5:colcon.colcon_core.verb:set package 'comms' build argument 'cmake_target_skip_unavailable' from command line to 'False'
[3.947s] Level 5:colcon.colcon_core.verb:set package 'comms' build argument 'cmake_clean_cache' from command line to 'False'
[3.947s] Level 5:colcon.colcon_core.verb:set package 'comms' build argument 'cmake_clean_first' from command line to 'False'
[3.947s] Level 5:colcon.colcon_core.verb:set package 'comms' build argument 'cmake_force_configure' from command line to 'False'
[3.947s] Level 5:colcon.colcon_core.verb:set package 'comms' build argument 'ament_cmake_args' from command line to 'None'
[3.947s] Level 5:colcon.colcon_core.verb:set package 'comms' build argument 'catkin_cmake_args' from command line to 'None'
[3.947s] Level 5:colcon.colcon_core.verb:set package 'comms' build argument 'catkin_skip_building_tests' from command line to 'False'
[3.947s] DEBUG:colcon.colcon_core.verb:Building package 'comms' with the following arguments: {'ament_cmake_args': None, 'build_base': '/home/roboracing/Desktop/roboracing-rigatoniv-base/build/comms', 'catkin_cmake_args': None, 'catkin_skip_building_tests': False, 'cmake_args': None, 'cmake_clean_cache': False, 'cmake_clean_first': False, 'cmake_force_configure': False, 'cmake_target': None, 'cmake_target_skip_unavailable': False, 'install_base': '/home/roboracing/Desktop/roboracing-rigatoniv-base/install/comms', 'merge_install': False, 'path': '/home/roboracing/Desktop/roboracing-rigatoniv-base/comms', 'symlink_install': False, 'test_result_base': None}
[3.948s] Level 5:colcon.colcon_core.verb:set package 'launch_robot' build argument 'cmake_args' from command line to 'None'
[3.948s] Level 5:colcon.colcon_core.verb:set package 'launch_robot' build argument 'cmake_target' from command line to 'None'
[3.948s] Level 5:colcon.colcon_core.verb:set package 'launch_robot' build argument 'cmake_target_skip_unavailable' from command line to 'False'
[3.948s] Level 5:colcon.colcon_core.verb:set package 'launch_robot' build argument 'cmake_clean_cache' from command line to 'False'
[3.949s] Level 5:colcon.colcon_core.verb:set package 'launch_robot' build argument 'cmake_clean_first' from command line to 'False'
[3.949s] Level 5:colcon.colcon_core.verb:set package 'launch_robot' build argument 'cmake_force_configure' from command line to 'False'
[3.949s] Level 5:colcon.colcon_core.verb:set package 'launch_robot' build argument 'ament_cmake_args' from command line to 'None'
[3.949s] Level 5:colcon.colcon_core.verb:set package 'launch_robot' build argument 'catkin_cmake_args' from command line to 'None'
[3.949s] Level 5:colcon.colcon_core.verb:set package 'launch_robot' build argument 'catkin_skip_building_tests' from command line to 'False'
[3.949s] DEBUG:colcon.colcon_core.verb:Building package 'launch_robot' with the following arguments: {'ament_cmake_args': None, 'build_base': '/home/roboracing/Desktop/roboracing-rigatoniv-base/build/launch_robot', 'catkin_cmake_args': None, 'catkin_skip_building_tests': False, 'cmake_args': None, 'cmake_clean_cache': False, 'cmake_clean_first': False, 'cmake_force_configure': False, 'cmake_target': None, 'cmake_target_skip_unavailable': False, 'install_base': '/home/roboracing/Desktop/roboracing-rigatoniv-base/install/launch_robot', 'merge_install': False, 'path': '/home/roboracing/Desktop/roboracing-rigatoniv-base/launch_robot', 'symlink_install': False, 'test_result_base': None}
[3.950s] Level 5:colcon.colcon_core.verb:set package 'vision' build argument 'cmake_args' from command line to 'None'
[3.950s] Level 5:colcon.colcon_core.verb:set package 'vision' build argument 'cmake_target' from command line to 'None'
[3.950s] Level 5:colcon.colcon_core.verb:set package 'vision' build argument 'cmake_target_skip_unavailable' from command line to 'False'
[3.950s] Level 5:colcon.colcon_core.verb:set package 'vision' build argument 'cmake_clean_cache' from command line to 'False'
[3.950s] Level 5:colcon.colcon_core.verb:set package 'vision' build argument 'cmake_clean_first' from command line to 'False'
[3.950s] Level 5:colcon.colcon_core.verb:set package 'vision' build argument 'cmake_force_configure' from command line to 'False'
[3.950s] Level 5:colcon.colcon_core.verb:set package 'vision' build argument 'ament_cmake_args' from command line to 'None'
[3.950s] Level 5:colcon.colcon_core.verb:set package 'vision' build argument 'catkin_cmake_args' from command line to 'None'
[3.950s] Level 5:colcon.colcon_core.verb:set package 'vision' build argument 'catkin_skip_building_tests' from command line to 'False'
[3.950s] DEBUG:colcon.colcon_core.verb:Building package 'vision' with the following arguments: {'ament_cmake_args': None, 'build_base': '/home/roboracing/Desktop/roboracing-rigatoniv-base/build/vision', 'catkin_cmake_args': None, 'catkin_skip_building_tests': False, 'cmake_args': None, 'cmake_clean_cache': False, 'cmake_clean_first': False, 'cmake_force_configure': False, 'cmake_target': None, 'cmake_target_skip_unavailable': False, 'install_base': '/home/roboracing/Desktop/roboracing-rigatoniv-base/install/vision', 'merge_install': False, 'path': '/home/roboracing/Desktop/roboracing-rigatoniv-base/vision', 'symlink_install': False, 'test_result_base': None}
[3.951s] INFO:colcon.colcon_core.executor:Executing jobs using 'parallel' executor
[3.953s] DEBUG:colcon.colcon_parallel_executor.executor.parallel:run_until_complete
[3.954s] INFO:colcon.colcon_ros.task.ament_cmake.build:Building ROS package in '/home/roboracing/Desktop/roboracing-rigatoniv-base/comms' with build type 'ament_cmake'
[3.954s] INFO:colcon.colcon_cmake.task.cmake.build:Building CMake package in '/home/roboracing/Desktop/roboracing-rigatoniv-base/comms'
[3.988s] INFO:colcon.colcon_core.plugin_system:Skipping extension 'colcon_core.shell.bat': Not used on non-Windows systems
[3.988s] INFO:colcon.colcon_core.shell:Skip shell extension 'powershell' for command environment: Not usable outside of PowerShell
[3.989s] DEBUG:colcon.colcon_core.shell:Skip shell extension 'dsv' for command environment
[4.053s] INFO:colcon.colcon_ros.task.ament_python.build:Building ROS package in '/home/roboracing/Desktop/roboracing-rigatoniv-base/launch_robot' with build type 'ament_python'
[4.054s] Level 1:colcon.colcon_core.shell:create_environment_hook('launch_robot', 'ament_prefix_path')
[4.055s] INFO:colcon.colcon_core.shell:Creating environment hook '/home/roboracing/Desktop/roboracing-rigatoniv-base/install/launch_robot/share/launch_robot/hook/ament_prefix_path.ps1'
[4.059s] INFO:colcon.colcon_core.shell:Creating environment descriptor '/home/roboracing/Desktop/roboracing-rigatoniv-base/install/launch_robot/share/launch_robot/hook/ament_prefix_path.dsv'
[4.063s] INFO:colcon.colcon_core.shell:Creating environment hook '/home/roboracing/Desktop/roboracing-rigatoniv-base/install/launch_robot/share/launch_robot/hook/ament_prefix_path.sh'
[4.070s] INFO:colcon.colcon_core.shell:Skip shell extension 'powershell' for command environment: Not usable outside of PowerShell
[4.070s] DEBUG:colcon.colcon_core.shell:Skip shell extension 'dsv' for command environment
[4.125s] INFO:colcon.colcon_ros.task.ament_cmake.build:Building ROS package in '/home/roboracing/Desktop/roboracing-rigatoniv-base/vision' with build type 'ament_cmake'
[4.126s] INFO:colcon.colcon_cmake.task.cmake.build:Building CMake package in '/home/roboracing/Desktop/roboracing-rigatoniv-base/vision'
[4.126s] INFO:colcon.colcon_core.shell:Skip shell extension 'powershell' for command environment: Not usable outside of PowerShell
[4.127s] DEBUG:colcon.colcon_core.shell:Skip shell extension 'dsv' for command environment
[4.197s] DEBUG:colcon.colcon_core.event_handler.log_command:Invoking command in '/home/roboracing/Desktop/roboracing-rigatoniv-base/build/comms': CMAKE_PREFIX_PATH=${CMAKE_PREFIX_PATH}:/home/roboracing/ros2_humble/install/rqt_bag_plugins:/home/roboracing/ros2_humble/install/rqt_bag:/home/roboracing/ros2_humble/install/launch_testing_examples:/home/roboracing/ros2_humble/install/ros2bag:/home/roboracing/ros2_humble/install/tracetools_test:/home/roboracing/ros2_humble/install/tracetools_launch:/home/roboracing/ros2_humble/install/topic_monitor:/home/roboracing/ros2_humble/install/tf2_tools:/home/roboracing/ros2_humble/install/examples_tf2_py:/home/roboracing/ros2_humble/install/tf2_ros_py:/home/roboracing/ros2_humble/install/sros2:/home/roboracing/ros2_humble/install/rqt_topic:/home/roboracing/ros2_humble/install/rqt_srv:/home/roboracing/ros2_humble/install/rqt_shell:/home/roboracing/ros2_humble/install/rqt_service_caller:/home/roboracing/ros2_humble/install/rqt_reconfigure:/home/roboracing/ros2_humble/install/rqt_py_console:/home/roboracing/ros2_humble/install/rqt_publisher:/home/roboracing/ros2_humble/install/rqt_plot:/home/roboracing/ros2_humble/install/rqt_action:/home/roboracing/ros2_humble/install/rqt_msg:/home/roboracing/ros2_humble/install/rqt_console:/home/roboracing/ros2_humble/install/rqt:/home/roboracing/ros2_humble/install/rqt_graph:/home/roboracing/ros2_humble/install/rqt_gui_py:/home/roboracing/ros2_humble/install/rqt_gui:/home/roboracing/ros2_humble/install/ros2trace:/home/roboracing/ros2_humble/install/ros2topic:/home/roboracing/ros2_humble/install/ros2test:/home/roboracing/ros2_humble/install/ros2component:/home/roboracing/ros2_humble/install/ros2param:/home/roboracing/ros2_humble/install/ros2lifecycle:/home/roboracing/ros2_humble/install/ros2service:/home/roboracing/ros2_humble/install/ros2run:/home/roboracing/ros2_humble/install/ros2launch:/home/roboracing/ros2_humble/install/ros2pkg:/home/roboracing/ros2_humble/install/ros2node:/home/roboracing/ros2_humble/install/ros2multicast:/home/roboracing/ros2_humble/install/ros2interface:/home/roboracing/ros2_humble/install/ros2doctor:/home/roboracing/ros2_humble/install/ros2action:/home/roboracing/ros2_humble/install/ros2cli:/home/roboracing/ros2_humble/install/quality_of_service_demo_py:/home/roboracing/ros2_humble/install/lifecycle_py:/home/roboracing/ros2_humble/install/launch_testing_ros:/home/roboracing/ros2_humble/install/launch_ros:/home/roboracing/ros2_humble/install/examples_rclpy_pointcloud_publisher:/home/roboracing/ros2_humble/install/examples_rclpy_minimal_subscriber:/home/roboracing/ros2_humble/install/examples_rclpy_minimal_service:/home/roboracing/ros2_humble/install/examples_rclpy_minimal_publisher:/home/roboracing/ros2_humble/install/examples_rclpy_minimal_client:/home/roboracing/ros2_humble/install/examples_rclpy_minimal_action_server:/home/roboracing/ros2_humble/install/examples_rclpy_minimal_action_client:/home/roboracing/ros2_humble/install/examples_rclpy_guard_conditions:/home/roboracing/ros2_humble/install/examples_rclpy_executors:/home/roboracing/ros2_humble/install/demo_nodes_py:/home/roboracing/ros2_humble/install/action_tutorials_py:/home/roboracing/ros2_humble/install/ament_uncrustify:/home/roboracing/ros2_humble/install/tracetools_trace:/home/roboracing/ros2_humble/install/tracetools_read:/home/roboracing/ros2_humble/install/test_tracetools_launch:/home/roboracing/ros2_humble/install/test_launch_ros:/home/roboracing/ros2_humble/install/sensor_msgs_py:/home/roboracing/ros2_humble/install/rpyutils:/home/roboracing/ros2_humble/install/rosidl_runtime_py:/home/roboracing/ros2_humble/install/rosidl_cli:/home/roboracing/ros2_humble/install/launch_pytest:/home/roboracing/ros2_humble/install/launch_testing:/home/roboracing/ros2_humble/install/launch_yaml:/home/roboracing/ros2_humble/install/launch_xml:/home/roboracing/ros2_humble/install/launch:/home/roboracing/ros2_humble/install/osrf_pycommon:/home/roboracing/ros2_humble/install/domain_coordinator:/home/roboracing/ros2_humble/install/ament_xmllint:/home/roboracing/ros2_humble/install/ament_pyflakes:/home/roboracing/ros2_humble/install/ament_pycodestyle:/home/roboracing/ros2_humble/install/ament_pep257:/home/roboracing/ros2_humble/install/ament_pclint:/home/roboracing/ros2_humble/install/ament_package:/home/roboracing/ros2_humble/install/ament_mypy:/home/roboracing/ros2_humble/install/ament_lint_cmake:/home/roboracing/ros2_humble/install/ament_flake8:/home/roboracing/ros2_humble/install/ament_copyright:/home/roboracing/ros2_humble/install/ament_lint:/home/roboracing/ros2_humble/install/ament_index_python:/home/roboracing/ros2_humble/install/ament_cpplint:/home/roboracing/ros2_humble/install/ament_cppcheck:/home/roboracing/ros2_humble/install/ament_clang_tidy:/home/roboracing/ros2_humble/install/ament_clang_format:/opt/ros/humble /usr/bin/cmake --build /home/roboracing/Desktop/roboracing-rigatoniv-base/build/comms -- -j6 -l6
[5.482s] INFO:colcon.colcon_core.task.python.build:Building Python package in '/home/roboracing/Desktop/roboracing-rigatoniv-base/launch_robot'
[5.483s] INFO:colcon.colcon_core.shell:Skip shell extension 'powershell' for command environment: Not usable outside of PowerShell
[5.483s] DEBUG:colcon.colcon_core.shell:Skip shell extension 'dsv' for command environment
[5.565s] DEBUG:colcon.colcon_core.event_handler.log_command:Invoking command in '/home/roboracing/Desktop/roboracing-rigatoniv-base/build/vision': CMAKE_PREFIX_PATH=${CMAKE_PREFIX_PATH}:/home/roboracing/ros2_humble/install/rqt_bag_plugins:/home/roboracing/ros2_humble/install/rqt_bag:/home/roboracing/ros2_humble/install/launch_testing_examples:/home/roboracing/ros2_humble/install/ros2bag:/home/roboracing/ros2_humble/install/tracetools_test:/home/roboracing/ros2_humble/install/tracetools_launch:/home/roboracing/ros2_humble/install/topic_monitor:/home/roboracing/ros2_humble/install/tf2_tools:/home/roboracing/ros2_humble/install/examples_tf2_py:/home/roboracing/ros2_humble/install/tf2_ros_py:/home/roboracing/ros2_humble/install/sros2:/home/roboracing/ros2_humble/install/rqt_topic:/home/roboracing/ros2_humble/install/rqt_srv:/home/roboracing/ros2_humble/install/rqt_shell:/home/roboracing/ros2_humble/install/rqt_service_caller:/home/roboracing/ros2_humble/install/rqt_reconfigure:/home/roboracing/ros2_humble/install/rqt_py_console:/home/roboracing/ros2_humble/install/rqt_publisher:/home/roboracing/ros2_humble/install/rqt_plot:/home/roboracing/ros2_humble/install/rqt_action:/home/roboracing/ros2_humble/install/rqt_msg:/home/roboracing/ros2_humble/install/rqt_console:/home/roboracing/ros2_humble/install/rqt:/home/roboracing/ros2_humble/install/rqt_graph:/home/roboracing/ros2_humble/install/rqt_gui_py:/home/roboracing/ros2_humble/install/rqt_gui:/home/roboracing/ros2_humble/install/ros2trace:/home/roboracing/ros2_humble/install/ros2topic:/home/roboracing/ros2_humble/install/ros2test:/home/roboracing/ros2_humble/install/ros2component:/home/roboracing/ros2_humble/install/ros2param:/home/roboracing/ros2_humble/install/ros2lifecycle:/home/roboracing/ros2_humble/install/ros2service:/home/roboracing/ros2_humble/install/ros2run:/home/roboracing/ros2_humble/install/ros2launch:/home/roboracing/ros2_humble/install/ros2pkg:/home/roboracing/ros2_humble/install/ros2node:/home/roboracing/ros2_humble/install/ros2multicast:/home/roboracing/ros2_humble/install/ros2interface:/home/roboracing/ros2_humble/install/ros2doctor:/home/roboracing/ros2_humble/install/ros2action:/home/roboracing/ros2_humble/install/ros2cli:/home/roboracing/ros2_humble/install/quality_of_service_demo_py:/home/roboracing/ros2_humble/install/lifecycle_py:/home/roboracing/ros2_humble/install/launch_testing_ros:/home/roboracing/ros2_humble/install/launch_ros:/home/roboracing/ros2_humble/install/examples_rclpy_pointcloud_publisher:/home/roboracing/ros2_humble/install/examples_rclpy_minimal_subscriber:/home/roboracing/ros2_humble/install/examples_rclpy_minimal_service:/home/roboracing/ros2_humble/install/examples_rclpy_minimal_publisher:/home/roboracing/ros2_humble/install/examples_rclpy_minimal_client:/home/roboracing/ros2_humble/install/examples_rclpy_minimal_action_server:/home/roboracing/ros2_humble/install/examples_rclpy_minimal_action_client:/home/roboracing/ros2_humble/install/examples_rclpy_guard_conditions:/home/roboracing/ros2_humble/install/examples_rclpy_executors:/home/roboracing/ros2_humble/install/demo_nodes_py:/home/roboracing/ros2_humble/install/action_tutorials_py:/home/roboracing/ros2_humble/install/ament_uncrustify:/home/roboracing/ros2_humble/install/tracetools_trace:/home/roboracing/ros2_humble/install/tracetools_read:/home/roboracing/ros2_humble/install/test_tracetools_launch:/home/roboracing/ros2_humble/install/test_launch_ros:/home/roboracing/ros2_humble/install/sensor_msgs_py:/home/roboracing/ros2_humble/install/rpyutils:/home/roboracing/ros2_humble/install/rosidl_runtime_py:/home/roboracing/ros2_humble/install/rosidl_cli:/home/roboracing/ros2_humble/install/launch_pytest:/home/roboracing/ros2_humble/install/launch_testing:/home/roboracing/ros2_humble/install/launch_yaml:/home/roboracing/ros2_humble/install/launch_xml:/home/roboracing/ros2_humble/install/launch:/home/roboracing/ros2_humble/install/osrf_pycommon:/home/roboracing/ros2_humble/install/domain_coordinator:/home/roboracing/ros2_humble/install/ament_xmllint:/home/roboracing/ros2_humble/install/ament_pyflakes:/home/roboracing/ros2_humble/install/ament_pycodestyle:/home/roboracing/ros2_humble/install/ament_pep257:/home/roboracing/ros2_humble/install/ament_pclint:/home/roboracing/ros2_humble/install/ament_package:/home/roboracing/ros2_humble/install/ament_mypy:/home/roboracing/ros2_humble/install/ament_lint_cmake:/home/roboracing/ros2_humble/install/ament_flake8:/home/roboracing/ros2_humble/install/ament_copyright:/home/roboracing/ros2_humble/install/ament_lint:/home/roboracing/ros2_humble/install/ament_index_python:/home/roboracing/ros2_humble/install/ament_cpplint:/home/roboracing/ros2_humble/install/ament_cppcheck:/home/roboracing/ros2_humble/install/ament_clang_tidy:/home/roboracing/ros2_humble/install/ament_clang_format:/opt/ros/humble /usr/bin/cmake --build /home/roboracing/Desktop/roboracing-rigatoniv-base/build/vision -- -j6 -l6
[6.026s] DEBUG:colcon.colcon_core.event_handler.log_command:Invoked command in '/home/roboracing/Desktop/roboracing-rigatoniv-base/build/vision' returned '0': CMAKE_PREFIX_PATH=${CMAKE_PREFIX_PATH}:/home/roboracing/ros2_humble/install/rqt_bag_plugins:/home/roboracing/ros2_humble/install/rqt_bag:/home/roboracing/ros2_humble/install/launch_testing_examples:/home/roboracing/ros2_humble/install/ros2bag:/home/roboracing/ros2_humble/install/tracetools_test:/home/roboracing/ros2_humble/install/tracetools_launch:/home/roboracing/ros2_humble/install/topic_monitor:/home/roboracing/ros2_humble/install/tf2_tools:/home/roboracing/ros2_humble/install/examples_tf2_py:/home/roboracing/ros2_humble/install/tf2_ros_py:/home/roboracing/ros2_humble/install/sros2:/home/roboracing/ros2_humble/install/rqt_topic:/home/roboracing/ros2_humble/install/rqt_srv:/home/roboracing/ros2_humble/install/rqt_shell:/home/roboracing/ros2_humble/install/rqt_service_caller:/home/roboracing/ros2_humble/install/rqt_reconfigure:/home/roboracing/ros2_humble/install/rqt_py_console:/home/roboracing/ros2_humble/install/rqt_publisher:/home/roboracing/ros2_humble/install/rqt_plot:/home/roboracing/ros2_humble/install/rqt_action:/home/roboracing/ros2_humble/install/rqt_msg:/home/roboracing/ros2_humble/install/rqt_console:/home/roboracing/ros2_humble/install/rqt:/home/roboracing/ros2_humble/install/rqt_graph:/home/roboracing/ros2_humble/install/rqt_gui_py:/home/roboracing/ros2_humble/install/rqt_gui:/home/roboracing/ros2_humble/install/ros2trace:/home/roboracing/ros2_humble/install/ros2topic:/home/roboracing/ros2_humble/install/ros2test:/home/roboracing/ros2_humble/install/ros2component:/home/roboracing/ros2_humble/install/ros2param:/home/roboracing/ros2_humble/install/ros2lifecycle:/home/roboracing/ros2_humble/install/ros2service:/home/roboracing/ros2_humble/install/ros2run:/home/roboracing/ros2_humble/install/ros2launch:/home/roboracing/ros2_humble/install/ros2pkg:/home/roboracing/ros2_humble/install/ros2node:/home/roboracing/ros2_humble/install/ros2multicast:/home/roboracing/ros2_humble/install/ros2interface:/home/roboracing/ros2_humble/install/ros2doctor:/home/roboracing/ros2_humble/install/ros2action:/home/roboracing/ros2_humble/install/ros2cli:/home/roboracing/ros2_humble/install/quality_of_service_demo_py:/home/roboracing/ros2_humble/install/lifecycle_py:/home/roboracing/ros2_humble/install/launch_testing_ros:/home/roboracing/ros2_humble/install/launch_ros:/home/roboracing/ros2_humble/install/examples_rclpy_pointcloud_publisher:/home/roboracing/ros2_humble/install/examples_rclpy_minimal_subscriber:/home/roboracing/ros2_humble/install/examples_rclpy_minimal_service:/home/roboracing/ros2_humble/install/examples_rclpy_minimal_publisher:/home/roboracing/ros2_humble/install/examples_rclpy_minimal_client:/home/roboracing/ros2_humble/install/examples_rclpy_minimal_action_server:/home/roboracing/ros2_humble/install/examples_rclpy_minimal_action_client:/home/roboracing/ros2_humble/install/examples_rclpy_guard_conditions:/home/roboracing/ros2_humble/install/examples_rclpy_executors:/home/roboracing/ros2_humble/install/demo_nodes_py:/home/roboracing/ros2_humble/install/action_tutorials_py:/home/roboracing/ros2_humble/install/ament_uncrustify:/home/roboracing/ros2_humble/install/tracetools_trace:/home/roboracing/ros2_humble/install/tracetools_read:/home/roboracing/ros2_humble/install/test_tracetools_launch:/home/roboracing/ros2_humble/install/test_launch_ros:/home/roboracing/ros2_humble/install/sensor_msgs_py:/home/roboracing/ros2_humble/install/rpyutils:/home/roboracing/ros2_humble/install/rosidl_runtime_py:/home/roboracing/ros2_humble/install/rosidl_cli:/home/roboracing/ros2_humble/install/launch_pytest:/home/roboracing/ros2_humble/install/launch_testing:/home/roboracing/ros2_humble/install/launch_yaml:/home/roboracing/ros2_humble/install/launch_xml:/home/roboracing/ros2_humble/install/launch:/home/roboracing/ros2_humble/install/osrf_pycommon:/home/roboracing/ros2_humble/install/domain_coordinator:/home/roboracing/ros2_humble/install/ament_xmllint:/home/roboracing/ros2_humble/install/ament_pyflakes:/home/roboracing/ros2_humble/install/ament_pycodestyle:/home/roboracing/ros2_humble/install/ament_pep257:/home/roboracing/ros2_humble/install/ament_pclint:/home/roboracing/ros2_humble/install/ament_package:/home/roboracing/ros2_humble/install/ament_mypy:/home/roboracing/ros2_humble/install/ament_lint_cmake:/home/roboracing/ros2_humble/install/ament_flake8:/home/roboracing/ros2_humble/install/ament_copyright:/home/roboracing/ros2_humble/install/ament_lint:/home/roboracing/ros2_humble/install/ament_index_python:/home/roboracing/ros2_humble/install/ament_cpplint:/home/roboracing/ros2_humble/install/ament_cppcheck:/home/roboracing/ros2_humble/install/ament_clang_tidy:/home/roboracing/ros2_humble/install/ament_clang_format:/opt/ros/humble /usr/bin/cmake --build /home/roboracing/Desktop/roboracing-rigatoniv-base/build/vision -- -j6 -l6
[6.075s] DEBUG:colcon.colcon_core.event_handler.log_command:Invoking command in '/home/roboracing/Desktop/roboracing-rigatoniv-base/build/vision': CMAKE_PREFIX_PATH=${CMAKE_PREFIX_PATH}:/home/roboracing/ros2_humble/install/rqt_bag_plugins:/home/roboracing/ros2_humble/install/rqt_bag:/home/roboracing/ros2_humble/install/launch_testing_examples:/home/roboracing/ros2_humble/install/ros2bag:/home/roboracing/ros2_humble/install/tracetools_test:/home/roboracing/ros2_humble/install/tracetools_launch:/home/roboracing/ros2_humble/install/topic_monitor:/home/roboracing/ros2_humble/install/tf2_tools:/home/roboracing/ros2_humble/install/examples_tf2_py:/home/roboracing/ros2_humble/install/tf2_ros_py:/home/roboracing/ros2_humble/install/sros2:/home/roboracing/ros2_humble/install/rqt_topic:/home/roboracing/ros2_humble/install/rqt_srv:/home/roboracing/ros2_humble/install/rqt_shell:/home/roboracing/ros2_humble/install/rqt_service_caller:/home/roboracing/ros2_humble/install/rqt_reconfigure:/home/roboracing/ros2_humble/install/rqt_py_console:/home/roboracing/ros2_humble/install/rqt_publisher:/home/roboracing/ros2_humble/install/rqt_plot:/home/roboracing/ros2_humble/install/rqt_action:/home/roboracing/ros2_humble/install/rqt_msg:/home/roboracing/ros2_humble/install/rqt_console:/home/roboracing/ros2_humble/install/rqt:/home/roboracing/ros2_humble/install/rqt_graph:/home/roboracing/ros2_humble/install/rqt_gui_py:/home/roboracing/ros2_humble/install/rqt_gui:/home/roboracing/ros2_humble/install/ros2trace:/home/roboracing/ros2_humble/install/ros2topic:/home/roboracing/ros2_humble/install/ros2test:/home/roboracing/ros2_humble/install/ros2component:/home/roboracing/ros2_humble/install/ros2param:/home/roboracing/ros2_humble/install/ros2lifecycle:/home/roboracing/ros2_humble/install/ros2service:/home/roboracing/ros2_humble/install/ros2run:/home/roboracing/ros2_humble/install/ros2launch:/home/roboracing/ros2_humble/install/ros2pkg:/home/roboracing/ros2_humble/install/ros2node:/home/roboracing/ros2_humble/install/ros2multicast:/home/roboracing/ros2_humble/install/ros2interface:/home/roboracing/ros2_humble/install/ros2doctor:/home/roboracing/ros2_humble/install/ros2action:/home/roboracing/ros2_humble/install/ros2cli:/home/roboracing/ros2_humble/install/quality_of_service_demo_py:/home/roboracing/ros2_humble/install/lifecycle_py:/home/roboracing/ros2_humble/install/launch_testing_ros:/home/roboracing/ros2_humble/install/launch_ros:/home/roboracing/ros2_humble/install/examples_rclpy_pointcloud_publisher:/home/roboracing/ros2_humble/install/examples_rclpy_minimal_subscriber:/home/roboracing/ros2_humble/install/examples_rclpy_minimal_service:/home/roboracing/ros2_humble/install/examples_rclpy_minimal_publisher:/home/roboracing/ros2_humble/install/examples_rclpy_minimal_client:/home/roboracing/ros2_humble/install/examples_rclpy_minimal_action_server:/home/roboracing/ros2_humble/install/examples_rclpy_minimal_action_client:/home/roboracing/ros2_humble/install/examples_rclpy_guard_conditions:/home/roboracing/ros2_humble/install/examples_rclpy_executors:/home/roboracing/ros2_humble/install/demo_nodes_py:/home/roboracing/ros2_humble/install/action_tutorials_py:/home/roboracing/ros2_humble/install/ament_uncrustify:/home/roboracing/ros2_humble/install/tracetools_trace:/home/roboracing/ros2_humble/install/tracetools_read:/home/roboracing/ros2_humble/install/test_tracetools_launch:/home/roboracing/ros2_humble/install/test_launch_ros:/home/roboracing/ros2_humble/install/sensor_msgs_py:/home/roboracing/ros2_humble/install/rpyutils:/home/roboracing/ros2_humble/install/rosidl_runtime_py:/home/roboracing/ros2_humble/install/rosidl_cli:/home/roboracing/ros2_humble/install/launch_pytest:/home/roboracing/ros2_humble/install/launch_testing:/home/roboracing/ros2_humble/install/launch_yaml:/home/roboracing/ros2_humble/install/launch_xml:/home/roboracing/ros2_humble/install/launch:/home/roboracing/ros2_humble/install/osrf_pycommon:/home/roboracing/ros2_humble/install/domain_coordinator:/home/roboracing/ros2_humble/install/ament_xmllint:/home/roboracing/ros2_humble/install/ament_pyflakes:/home/roboracing/ros2_humble/install/ament_pycodestyle:/home/roboracing/ros2_humble/install/ament_pep257:/home/roboracing/ros2_humble/install/ament_pclint:/home/roboracing/ros2_humble/install/ament_package:/home/roboracing/ros2_humble/install/ament_mypy:/home/roboracing/ros2_humble/install/ament_lint_cmake:/home/roboracing/ros2_humble/install/ament_flake8:/home/roboracing/ros2_humble/install/ament_copyright:/home/roboracing/ros2_humble/install/ament_lint:/home/roboracing/ros2_humble/install/ament_index_python:/home/roboracing/ros2_humble/install/ament_cpplint:/home/roboracing/ros2_humble/install/ament_cppcheck:/home/roboracing/ros2_humble/install/ament_clang_tidy:/home/roboracing/ros2_humble/install/ament_clang_format:/opt/ros/humble /usr/bin/cmake --install /home/roboracing/Desktop/roboracing-rigatoniv-base/build/vision
[6.177s] Level 1:colcon.colcon_core.environment:create_environment_scripts_only(vision)
[6.180s] DEBUG:colcon.colcon_core.event_handler.log_command:Invoked command in '/home/roboracing/Desktop/roboracing-rigatoniv-base/build/vision' returned '0': CMAKE_PREFIX_PATH=${CMAKE_PREFIX_PATH}:/home/roboracing/ros2_humble/install/rqt_bag_plugins:/home/roboracing/ros2_humble/install/rqt_bag:/home/roboracing/ros2_humble/install/launch_testing_examples:/home/roboracing/ros2_humble/install/ros2bag:/home/roboracing/ros2_humble/install/tracetools_test:/home/roboracing/ros2_humble/install/tracetools_launch:/home/roboracing/ros2_humble/install/topic_monitor:/home/roboracing/ros2_humble/install/tf2_tools:/home/roboracing/ros2_humble/install/examples_tf2_py:/home/roboracing/ros2_humble/install/tf2_ros_py:/home/roboracing/ros2_humble/install/sros2:/home/roboracing/ros2_humble/install/rqt_topic:/home/roboracing/ros2_humble/install/rqt_srv:/home/roboracing/ros2_humble/install/rqt_shell:/home/roboracing/ros2_humble/install/rqt_service_caller:/home/roboracing/ros2_humble/install/rqt_reconfigure:/home/roboracing/ros2_humble/install/rqt_py_console:/home/roboracing/ros2_humble/install/rqt_publisher:/home/roboracing/ros2_humble/install/rqt_plot:/home/roboracing/ros2_humble/install/rqt_action:/home/roboracing/ros2_humble/install/rqt_msg:/home/roboracing/ros2_humble/install/rqt_console:/home/roboracing/ros2_humble/install/rqt:/home/roboracing/ros2_humble/install/rqt_graph:/home/roboracing/ros2_humble/install/rqt_gui_py:/home/roboracing/ros2_humble/install/rqt_gui:/home/roboracing/ros2_humble/install/ros2trace:/home/roboracing/ros2_humble/install/ros2topic:/home/roboracing/ros2_humble/install/ros2test:/home/roboracing/ros2_humble/install/ros2component:/home/roboracing/ros2_humble/install/ros2param:/home/roboracing/ros2_humble/install/ros2lifecycle:/home/roboracing/ros2_humble/install/ros2service:/home/roboracing/ros2_humble/install/ros2run:/home/roboracing/ros2_humble/install/ros2launch:/home/roboracing/ros2_humble/install/ros2pkg:/home/roboracing/ros2_humble/install/ros2node:/home/roboracing/ros2_humble/install/ros2multicast:/home/roboracing/ros2_humble/install/ros2interface:/home/roboracing/ros2_humble/install/ros2doctor:/home/roboracing/ros2_humble/install/ros2action:/home/roboracing/ros2_humble/install/ros2cli:/home/roboracing/ros2_humble/install/quality_of_service_demo_py:/home/roboracing/ros2_humble/install/lifecycle_py:/home/roboracing/ros2_humble/install/launch_testing_ros:/home/roboracing/ros2_humble/install/launch_ros:/home/roboracing/ros2_humble/install/examples_rclpy_pointcloud_publisher:/home/roboracing/ros2_humble/install/examples_rclpy_minimal_subscriber:/home/roboracing/ros2_humble/install/examples_rclpy_minimal_service:/home/roboracing/ros2_humble/install/examples_rclpy_minimal_publisher:/home/roboracing/ros2_humble/install/examples_rclpy_minimal_client:/home/roboracing/ros2_humble/install/examples_rclpy_minimal_action_server:/home/roboracing/ros2_humble/install/examples_rclpy_minimal_action_client:/home/roboracing/ros2_humble/install/examples_rclpy_guard_conditions:/home/roboracing/ros2_humble/install/examples_rclpy_executors:/home/roboracing/ros2_humble/install/demo_nodes_py:/home/roboracing/ros2_humble/install/action_tutorials_py:/home/roboracing/ros2_humble/install/ament_uncrustify:/home/roboracing/ros2_humble/install/tracetools_trace:/home/roboracing/ros2_humble/install/tracetools_read:/home/roboracing/ros2_humble/install/test_tracetools_launch:/home/roboracing/ros2_humble/install/test_launch_ros:/home/roboracing/ros2_humble/install/sensor_msgs_py:/home/roboracing/ros2_humble/install/rpyutils:/home/roboracing/ros2_humble/install/rosidl_runtime_py:/home/roboracing/ros2_humble/install/rosidl_cli:/home/roboracing/ros2_humble/install/launch_pytest:/home/roboracing/ros2_humble/install/launch_testing:/home/roboracing/ros2_humble/install/launch_yaml:/home/roboracing/ros2_humble/install/launch_xml:/home/roboracing/ros2_humble/install/launch:/home/roboracing/ros2_humble/install/osrf_pycommon:/home/roboracing/ros2_humble/install/domain_coordinator:/home/roboracing/ros2_humble/install/ament_xmllint:/home/roboracing/ros2_humble/install/ament_pyflakes:/home/roboracing/ros2_humble/install/ament_pycodestyle:/home/roboracing/ros2_humble/install/ament_pep257:/home/roboracing/ros2_humble/install/ament_pclint:/home/roboracing/ros2_humble/install/ament_package:/home/roboracing/ros2_humble/install/ament_mypy:/home/roboracing/ros2_humble/install/ament_lint_cmake:/home/roboracing/ros2_humble/install/ament_flake8:/home/roboracing/ros2_humble/install/ament_copyright:/home/roboracing/ros2_humble/install/ament_lint:/home/roboracing/ros2_humble/install/ament_index_python:/home/roboracing/ros2_humble/install/ament_cpplint:/home/roboracing/ros2_humble/install/ament_cppcheck:/home/roboracing/ros2_humble/install/ament_clang_tidy:/home/roboracing/ros2_humble/install/ament_clang_format:/opt/ros/humble /usr/bin/cmake --install /home/roboracing/Desktop/roboracing-rigatoniv-base/build/vision
[6.214s] Level 1:colcon.colcon_core.environment:checking '/home/roboracing/Desktop/roboracing-rigatoniv-base/install/vision' for CMake module files
[6.216s] Level 1:colcon.colcon_core.environment:checking '/home/roboracing/Desktop/roboracing-rigatoniv-base/install/vision' for CMake config files
[6.216s] Level 1:colcon.colcon_core.shell:create_environment_hook('vision', 'cmake_prefix_path')
[6.217s] INFO:colcon.colcon_core.shell:Creating environment hook '/home/roboracing/Desktop/roboracing-rigatoniv-base/install/vision/share/vision/hook/cmake_prefix_path.ps1'
[6.219s] INFO:colcon.colcon_core.shell:Creating environment descriptor '/home/roboracing/Desktop/roboracing-rigatoniv-base/install/vision/share/vision/hook/cmake_prefix_path.dsv'
[6.221s] INFO:colcon.colcon_core.shell:Creating environment hook '/home/roboracing/Desktop/roboracing-rigatoniv-base/install/vision/share/vision/hook/cmake_prefix_path.sh'
[6.223s] Level 1:colcon.colcon_core.environment:checking '/home/roboracing/Desktop/roboracing-rigatoniv-base/install/vision/lib'
[6.223s] Level 1:colcon.colcon_core.shell:create_environment_hook('vision', 'ld_library_path_lib')
[6.224s] INFO:colcon.colcon_core.shell:Creating environment hook '/home/roboracing/Desktop/roboracing-rigatoniv-base/install/vision/share/vision/hook/ld_library_path_lib.ps1'
[6.225s] INFO:colcon.colcon_core.shell:Creating environment descriptor '/home/roboracing/Desktop/roboracing-rigatoniv-base/install/vision/share/vision/hook/ld_library_path_lib.dsv'
[6.226s] INFO:colcon.colcon_core.shell:Creating environment hook '/home/roboracing/Desktop/roboracing-rigatoniv-base/install/vision/share/vision/hook/ld_library_path_lib.sh'
[6.226s] Level 1:colcon.colcon_core.environment:checking '/home/roboracing/Desktop/roboracing-rigatoniv-base/install/vision/bin'
[6.226s] Level 1:colcon.colcon_core.environment:checking '/home/roboracing/Desktop/roboracing-rigatoniv-base/install/vision/lib/pkgconfig/vision.pc'
[6.227s] Level 1:colcon.colcon_core.environment:checking '/home/roboracing/Desktop/roboracing-rigatoniv-base/install/vision/lib/python3.10/site-packages'
[6.228s] Level 1:colcon.colcon_core.environment:checking '/home/roboracing/Desktop/roboracing-rigatoniv-base/install/vision/bin'
[6.229s] INFO:colcon.colcon_core.shell:Creating package script '/home/roboracing/Desktop/roboracing-rigatoniv-base/install/vision/share/vision/package.ps1'
[6.231s] INFO:colcon.colcon_core.shell:Creating package descriptor '/home/roboracing/Desktop/roboracing-rigatoniv-base/install/vision/share/vision/package.dsv'
[6.232s] INFO:colcon.colcon_core.shell:Creating package script '/home/roboracing/Desktop/roboracing-rigatoniv-base/install/vision/share/vision/package.sh'
[6.234s] INFO:colcon.colcon_core.shell:Creating package script '/home/roboracing/Desktop/roboracing-rigatoniv-base/install/vision/share/vision/package.bash'
[6.236s] INFO:colcon.colcon_core.shell:Creating package script '/home/roboracing/Desktop/roboracing-rigatoniv-base/install/vision/share/vision/package.zsh'
[6.238s] Level 1:colcon.colcon_core.environment:create_file_with_runtime_dependencies(/home/roboracing/Desktop/roboracing-rigatoniv-base/install/vision/share/colcon-core/packages/vision)
[6.240s] Level 1:colcon.colcon_core.environment:create_environment_scripts_only(vision)
[6.240s] Level 1:colcon.colcon_core.environment:checking '/home/roboracing/Desktop/roboracing-rigatoniv-base/install/vision' for CMake module files
[6.241s] Level 1:colcon.colcon_core.environment:checking '/home/roboracing/Desktop/roboracing-rigatoniv-base/install/vision' for CMake config files
[6.242s] Level 1:colcon.colcon_core.shell:create_environment_hook('vision', 'cmake_prefix_path')
[6.242s] INFO:colcon.colcon_core.shell:Creating environment hook '/home/roboracing/Desktop/roboracing-rigatoniv-base/install/vision/share/vision/hook/cmake_prefix_path.ps1'
[6.243s] INFO:colcon.colcon_core.shell:Creating environment descriptor '/home/roboracing/Desktop/roboracing-rigatoniv-base/install/vision/share/vision/hook/cmake_prefix_path.dsv'
[6.244s] INFO:colcon.colcon_core.shell:Creating environment hook '/home/roboracing/Desktop/roboracing-rigatoniv-base/install/vision/share/vision/hook/cmake_prefix_path.sh'
[6.246s] Level 1:colcon.colcon_core.environment:checking '/home/roboracing/Desktop/roboracing-rigatoniv-base/install/vision/lib'
[6.247s] Level 1:colcon.colcon_core.shell:create_environment_hook('vision', 'ld_library_path_lib')
[6.247s] INFO:colcon.colcon_core.shell:Creating environment hook '/home/roboracing/Desktop/roboracing-rigatoniv-base/install/vision/share/vision/hook/ld_library_path_lib.ps1'
[6.248s] INFO:colcon.colcon_core.shell:Creating environment descriptor '/home/roboracing/Desktop/roboracing-rigatoniv-base/install/vision/share/vision/hook/ld_library_path_lib.dsv'
[6.249s] INFO:colcon.colcon_core.shell:Creating environment hook '/home/roboracing/Desktop/roboracing-rigatoniv-base/install/vision/share/vision/hook/ld_library_path_lib.sh'
[6.251s] Level 1:colcon.colcon_core.environment:checking '/home/roboracing/Desktop/roboracing-rigatoniv-base/install/vision/bin'
[6.251s] Level 1:colcon.colcon_core.environment:checking '/home/roboracing/Desktop/roboracing-rigatoniv-base/install/vision/lib/pkgconfig/vision.pc'
[6.251s] Level 1:colcon.colcon_core.environment:checking '/home/roboracing/Desktop/roboracing-rigatoniv-base/install/vision/lib/python3.10/site-packages'
[6.252s] Level 1:colcon.colcon_core.environment:checking '/home/roboracing/Desktop/roboracing-rigatoniv-base/install/vision/bin'
[6.253s] INFO:colcon.colcon_core.shell:Creating package script '/home/roboracing/Desktop/roboracing-rigatoniv-base/install/vision/share/vision/package.ps1'
[6.255s] INFO:colcon.colcon_core.shell:Creating package descriptor '/home/roboracing/Desktop/roboracing-rigatoniv-base/install/vision/share/vision/package.dsv'
[6.256s] INFO:colcon.colcon_core.shell:Creating package script '/home/roboracing/Desktop/roboracing-rigatoniv-base/install/vision/share/vision/package.sh'
[6.257s] INFO:colcon.colcon_core.shell:Creating package script '/home/roboracing/Desktop/roboracing-rigatoniv-base/install/vision/share/vision/package.bash'
[6.258s] INFO:colcon.colcon_core.shell:Creating package script '/home/roboracing/Desktop/roboracing-rigatoniv-base/install/vision/share/vision/package.zsh'
[6.259s] Level 1:colcon.colcon_core.environment:create_file_with_runtime_dependencies(/home/roboracing/Desktop/roboracing-rigatoniv-base/install/vision/share/colcon-core/packages/vision)
[7.626s] DEBUG:colcon.colcon_core.event_handler.log_command:Invoking command in '/home/roboracing/Desktop/roboracing-rigatoniv-base/launch_robot': PYTHONPATH=/home/roboracing/Desktop/roboracing-rigatoniv-base/build/launch_robot/prefix_override:/usr/lib/python3/dist-packages/colcon_core/task/python/colcon_distutils_commands:/home/roboracing/Desktop/roboracing-rigatoniv-base/install/launch_robot/lib/python3.10/site-packages:${PYTHONPATH} /usr/bin/python3 -W ignore:setup.py install is deprecated -W ignore:easy_install command is deprecated setup.py egg_info --egg-base ../build/launch_robot build --build-base /home/roboracing/Desktop/roboracing-rigatoniv-base/build/launch_robot/build install --record /home/roboracing/Desktop/roboracing-rigatoniv-base/build/launch_robot/install.log --single-version-externally-managed install_data
[9.070s] Level 1:colcon.colcon_core.environment:checking '/home/roboracing/Desktop/roboracing-rigatoniv-base/install/launch_robot' for CMake module files
[9.071s] DEBUG:colcon.colcon_core.event_handler.log_command:Invoked command in '/home/roboracing/Desktop/roboracing-rigatoniv-base/launch_robot' returned '0': PYTHONPATH=/home/roboracing/Desktop/roboracing-rigatoniv-base/build/launch_robot/prefix_override:/usr/lib/python3/dist-packages/colcon_core/task/python/colcon_distutils_commands:/home/roboracing/Desktop/roboracing-rigatoniv-base/install/launch_robot/lib/python3.10/site-packages:${PYTHONPATH} /usr/bin/python3 -W ignore:setup.py install is deprecated -W ignore:easy_install command is deprecated setup.py egg_info --egg-base ../build/launch_robot build --build-base /home/roboracing/Desktop/roboracing-rigatoniv-base/build/launch_robot/build install --record /home/roboracing/Desktop/roboracing-rigatoniv-base/build/launch_robot/install.log --single-version-externally-managed install_data
[9.073s] Level 1:colcon.colcon_core.environment:checking '/home/roboracing/Desktop/roboracing-rigatoniv-base/install/launch_robot' for CMake config files
[9.075s] Level 1:colcon.colcon_core.environment:checking '/home/roboracing/Desktop/roboracing-rigatoniv-base/install/launch_robot/lib'
[9.075s] Level 1:colcon.colcon_core.environment:checking '/home/roboracing/Desktop/roboracing-rigatoniv-base/install/launch_robot/bin'
[9.075s] Level 1:colcon.colcon_core.environment:checking '/home/roboracing/Desktop/roboracing-rigatoniv-base/install/launch_robot/lib/pkgconfig/launch_robot.pc'
[9.076s] Level 1:colcon.colcon_core.environment:checking '/home/roboracing/Desktop/roboracing-rigatoniv-base/install/launch_robot/lib/python3.10/site-packages'
[9.076s] Level 1:colcon.colcon_core.shell:create_environment_hook('launch_robot', 'pythonpath')
[9.077s] INFO:colcon.colcon_core.shell:Creating environment hook '/home/roboracing/Desktop/roboracing-rigatoniv-base/install/launch_robot/share/launch_robot/hook/pythonpath.ps1'
[9.079s] INFO:colcon.colcon_core.shell:Creating environment descriptor '/home/roboracing/Desktop/roboracing-rigatoniv-base/install/launch_robot/share/launch_robot/hook/pythonpath.dsv'
[9.080s] INFO:colcon.colcon_core.shell:Creating environment hook '/home/roboracing/Desktop/roboracing-rigatoniv-base/install/launch_robot/share/launch_robot/hook/pythonpath.sh'
[9.082s] Level 1:colcon.colcon_core.environment:checking '/home/roboracing/Desktop/roboracing-rigatoniv-base/install/launch_robot/bin'
[9.082s] Level 1:colcon.colcon_core.environment:create_environment_scripts_only(launch_robot)
[9.083s] INFO:colcon.colcon_core.shell:Creating package script '/home/roboracing/Desktop/roboracing-rigatoniv-base/install/launch_robot/share/launch_robot/package.ps1'
[9.085s] INFO:colcon.colcon_core.shell:Creating package descriptor '/home/roboracing/Desktop/roboracing-rigatoniv-base/install/launch_robot/share/launch_robot/package.dsv'
[9.087s] INFO:colcon.colcon_core.shell:Creating package script '/home/roboracing/Desktop/roboracing-rigatoniv-base/install/launch_robot/share/launch_robot/package.sh'
[9.089s] INFO:colcon.colcon_core.shell:Creating package script '/home/roboracing/Desktop/roboracing-rigatoniv-base/install/launch_robot/share/launch_robot/package.bash'
[9.090s] INFO:colcon.colcon_core.shell:Creating package script '/home/roboracing/Desktop/roboracing-rigatoniv-base/install/launch_robot/share/launch_robot/package.zsh'
[9.092s] Level 1:colcon.colcon_core.environment:create_file_with_runtime_dependencies(/home/roboracing/Desktop/roboracing-rigatoniv-base/install/launch_robot/share/colcon-core/packages/launch_robot)
[21.195s] DEBUG:colcon.colcon_core.event_handler.log_command:Invoked command in '/home/roboracing/Desktop/roboracing-rigatoniv-base/build/comms' returned '2': CMAKE_PREFIX_PATH=${CMAKE_PREFIX_PATH}:/home/roboracing/ros2_humble/install/rqt_bag_plugins:/home/roboracing/ros2_humble/install/rqt_bag:/home/roboracing/ros2_humble/install/launch_testing_examples:/home/roboracing/ros2_humble/install/ros2bag:/home/roboracing/ros2_humble/install/tracetools_test:/home/roboracing/ros2_humble/install/tracetools_launch:/home/roboracing/ros2_humble/install/topic_monitor:/home/roboracing/ros2_humble/install/tf2_tools:/home/roboracing/ros2_humble/install/examples_tf2_py:/home/roboracing/ros2_humble/install/tf2_ros_py:/home/roboracing/ros2_humble/install/sros2:/home/roboracing/ros2_humble/install/rqt_topic:/home/roboracing/ros2_humble/install/rqt_srv:/home/roboracing/ros2_humble/install/rqt_shell:/home/roboracing/ros2_humble/install/rqt_service_caller:/home/roboracing/ros2_humble/install/rqt_reconfigure:/home/roboracing/ros2_humble/install/rqt_py_console:/home/roboracing/ros2_humble/install/rqt_publisher:/home/roboracing/ros2_humble/install/rqt_plot:/home/roboracing/ros2_humble/install/rqt_action:/home/roboracing/ros2_humble/install/rqt_msg:/home/roboracing/ros2_humble/install/rqt_console:/home/roboracing/ros2_humble/install/rqt:/home/roboracing/ros2_humble/install/rqt_graph:/home/roboracing/ros2_humble/install/rqt_gui_py:/home/roboracing/ros2_humble/install/rqt_gui:/home/roboracing/ros2_humble/install/ros2trace:/home/roboracing/ros2_humble/install/ros2topic:/home/roboracing/ros2_humble/install/ros2test:/home/roboracing/ros2_humble/install/ros2component:/home/roboracing/ros2_humble/install/ros2param:/home/roboracing/ros2_humble/install/ros2lifecycle:/home/roboracing/ros2_humble/install/ros2service:/home/roboracing/ros2_humble/install/ros2run:/home/roboracing/ros2_humble/install/ros2launch:/home/roboracing/ros2_humble/install/ros2pkg:/home/roboracing/ros2_humble/install/ros2node:/home/roboracing/ros2_humble/install/ros2multicast:/home/roboracing/ros2_humble/install/ros2interface:/home/roboracing/ros2_humble/install/ros2doctor:/home/roboracing/ros2_humble/install/ros2action:/home/roboracing/ros2_humble/install/ros2cli:/home/roboracing/ros2_humble/install/quality_of_service_demo_py:/home/roboracing/ros2_humble/install/lifecycle_py:/home/roboracing/ros2_humble/install/launch_testing_ros:/home/roboracing/ros2_humble/install/launch_ros:/home/roboracing/ros2_humble/install/examples_rclpy_pointcloud_publisher:/home/roboracing/ros2_humble/install/examples_rclpy_minimal_subscriber:/home/roboracing/ros2_humble/install/examples_rclpy_minimal_service:/home/roboracing/ros2_humble/install/examples_rclpy_minimal_publisher:/home/roboracing/ros2_humble/install/examples_rclpy_minimal_client:/home/roboracing/ros2_humble/install/examples_rclpy_minimal_action_server:/home/roboracing/ros2_humble/install/examples_rclpy_minimal_action_client:/home/roboracing/ros2_humble/install/examples_rclpy_guard_conditions:/home/roboracing/ros2_humble/install/examples_rclpy_executors:/home/roboracing/ros2_humble/install/demo_nodes_py:/home/roboracing/ros2_humble/install/action_tutorials_py:/home/roboracing/ros2_humble/install/ament_uncrustify:/home/roboracing/ros2_humble/install/tracetools_trace:/home/roboracing/ros2_humble/install/tracetools_read:/home/roboracing/ros2_humble/install/test_tracetools_launch:/home/roboracing/ros2_humble/install/test_launch_ros:/home/roboracing/ros2_humble/install/sensor_msgs_py:/home/roboracing/ros2_humble/install/rpyutils:/home/roboracing/ros2_humble/install/rosidl_runtime_py:/home/roboracing/ros2_humble/install/rosidl_cli:/home/roboracing/ros2_humble/install/launch_pytest:/home/roboracing/ros2_humble/install/launch_testing:/home/roboracing/ros2_humble/install/launch_yaml:/home/roboracing/ros2_humble/install/launch_xml:/home/roboracing/ros2_humble/install/launch:/home/roboracing/ros2_humble/install/osrf_pycommon:/home/roboracing/ros2_humble/install/domain_coordinator:/home/roboracing/ros2_humble/install/ament_xmllint:/home/roboracing/ros2_humble/install/ament_pyflakes:/home/roboracing/ros2_humble/install/ament_pycodestyle:/home/roboracing/ros2_humble/install/ament_pep257:/home/roboracing/ros2_humble/install/ament_pclint:/home/roboracing/ros2_humble/install/ament_package:/home/roboracing/ros2_humble/install/ament_mypy:/home/roboracing/ros2_humble/install/ament_lint_cmake:/home/roboracing/ros2_humble/install/ament_flake8:/home/roboracing/ros2_humble/install/ament_copyright:/home/roboracing/ros2_humble/install/ament_lint:/home/roboracing/ros2_humble/install/ament_index_python:/home/roboracing/ros2_humble/install/ament_cpplint:/home/roboracing/ros2_humble/install/ament_cppcheck:/home/roboracing/ros2_humble/install/ament_clang_tidy:/home/roboracing/ros2_humble/install/ament_clang_format:/opt/ros/humble /usr/bin/cmake --build /home/roboracing/Desktop/roboracing-rigatoniv-base/build/comms -- -j6 -l6
[21.197s] Level 1:colcon.colcon_core.environment:create_environment_scripts_only(comms)
[21.197s] Level 1:colcon.colcon_core.environment:checking '/home/roboracing/Desktop/roboracing-rigatoniv-base/install/comms' for CMake module files
[21.198s] Level 1:colcon.colcon_core.environment:checking '/home/roboracing/Desktop/roboracing-rigatoniv-base/install/comms' for CMake config files
[21.199s] Level 1:colcon.colcon_core.environment:checking '/home/roboracing/Desktop/roboracing-rigatoniv-base/install/comms/bin'
[21.199s] Level 1:colcon.colcon_core.environment:checking '/home/roboracing/Desktop/roboracing-rigatoniv-base/install/comms/lib/pkgconfig/comms.pc'
[21.200s] Level 1:colcon.colcon_core.environment:checking '/home/roboracing/Desktop/roboracing-rigatoniv-base/install/comms/lib/python3.10/site-packages'
[21.200s] Level 1:colcon.colcon_core.environment:checking '/home/roboracing/Desktop/roboracing-rigatoniv-base/install/comms/bin'
[21.201s] INFO:colcon.colcon_core.shell:Creating package script '/home/roboracing/Desktop/roboracing-rigatoniv-base/install/comms/share/comms/package.ps1'
[21.203s] INFO:colcon.colcon_core.shell:Creating package descriptor '/home/roboracing/Desktop/roboracing-rigatoniv-base/install/comms/share/comms/package.dsv'
[21.204s] INFO:colcon.colcon_core.shell:Creating package script '/home/roboracing/Desktop/roboracing-rigatoniv-base/install/comms/share/comms/package.sh'
[21.206s] INFO:colcon.colcon_core.shell:Creating package script '/home/roboracing/Desktop/roboracing-rigatoniv-base/install/comms/share/comms/package.bash'
[21.208s] INFO:colcon.colcon_core.shell:Creating package script '/home/roboracing/Desktop/roboracing-rigatoniv-base/install/comms/share/comms/package.zsh'
[21.209s] Level 1:colcon.colcon_core.environment:create_file_with_runtime_dependencies(/home/roboracing/Desktop/roboracing-rigatoniv-base/install/comms/share/colcon-core/packages/comms)
[21.221s] DEBUG:colcon.colcon_parallel_executor.executor.parallel:closing loop
[21.222s] DEBUG:colcon.colcon_parallel_executor.executor.parallel:loop closed
[21.222s] DEBUG:colcon.colcon_parallel_executor.executor.parallel:run_until_complete finished with '2'
[21.223s] DEBUG:colcon.colcon_core.event_reactor:joining thread
[21.276s] INFO:colcon.colcon_core.plugin_system:Skipping extension 'colcon_notification.desktop_notification.terminal_notifier': Not used on non-Darwin systems
[21.277s] INFO:colcon.colcon_core.plugin_system:Skipping extension 'colcon_notification.desktop_notification.win32': Not used on non-Windows systems
[21.277s] INFO:colcon.colcon_notification.desktop_notification:Sending desktop notification using 'notify2'
[21.331s] DEBUG:colcon.colcon_core.event_reactor:joined thread
[21.332s] INFO:colcon.colcon_core.shell:Creating prefix script '/home/roboracing/Desktop/roboracing-rigatoniv-base/install/local_setup.ps1'
[21.336s] INFO:colcon.colcon_core.shell:Creating prefix util module '/home/roboracing/Desktop/roboracing-rigatoniv-base/install/_local_setup_util_ps1.py'
[21.340s] INFO:colcon.colcon_core.shell:Creating prefix chain script '/home/roboracing/Desktop/roboracing-rigatoniv-base/install/setup.ps1'
[21.387s] INFO:colcon.colcon_core.shell:Creating prefix script '/home/roboracing/Desktop/roboracing-rigatoniv-base/install/local_setup.sh'
[21.389s] INFO:colcon.colcon_core.shell:Creating prefix util module '/home/roboracing/Desktop/roboracing-rigatoniv-base/install/_local_setup_util_sh.py'
[21.391s] INFO:colcon.colcon_core.shell:Creating prefix chain script '/home/roboracing/Desktop/roboracing-rigatoniv-base/install/setup.sh'
[21.420s] INFO:colcon.colcon_core.shell:Creating prefix script '/home/roboracing/Desktop/roboracing-rigatoniv-base/install/local_setup.bash'
[21.422s] INFO:colcon.colcon_core.shell:Creating prefix chain script '/home/roboracing/Desktop/roboracing-rigatoniv-base/install/setup.bash'
[21.464s] INFO:colcon.colcon_core.shell:Creating prefix script '/home/roboracing/Desktop/roboracing-rigatoniv-base/install/local_setup.zsh'
[21.467s] INFO:colcon.colcon_core.shell:Creating prefix chain script '/home/roboracing/Desktop/roboracing-rigatoniv-base/install/setup.zsh'
