[0.203s] Invoking command in '/home/roboracing/Desktop/roboracing-rigatoniv-base/build/comms': CMAKE_PREFIX_PATH=${CMAKE_PREFIX_PATH}:/home/roboracing/Desktop/roboracing-rigatoniv-base/install/launch_robot:/home/roboracing/ros2_humble/install/rqt_bag_plugins:/home/roboracing/ros2_humble/install/rqt_bag:/home/roboracing/ros2_humble/install/launch_testing_examples:/home/roboracing/ros2_humble/install/ros2bag:/home/roboracing/ros2_humble/install/tracetools_test:/home/roboracing/ros2_humble/install/tracetools_launch:/home/roboracing/ros2_humble/install/topic_monitor:/home/roboracing/ros2_humble/install/tf2_tools:/home/roboracing/ros2_humble/install/examples_tf2_py:/home/roboracing/ros2_humble/install/tf2_ros_py:/home/roboracing/ros2_humble/install/sros2:/home/roboracing/ros2_humble/install/rqt_topic:/home/roboracing/ros2_humble/install/rqt_srv:/home/roboracing/ros2_humble/install/rqt_shell:/home/roboracing/ros2_humble/install/rqt_service_caller:/home/roboracing/ros2_humble/install/rqt_reconfigure:/home/roboracing/ros2_humble/install/rqt_py_console:/home/roboracing/ros2_humble/install/rqt_publisher:/home/roboracing/ros2_humble/install/rqt_plot:/home/roboracing/ros2_humble/install/rqt_action:/home/roboracing/ros2_humble/install/rqt_msg:/home/roboracing/ros2_humble/install/rqt_console:/home/roboracing/ros2_humble/install/rqt:/home/roboracing/ros2_humble/install/rqt_graph:/home/roboracing/ros2_humble/install/rqt_gui_py:/home/roboracing/ros2_humble/install/rqt_gui:/home/roboracing/ros2_humble/install/ros2trace:/home/roboracing/ros2_humble/install/ros2topic:/home/roboracing/ros2_humble/install/ros2test:/home/roboracing/ros2_humble/install/ros2component:/home/roboracing/ros2_humble/install/ros2param:/home/roboracing/ros2_humble/install/ros2lifecycle:/home/roboracing/ros2_humble/install/ros2service:/home/roboracing/ros2_humble/install/ros2run:/home/roboracing/ros2_humble/install/ros2launch:/home/roboracing/ros2_humble/install/ros2pkg:/home/roboracing/ros2_humble/install/ros2node:/home/roboracing/ros2_humble/install/ros2multicast:/home/roboracing/ros2_humble/install/ros2interface:/home/roboracing/ros2_humble/install/ros2doctor:/home/roboracing/ros2_humble/install/ros2action:/home/roboracing/ros2_humble/install/ros2cli:/home/roboracing/ros2_humble/install/quality_of_service_demo_py:/home/roboracing/ros2_humble/install/lifecycle_py:/home/roboracing/ros2_humble/install/launch_testing_ros:/home/roboracing/ros2_humble/install/launch_ros:/home/roboracing/ros2_humble/install/examples_rclpy_pointcloud_publisher:/home/roboracing/ros2_humble/install/examples_rclpy_minimal_subscriber:/home/roboracing/ros2_humble/install/examples_rclpy_minimal_service:/home/roboracing/ros2_humble/install/examples_rclpy_minimal_publisher:/home/roboracing/ros2_humble/install/examples_rclpy_minimal_client:/home/roboracing/ros2_humble/install/examples_rclpy_minimal_action_server:/home/roboracing/ros2_humble/install/examples_rclpy_minimal_action_client:/home/roboracing/ros2_humble/install/examples_rclpy_guard_conditions:/home/roboracing/ros2_humble/install/examples_rclpy_executors:/home/roboracing/ros2_humble/install/demo_nodes_py:/home/roboracing/ros2_humble/install/action_tutorials_py:/home/roboracing/ros2_humble/install/ament_uncrustify:/home/roboracing/ros2_humble/install/tracetools_trace:/home/roboracing/ros2_humble/install/tracetools_read:/home/roboracing/ros2_humble/install/test_tracetools_launch:/home/roboracing/ros2_humble/install/test_launch_ros:/home/roboracing/ros2_humble/install/sensor_msgs_py:/home/roboracing/ros2_humble/install/rpyutils:/home/roboracing/ros2_humble/install/rosidl_runtime_py:/home/roboracing/ros2_humble/install/rosidl_cli:/home/roboracing/ros2_humble/install/launch_pytest:/home/roboracing/ros2_humble/install/launch_testing:/home/roboracing/ros2_humble/install/launch_yaml:/home/roboracing/ros2_humble/install/launch_xml:/home/roboracing/ros2_humble/install/launch:/home/roboracing/ros2_humble/install/osrf_pycommon:/home/roboracing/ros2_humble/install/domain_coordinator:/home/roboracing/ros2_humble/install/ament_xmllint:/home/roboracing/ros2_humble/install/ament_pyflakes:/home/roboracing/ros2_humble/install/ament_pycodestyle:/home/roboracing/ros2_humble/install/ament_pep257:/home/roboracing/ros2_humble/install/ament_pclint:/home/roboracing/ros2_humble/install/ament_package:/home/roboracing/ros2_humble/install/ament_mypy:/home/roboracing/ros2_humble/install/ament_lint_cmake:/home/roboracing/ros2_humble/install/ament_flake8:/home/roboracing/ros2_humble/install/ament_copyright:/home/roboracing/ros2_humble/install/ament_lint:/home/roboracing/ros2_humble/install/ament_index_python:/home/roboracing/ros2_humble/install/ament_cpplint:/home/roboracing/ros2_humble/install/ament_cppcheck:/home/roboracing/ros2_humble/install/ament_clang_tidy:/home/roboracing/ros2_humble/install/ament_clang_format:/opt/ros/humble /usr/bin/cmake --build /home/roboracing/Desktop/roboracing-rigatoniv-base/build/comms -- -j6 -l6
[1.724s] [35m[1mConsolidate compiler generated dependencies of target comms[0m
[1.724s] [ 14%] [32mBuilding CXX object CMakeFiles/comms.dir/src/udp_client.cpp.o[0m
[1.726s] [ 42%] Built target udp
[1.727s] [ 71%] Built target ackermann_send
[9.286s] [01m[K/home/roboracing/Desktop/roboracing-rigatoniv-base/comms/src/udp_client.cpp:[m[K In member function ‘[01m[Kvoid comms::UDPClient::handle_receive(const boost::system::error_code&, size_t)[m[K’:
[9.287s] [01m[K/home/roboracing/Desktop/roboracing-rigatoniv-base/comms/src/udp_client.cpp:86:34:[m[K [01;31m[Kerror: [m[Kno matching function for call to ‘[01m[Krclcpp::Publisher<std_msgs::msg::String_<std::allocator<void> > >::publish(std::string)[m[K’
[9.287s]    86 |         [01;31m[Kstate_publisher_->publish(std::string("ANGLE=67;SPEED=41;STATE=AUTONOMOUS>"))[m[K;
[9.287s]       |         [01;31m[K~~~~~~~~~~~~~~~~~~~~~~~~~^~~~~~~~~~~~~~~~~~~~~~~~~~~~~~~~~~~~~~~~~~~~~~~~~~~~[m[K
[9.288s] In file included from [01m[K/home/roboracing/ros2_humble/install/rclcpp/include/rclcpp/rclcpp/topic_statistics/subscription_topic_statistics.hpp:31[m[K,
[9.288s]                  from [01m[K/home/roboracing/ros2_humble/install/rclcpp/include/rclcpp/rclcpp/subscription.hpp:50[m[K,
[9.288s]                  from [01m[K/home/roboracing/ros2_humble/install/rclcpp/include/rclcpp/rclcpp/any_executable.hpp:25[m[K,
[9.288s]                  from [01m[K/home/roboracing/ros2_humble/install/rclcpp/include/rclcpp/rclcpp/memory_strategy.hpp:25[m[K,
[9.288s]                  from [01m[K/home/roboracing/ros2_humble/install/rclcpp/include/rclcpp/rclcpp/memory_strategies.hpp:18[m[K,
[9.289s]                  from [01m[K/home/roboracing/ros2_humble/install/rclcpp/include/rclcpp/rclcpp/executor_options.hpp:20[m[K,
[9.289s]                  from [01m[K/home/roboracing/ros2_humble/install/rclcpp/include/rclcpp/rclcpp/executor.hpp:37[m[K,
[9.289s]                  from [01m[K/home/roboracing/ros2_humble/install/rclcpp/include/rclcpp/rclcpp/executors/multi_threaded_executor.hpp:25[m[K,
[9.289s]                  from [01m[K/home/roboracing/ros2_humble/install/rclcpp/include/rclcpp/rclcpp/executors.hpp:21[m[K,
[9.290s]                  from [01m[K/home/roboracing/ros2_humble/install/rclcpp/include/rclcpp/rclcpp/rclcpp.hpp:155[m[K,
[9.290s]                  from [01m[K/home/roboracing/Desktop/roboracing-rigatoniv-base/comms/src/udp_client.cpp:9[m[K:
[9.290s] [01m[K/home/roboracing/ros2_humble/install/rclcpp/include/rclcpp/rclcpp/publisher.hpp:251:3:[m[K [01;36m[Knote: [m[Kcandidate: ‘[01m[Ktemplate<class T> std::enable_if_t<(rosidl_generator_traits::is_message<T>::value && std::is_same<T, typename rclcpp::TypeAdapter<MessageT>::ros_message_type>::value)> rclcpp::Publisher<MessageT, AllocatorT>::publish(std::unique_ptr<T, typename std::conditional<std::is_same<typename std::allocator_traits<typename std::allocator_traits<_Allocator>::rebind_traits<typename rclcpp::TypeAdapter<MessageT, void, void>::ros_message_type>::allocator_type>::rebind_alloc<typename rclcpp::TypeAdapter<MessageT, void, void>::ros_message_type>, std::allocator<typename rclcpp::TypeAdapter<MessageT>::ros_message_type> >::value, std::default_delete<typename rclcpp::TypeAdapter<MessageT>::ros_message_type>, rclcpp::allocator::AllocatorDeleter<typename std::allocator_traits<_Allocator>::rebind_traits<typename rclcpp::TypeAdapter<MessageT, void, void>::ros_message_type>::allocator_type> >::type>) [with T = T; MessageT = std_msgs::msg::String_<std::allocator<void> >; AllocatorT = std::allocator<void>][m[K’
[9.290s]   251 |   [01;36m[Kpublish[m[K(std::unique_ptr<T, ROSMessageTypeDeleter> msg)
[9.291s]       |   [01;36m[K^~~~~~~[m[K
[9.291s] [01m[K/home/roboracing/ros2_humble/install/rclcpp/include/rclcpp/rclcpp/publisher.hpp:251:3:[m[K [01;36m[Knote: [m[K  template argument deduction/substitution failed:
[9.291s] [01m[K/home/roboracing/Desktop/roboracing-rigatoniv-base/comms/src/udp_client.cpp:86:34:[m[K [01;36m[Knote: [m[K  ‘[01m[Kstd::__cxx11::basic_string<char>[m[K’ is not derived from ‘[01m[Kstd::unique_ptr<T, std::default_delete<std_msgs::msg::String_<std::allocator<void> > > >[m[K’
[9.291s]    86 |         [01;36m[Kstate_publisher_->publish(std::string("ANGLE=67;SPEED=41;STATE=AUTONOMOUS>"))[m[K;
[9.291s]       |         [01;36m[K~~~~~~~~~~~~~~~~~~~~~~~~~^~~~~~~~~~~~~~~~~~~~~~~~~~~~~~~~~~~~~~~~~~~~~~~~~~~~[m[K
[9.291s] In file included from [01m[K/home/roboracing/ros2_humble/install/rclcpp/include/rclcpp/rclcpp/topic_statistics/subscription_topic_statistics.hpp:31[m[K,
[9.291s]                  from [01m[K/home/roboracing/ros2_humble/install/rclcpp/include/rclcpp/rclcpp/subscription.hpp:50[m[K,
[9.292s]                  from [01m[K/home/roboracing/ros2_humble/install/rclcpp/include/rclcpp/rclcpp/any_executable.hpp:25[m[K,
[9.292s]                  from [01m[K/home/roboracing/ros2_humble/install/rclcpp/include/rclcpp/rclcpp/memory_strategy.hpp:25[m[K,
[9.292s]                  from [01m[K/home/roboracing/ros2_humble/install/rclcpp/include/rclcpp/rclcpp/memory_strategies.hpp:18[m[K,
[9.293s]                  from [01m[K/home/roboracing/ros2_humble/install/rclcpp/include/rclcpp/rclcpp/executor_options.hpp:20[m[K,
[9.293s]                  from [01m[K/home/roboracing/ros2_humble/install/rclcpp/include/rclcpp/rclcpp/executor.hpp:37[m[K,
[9.293s]                  from [01m[K/home/roboracing/ros2_humble/install/rclcpp/include/rclcpp/rclcpp/executors/multi_threaded_executor.hpp:25[m[K,
[9.293s]                  from [01m[K/home/roboracing/ros2_humble/install/rclcpp/include/rclcpp/rclcpp/executors.hpp:21[m[K,
[9.294s]                  from [01m[K/home/roboracing/ros2_humble/install/rclcpp/include/rclcpp/rclcpp/rclcpp.hpp:155[m[K,
[9.294s]                  from [01m[K/home/roboracing/Desktop/roboracing-rigatoniv-base/comms/src/udp_client.cpp:9[m[K:
[9.294s] [01m[K/home/roboracing/ros2_humble/install/rclcpp/include/rclcpp/rclcpp/publisher.hpp:292:3:[m[K [01;36m[Knote: [m[Kcandidate: ‘[01m[Ktemplate<class T> std::enable_if_t<(rosidl_generator_traits::is_message<T>::value && std::is_same<T, typename rclcpp::TypeAdapter<MessageT>::ros_message_type>::value)> rclcpp::Publisher<MessageT, AllocatorT>::publish(const T&) [with T = T; MessageT = std_msgs::msg::String_<std::allocator<void> >; AllocatorT = std::allocator<void>][m[K’
[9.294s]   292 |   [01;36m[Kpublish[m[K(const T & msg)
[9.294s]       |   [01;36m[K^~~~~~~[m[K
[9.294s] [01m[K/home/roboracing/ros2_humble/install/rclcpp/include/rclcpp/rclcpp/publisher.hpp:292:3:[m[K [01;36m[Knote: [m[K  template argument deduction/substitution failed:
[9.295s] In file included from [01m[K/usr/include/c++/11/bits/move.h:57[m[K,
[9.295s]                  from [01m[K/usr/include/c++/11/bits/stl_pair.h:59[m[K,
[9.295s]                  from [01m[K/usr/include/c++/11/bits/stl_algobase.h:64[m[K,
[9.295s]                  from [01m[K/usr/include/c++/11/memory:63[m[K,
[9.295s]                  from [01m[K/usr/include/boost/asio/associated_allocator.hpp:19[m[K,
[9.295s]                  from [01m[K/usr/include/boost/asio.hpp:20[m[K,
[9.295s]                  from [01m[K/home/roboracing/Desktop/roboracing-rigatoniv-base/comms/src/udp_client.cpp:1[m[K:
[9.295s] /usr/include/c++/11/type_traits: In substitution of ‘[01m[Ktemplate<bool _Cond, class _Tp> using enable_if_t = typename std::enable_if::type [with bool _Cond = false; _Tp = void][m[K’:
[9.296s] [01m[K/home/roboracing/ros2_humble/install/rclcpp/include/rclcpp/rclcpp/publisher.hpp:292:3:[m[K   required by substitution of ‘[01m[Ktemplate<class T> std::enable_if_t<(rosidl_generator_traits::is_message<T>::value && std::is_same<T, std_msgs::msg::String_<std::allocator<void> > >::value), void> rclcpp::Publisher<std_msgs::msg::String_<std::allocator<void> > >::publish<T>(const T&) [with T = std::__cxx11::basic_string<char>][m[K’
[9.296s] [01m[K/home/roboracing/Desktop/roboracing-rigatoniv-base/comms/src/udp_client.cpp:86:34:[m[K   required from here
[9.296s] [01m[K/usr/include/c++/11/type_traits:2579:11:[m[K [01;31m[Kerror: [m[Kno type named ‘[01m[Ktype[m[K’ in ‘[01m[Kstruct std::enable_if<false, void>[m[K’
[9.296s]  2579 |     using [01;31m[Kenable_if_t[m[K = typename enable_if<_Cond, _Tp>::type;
[9.296s]       |           [01;31m[K^~~~~~~~~~~[m[K
[9.296s] In file included from [01m[K/home/roboracing/ros2_humble/install/rclcpp/include/rclcpp/rclcpp/topic_statistics/subscription_topic_statistics.hpp:31[m[K,
[9.297s]                  from [01m[K/home/roboracing/ros2_humble/install/rclcpp/include/rclcpp/rclcpp/subscription.hpp:50[m[K,
[9.297s]                  from [01m[K/home/roboracing/ros2_humble/install/rclcpp/include/rclcpp/rclcpp/any_executable.hpp:25[m[K,
[9.297s]                  from [01m[K/home/roboracing/ros2_humble/install/rclcpp/include/rclcpp/rclcpp/memory_strategy.hpp:25[m[K,
[9.297s]                  from [01m[K/home/roboracing/ros2_humble/install/rclcpp/include/rclcpp/rclcpp/memory_strategies.hpp:18[m[K,
[9.298s]                  from [01m[K/home/roboracing/ros2_humble/install/rclcpp/include/rclcpp/rclcpp/executor_options.hpp:20[m[K,
[9.298s]                  from [01m[K/home/roboracing/ros2_humble/install/rclcpp/include/rclcpp/rclcpp/executor.hpp:37[m[K,
[9.298s]                  from [01m[K/home/roboracing/ros2_humble/install/rclcpp/include/rclcpp/rclcpp/executors/multi_threaded_executor.hpp:25[m[K,
[9.298s]                  from [01m[K/home/roboracing/ros2_humble/install/rclcpp/include/rclcpp/rclcpp/executors.hpp:21[m[K,
[9.299s]                  from [01m[K/home/roboracing/ros2_humble/install/rclcpp/include/rclcpp/rclcpp/rclcpp.hpp:155[m[K,
[9.299s]                  from [01m[K/home/roboracing/Desktop/roboracing-rigatoniv-base/comms/src/udp_client.cpp:9[m[K:
[9.299s] [01m[K/home/roboracing/ros2_humble/install/rclcpp/include/rclcpp/rclcpp/publisher.hpp:322:3:[m[K [01;36m[Knote: [m[Kcandidate: ‘[01m[Ktemplate<class T> std::enable_if_t<(typename rclcpp::TypeAdapter<MessageT>::is_specialized::value && std::is_same<T, typename rclcpp::TypeAdapter<MessageT>::custom_type>::value)> rclcpp::Publisher<MessageT, AllocatorT>::publish(std::unique_ptr<T, typename std::conditional<std::is_same<typename std::allocator_traits<typename std::allocator_traits<_Allocator>::rebind_traits<typename rclcpp::TypeAdapter<MessageT, void, void>::custom_type>::allocator_type>::rebind_alloc<typename rclcpp::TypeAdapter<MessageT, void, void>::custom_type>, std::allocator<typename rclcpp::TypeAdapter<MessageT>::custom_type> >::value, std::default_delete<typename rclcpp::TypeAdapter<MessageT>::custom_type>, rclcpp::allocator::AllocatorDeleter<typename std::allocator_traits<_Allocator>::rebind_traits<typename rclcpp::TypeAdapter<MessageT, void, void>::custom_type>::allocator_type> >::type>) [with T = T; MessageT = std_msgs::msg::String_<std::allocator<void> >; AllocatorT = std::allocator<void>][m[K’
[9.300s]   322 |   [01;36m[Kpublish[m[K(std::unique_ptr<T, PublishedTypeDeleter> msg)
[9.300s]       |   [01;36m[K^~~~~~~[m[K
[9.300s] [01m[K/home/roboracing/ros2_humble/install/rclcpp/include/rclcpp/rclcpp/publisher.hpp:322:3:[m[K [01;36m[Knote: [m[K  template argument deduction/substitution failed:
[9.300s] [01m[K/home/roboracing/Desktop/roboracing-rigatoniv-base/comms/src/udp_client.cpp:86:34:[m[K [01;36m[Knote: [m[K  ‘[01m[Kstd::__cxx11::basic_string<char>[m[K’ is not derived from ‘[01m[Kstd::unique_ptr<T, std::default_delete<std_msgs::msg::String_<std::allocator<void> > > >[m[K’
[9.301s]    86 |         [01;36m[Kstate_publisher_->publish(std::string("ANGLE=67;SPEED=41;STATE=AUTONOMOUS>"))[m[K;
[9.301s]       |         [01;36m[K~~~~~~~~~~~~~~~~~~~~~~~~~^~~~~~~~~~~~~~~~~~~~~~~~~~~~~~~~~~~~~~~~~~~~~~~~~~~~[m[K
[9.301s] In file included from [01m[K/home/roboracing/ros2_humble/install/rclcpp/include/rclcpp/rclcpp/topic_statistics/subscription_topic_statistics.hpp:31[m[K,
[9.301s]                  from [01m[K/home/roboracing/ros2_humble/install/rclcpp/include/rclcpp/rclcpp/subscription.hpp:50[m[K,
[9.302s]                  from [01m[K/home/roboracing/ros2_humble/install/rclcpp/include/rclcpp/rclcpp/any_executable.hpp:25[m[K,
[9.302s]                  from [01m[K/home/roboracing/ros2_humble/install/rclcpp/include/rclcpp/rclcpp/memory_strategy.hpp:25[m[K,
[9.302s]                  from [01m[K/home/roboracing/ros2_humble/install/rclcpp/include/rclcpp/rclcpp/memory_strategies.hpp:18[m[K,
[9.302s]                  from [01m[K/home/roboracing/ros2_humble/install/rclcpp/include/rclcpp/rclcpp/executor_options.hpp:20[m[K,
[9.303s]                  from [01m[K/home/roboracing/ros2_humble/install/rclcpp/include/rclcpp/rclcpp/executor.hpp:37[m[K,
[9.303s]                  from [01m[K/home/roboracing/ros2_humble/install/rclcpp/include/rclcpp/rclcpp/executors/multi_threaded_executor.hpp:25[m[K,
[9.303s]                  from [01m[K/home/roboracing/ros2_humble/install/rclcpp/include/rclcpp/rclcpp/executors.hpp:21[m[K,
[9.303s]                  from [01m[K/home/roboracing/ros2_humble/install/rclcpp/include/rclcpp/rclcpp/rclcpp.hpp:155[m[K,
[9.304s]                  from [01m[K/home/roboracing/Desktop/roboracing-rigatoniv-base/comms/src/udp_client.cpp:9[m[K:
[9.304s] [01m[K/home/roboracing/ros2_humble/install/rclcpp/include/rclcpp/rclcpp/publisher.hpp:364:3:[m[K [01;36m[Knote: [m[Kcandidate: ‘[01m[Ktemplate<class T> std::enable_if_t<(typename rclcpp::TypeAdapter<MessageT>::is_specialized::value && std::is_same<T, typename rclcpp::TypeAdapter<MessageT>::custom_type>::value)> rclcpp::Publisher<MessageT, AllocatorT>::publish(const T&) [with T = T; MessageT = std_msgs::msg::String_<std::allocator<void> >; AllocatorT = std::allocator<void>][m[K’
[9.304s]   364 |   [01;36m[Kpublish[m[K(const T & msg)
[9.304s]       |   [01;36m[K^~~~~~~[m[K
[9.304s] [01m[K/home/roboracing/ros2_humble/install/rclcpp/include/rclcpp/rclcpp/publisher.hpp:364:3:[m[K [01;36m[Knote: [m[K  template argument deduction/substitution failed:
[9.304s] [01m[K/home/roboracing/ros2_humble/install/rclcpp/include/rclcpp/rclcpp/publisher.hpp:383:3:[m[K [01;36m[Knote: [m[Kcandidate: ‘[01m[Kvoid rclcpp::Publisher<MessageT, AllocatorT>::publish(const rcl_serialized_message_t&) [with MessageT = std_msgs::msg::String_<std::allocator<void> >; AllocatorT = std::allocator<void>; rcl_serialized_message_t = rcutils_uint8_array_s][m[K’
[9.304s]   383 |   [01;36m[Kpublish[m[K(const rcl_serialized_message_t & serialized_msg)
[9.305s]       |   [01;36m[K^~~~~~~[m[K
[9.305s] [01m[K/home/roboracing/ros2_humble/install/rclcpp/include/rclcpp/rclcpp/publisher.hpp:383:44:[m[K [01;36m[Knote: [m[K  no known conversion for argument 1 from ‘[01m[Kstd::string[m[K’ {aka ‘[01m[Kstd::__cxx11::basic_string<char>[m[K’} to ‘[01m[Kconst rcl_serialized_message_t&[m[K’ {aka ‘[01m[Kconst rcutils_uint8_array_s&[m[K’}
[9.305s]   383 |   publish([01;36m[Kconst rcl_serialized_message_t & serialized_msg[m[K)
[9.305s]       |           [01;36m[K~~~~~~~~~~~~~~~~~~~~~~~~~~~~~~~~~^~~~~~~~~~~~~~[m[K
[9.305s] [01m[K/home/roboracing/ros2_humble/install/rclcpp/include/rclcpp/rclcpp/publisher.hpp:389:3:[m[K [01;36m[Knote: [m[Kcandidate: ‘[01m[Kvoid rclcpp::Publisher<MessageT, AllocatorT>::publish(const rclcpp::SerializedMessage&) [with MessageT = std_msgs::msg::String_<std::allocator<void> >; AllocatorT = std::allocator<void>][m[K’
[9.306s]   389 |   [01;36m[Kpublish[m[K(const SerializedMessage & serialized_msg)
[9.306s]       |   [01;36m[K^~~~~~~[m[K
[9.306s] [01m[K/home/roboracing/ros2_humble/install/rclcpp/include/rclcpp/rclcpp/publisher.hpp:389:37:[m[K [01;36m[Knote: [m[K  no known conversion for argument 1 from ‘[01m[Kstd::string[m[K’ {aka ‘[01m[Kstd::__cxx11::basic_string<char>[m[K’} to ‘[01m[Kconst rclcpp::SerializedMessage&[m[K’
[9.306s]   389 |   publish([01;36m[Kconst SerializedMessage & serialized_msg[m[K)
[9.307s]       |           [01;36m[K~~~~~~~~~~~~~~~~~~~~~~~~~~^~~~~~~~~~~~~~[m[K
[9.307s] [01m[K/home/roboracing/ros2_humble/install/rclcpp/include/rclcpp/rclcpp/publisher.hpp:403:3:[m[K [01;36m[Knote: [m[Kcandidate: ‘[01m[Kvoid rclcpp::Publisher<MessageT, AllocatorT>::publish(rclcpp::LoanedMessage<typename rclcpp::TypeAdapter<MessageT>::ros_message_type, AllocatorT>&&) [with MessageT = std_msgs::msg::String_<std::allocator<void> >; AllocatorT = std::allocator<void>; typename rclcpp::TypeAdapter<MessageT>::ros_message_type = std_msgs::msg::String_<std::allocator<void> >][m[K’
[9.307s]   403 |   [01;36m[Kpublish[m[K(rclcpp::LoanedMessage<ROSMessageType, AllocatorT> && loaned_msg)
[9.307s]       |   [01;36m[K^~~~~~~[m[K
[9.308s] [01m[K/home/roboracing/ros2_humble/install/rclcpp/include/rclcpp/rclcpp/publisher.hpp:403:64:[m[K [01;36m[Knote: [m[K  no known conversion for argument 1 from ‘[01m[Kstd::string[m[K’ {aka ‘[01m[Kstd::__cxx11::basic_string<char>[m[K’} to ‘[01m[Krclcpp::LoanedMessage<std_msgs::msg::String_<std::allocator<void> >, std::allocator<void> >&&[m[K’
[9.308s]   403 |   publish([01;36m[Krclcpp::LoanedMessage<ROSMessageType, AllocatorT> && loaned_msg[m[K)
[9.308s]       |           [01;36m[K~~~~~~~~~~~~~~~~~~~~~~~~~~~~~~~~~~~~~~~~~~~~~~~~~~~~~^~~~~~~~~~[m[K
[15.052s] gmake[2]: *** [CMakeFiles/comms.dir/build.make:76: CMakeFiles/comms.dir/src/udp_client.cpp.o] Error 1
[15.052s] gmake[1]: *** [CMakeFiles/Makefile2:141: CMakeFiles/comms.dir/all] Error 2
[15.053s] gmake: *** [Makefile:146: all] Error 2
[15.060s] Invoked command in '/home/roboracing/Desktop/roboracing-rigatoniv-base/build/comms' returned '2': CMAKE_PREFIX_PATH=${CMAKE_PREFIX_PATH}:/home/roboracing/Desktop/roboracing-rigatoniv-base/install/launch_robot:/home/roboracing/ros2_humble/install/rqt_bag_plugins:/home/roboracing/ros2_humble/install/rqt_bag:/home/roboracing/ros2_humble/install/launch_testing_examples:/home/roboracing/ros2_humble/install/ros2bag:/home/roboracing/ros2_humble/install/tracetools_test:/home/roboracing/ros2_humble/install/tracetools_launch:/home/roboracing/ros2_humble/install/topic_monitor:/home/roboracing/ros2_humble/install/tf2_tools:/home/roboracing/ros2_humble/install/examples_tf2_py:/home/roboracing/ros2_humble/install/tf2_ros_py:/home/roboracing/ros2_humble/install/sros2:/home/roboracing/ros2_humble/install/rqt_topic:/home/roboracing/ros2_humble/install/rqt_srv:/home/roboracing/ros2_humble/install/rqt_shell:/home/roboracing/ros2_humble/install/rqt_service_caller:/home/roboracing/ros2_humble/install/rqt_reconfigure:/home/roboracing/ros2_humble/install/rqt_py_console:/home/roboracing/ros2_humble/install/rqt_publisher:/home/roboracing/ros2_humble/install/rqt_plot:/home/roboracing/ros2_humble/install/rqt_action:/home/roboracing/ros2_humble/install/rqt_msg:/home/roboracing/ros2_humble/install/rqt_console:/home/roboracing/ros2_humble/install/rqt:/home/roboracing/ros2_humble/install/rqt_graph:/home/roboracing/ros2_humble/install/rqt_gui_py:/home/roboracing/ros2_humble/install/rqt_gui:/home/roboracing/ros2_humble/install/ros2trace:/home/roboracing/ros2_humble/install/ros2topic:/home/roboracing/ros2_humble/install/ros2test:/home/roboracing/ros2_humble/install/ros2component:/home/roboracing/ros2_humble/install/ros2param:/home/roboracing/ros2_humble/install/ros2lifecycle:/home/roboracing/ros2_humble/install/ros2service:/home/roboracing/ros2_humble/install/ros2run:/home/roboracing/ros2_humble/install/ros2launch:/home/roboracing/ros2_humble/install/ros2pkg:/home/roboracing/ros2_humble/install/ros2node:/home/roboracing/ros2_humble/install/ros2multicast:/home/roboracing/ros2_humble/install/ros2interface:/home/roboracing/ros2_humble/install/ros2doctor:/home/roboracing/ros2_humble/install/ros2action:/home/roboracing/ros2_humble/install/ros2cli:/home/roboracing/ros2_humble/install/quality_of_service_demo_py:/home/roboracing/ros2_humble/install/lifecycle_py:/home/roboracing/ros2_humble/install/launch_testing_ros:/home/roboracing/ros2_humble/install/launch_ros:/home/roboracing/ros2_humble/install/examples_rclpy_pointcloud_publisher:/home/roboracing/ros2_humble/install/examples_rclpy_minimal_subscriber:/home/roboracing/ros2_humble/install/examples_rclpy_minimal_service:/home/roboracing/ros2_humble/install/examples_rclpy_minimal_publisher:/home/roboracing/ros2_humble/install/examples_rclpy_minimal_client:/home/roboracing/ros2_humble/install/examples_rclpy_minimal_action_server:/home/roboracing/ros2_humble/install/examples_rclpy_minimal_action_client:/home/roboracing/ros2_humble/install/examples_rclpy_guard_conditions:/home/roboracing/ros2_humble/install/examples_rclpy_executors:/home/roboracing/ros2_humble/install/demo_nodes_py:/home/roboracing/ros2_humble/install/action_tutorials_py:/home/roboracing/ros2_humble/install/ament_uncrustify:/home/roboracing/ros2_humble/install/tracetools_trace:/home/roboracing/ros2_humble/install/tracetools_read:/home/roboracing/ros2_humble/install/test_tracetools_launch:/home/roboracing/ros2_humble/install/test_launch_ros:/home/roboracing/ros2_humble/install/sensor_msgs_py:/home/roboracing/ros2_humble/install/rpyutils:/home/roboracing/ros2_humble/install/rosidl_runtime_py:/home/roboracing/ros2_humble/install/rosidl_cli:/home/roboracing/ros2_humble/install/launch_pytest:/home/roboracing/ros2_humble/install/launch_testing:/home/roboracing/ros2_humble/install/launch_yaml:/home/roboracing/ros2_humble/install/launch_xml:/home/roboracing/ros2_humble/install/launch:/home/roboracing/ros2_humble/install/osrf_pycommon:/home/roboracing/ros2_humble/install/domain_coordinator:/home/roboracing/ros2_humble/install/ament_xmllint:/home/roboracing/ros2_humble/install/ament_pyflakes:/home/roboracing/ros2_humble/install/ament_pycodestyle:/home/roboracing/ros2_humble/install/ament_pep257:/home/roboracing/ros2_humble/install/ament_pclint:/home/roboracing/ros2_humble/install/ament_package:/home/roboracing/ros2_humble/install/ament_mypy:/home/roboracing/ros2_humble/install/ament_lint_cmake:/home/roboracing/ros2_humble/install/ament_flake8:/home/roboracing/ros2_humble/install/ament_copyright:/home/roboracing/ros2_humble/install/ament_lint:/home/roboracing/ros2_humble/install/ament_index_python:/home/roboracing/ros2_humble/install/ament_cpplint:/home/roboracing/ros2_humble/install/ament_cppcheck:/home/roboracing/ros2_humble/install/ament_clang_tidy:/home/roboracing/ros2_humble/install/ament_clang_format:/opt/ros/humble /usr/bin/cmake --build /home/roboracing/Desktop/roboracing-rigatoniv-base/build/comms -- -j6 -l6
