[0.578s] DEBUG:colcon:Command line arguments: ['/usr/bin/colcon', 'build']
[0.578s] DEBUG:colcon:Parsed command line arguments: Namespace(log_base=None, log_level=None, verb_name='build', build_base='build', install_base='install', merge_install=False, symlink_install=False, test_result_base=None, continue_on_error=False, executor='parallel', parallel_workers=6, event_handlers=None, ignore_user_meta=False, metas=['./colcon.meta'], base_paths=['.'], packages_ignore=None, packages_ignore_regex=None, paths=None, packages_up_to=None, packages_up_to_regex=None, packages_above=None, packages_above_and_dependencies=None, packages_above_depth=None, packages_select_by_dep=None, packages_skip_by_dep=None, packages_skip_up_to=None, packages_select_build_failed=False, packages_skip_build_finished=False, packages_select_test_failures=False, packages_skip_test_passed=False, packages_select=None, packages_skip=None, packages_select_regex=None, packages_skip_regex=None, packages_start=None, packages_end=None, allow_overriding=[], cmake_args=None, cmake_target=None, cmake_target_skip_unavailable=False, cmake_clean_cache=False, cmake_clean_first=False, cmake_force_configure=False, ament_cmake_args=None, catkin_cmake_args=None, catkin_skip_building_tests=False, mixin_files=None, mixin=None, verb_parser=<colcon_mixin.mixin.mixin_argument.MixinArgumentDecorator object at 0xffff80509990>, verb_extension=<colcon_core.verb.build.BuildVerb object at 0xffff80509300>, main=<bound method BuildVerb.main of <colcon_core.verb.build.BuildVerb object at 0xffff80509300>>, mixin_verb=('build',))
[1.173s] Level 1:colcon.colcon_core.package_discovery:discover_packages(colcon_meta) check parameters
[1.174s] Level 1:colcon.colcon_core.package_discovery:discover_packages(recursive) check parameters
[1.174s] Level 1:colcon.colcon_core.package_discovery:discover_packages(ignore) check parameters
[1.174s] Level 1:colcon.colcon_core.package_discovery:discover_packages(path) check parameters
[1.174s] Level 1:colcon.colcon_core.package_discovery:discover_packages(colcon_meta) discover
[1.174s] Level 1:colcon.colcon_core.package_discovery:discover_packages(recursive) discover
[1.174s] INFO:colcon.colcon_core.package_discovery:Crawling recursively for packages in '/home/roboracing/Desktop/roboracing-rigatoniv-base'
[1.174s] Level 1:colcon.colcon_core.package_identification:_identify(.) by extensions ['ignore', 'ignore_ament_install']
[1.175s] Level 1:colcon.colcon_core.package_identification:_identify(.) by extension 'ignore'
[1.175s] Level 1:colcon.colcon_core.package_identification:_identify(.) by extension 'ignore_ament_install'
[1.175s] Level 1:colcon.colcon_core.package_identification:_identify(.) by extensions ['colcon_pkg']
[1.175s] Level 1:colcon.colcon_core.package_identification:_identify(.) by extension 'colcon_pkg'
[1.175s] Level 1:colcon.colcon_core.package_identification:_identify(.) by extensions ['colcon_meta']
[1.175s] Level 1:colcon.colcon_core.package_identification:_identify(.) by extension 'colcon_meta'
[1.175s] Level 1:colcon.colcon_core.package_identification:_identify(.) by extensions ['ros']
[1.176s] Level 1:colcon.colcon_core.package_identification:_identify(.) by extension 'ros'
[1.214s] Level 1:colcon.colcon_core.package_identification:_identify(.) by extensions ['cmake', 'python']
[1.214s] Level 1:colcon.colcon_core.package_identification:_identify(.) by extension 'cmake'
[1.214s] Level 1:colcon.colcon_core.package_identification:_identify(.) by extension 'python'
[1.215s] Level 1:colcon.colcon_core.package_identification:_identify(.) by extensions ['python_setup_py']
[1.215s] Level 1:colcon.colcon_core.package_identification:_identify(.) by extension 'python_setup_py'
[1.215s] Level 1:colcon.colcon_core.package_identification:_identify(build) by extensions ['ignore', 'ignore_ament_install']
[1.215s] Level 1:colcon.colcon_core.package_identification:_identify(build) by extension 'ignore'
[1.215s] Level 1:colcon.colcon_core.package_identification:_identify(build) ignored
[1.216s] Level 1:colcon.colcon_core.package_identification:_identify(comms) by extensions ['ignore', 'ignore_ament_install']
[1.216s] Level 1:colcon.colcon_core.package_identification:_identify(comms) by extension 'ignore'
[1.216s] Level 1:colcon.colcon_core.package_identification:_identify(comms) by extension 'ignore_ament_install'
[1.216s] Level 1:colcon.colcon_core.package_identification:_identify(comms) by extensions ['colcon_pkg']
[1.216s] Level 1:colcon.colcon_core.package_identification:_identify(comms) by extension 'colcon_pkg'
[1.216s] Level 1:colcon.colcon_core.package_identification:_identify(comms) by extensions ['colcon_meta']
[1.216s] Level 1:colcon.colcon_core.package_identification:_identify(comms) by extension 'colcon_meta'
[1.217s] Level 1:colcon.colcon_core.package_identification:_identify(comms) by extensions ['ros']
[1.217s] Level 1:colcon.colcon_core.package_identification:_identify(comms) by extension 'ros'
[1.230s] DEBUG:colcon.colcon_core.package_identification:Package 'comms' with type 'ros.ament_cmake' and name 'comms'
[1.230s] Level 1:colcon.colcon_core.package_identification:_identify(install) by extensions ['ignore', 'ignore_ament_install']
[1.230s] Level 1:colcon.colcon_core.package_identification:_identify(install) by extension 'ignore'
[1.230s] Level 1:colcon.colcon_core.package_identification:_identify(install) ignored
[1.230s] Level 1:colcon.colcon_core.package_identification:_identify(launch_robot) by extensions ['ignore', 'ignore_ament_install']
[1.231s] Level 1:colcon.colcon_core.package_identification:_identify(launch_robot) by extension 'ignore'
[1.231s] Level 1:colcon.colcon_core.package_identification:_identify(launch_robot) by extension 'ignore_ament_install'
[1.231s] Level 1:colcon.colcon_core.package_identification:_identify(launch_robot) by extensions ['colcon_pkg']
[1.231s] Level 1:colcon.colcon_core.package_identification:_identify(launch_robot) by extension 'colcon_pkg'
[1.232s] Level 1:colcon.colcon_core.package_identification:_identify(launch_robot) by extensions ['colcon_meta']
[1.232s] Level 1:colcon.colcon_core.package_identification:_identify(launch_robot) by extension 'colcon_meta'
[1.232s] Level 1:colcon.colcon_core.package_identification:_identify(launch_robot) by extensions ['ros']
[1.232s] Level 1:colcon.colcon_core.package_identification:_identify(launch_robot) by extension 'ros'
[1.233s] DEBUG:colcon.colcon_core.package_identification:Package 'launch_robot' with type 'ros.ament_python' and name 'launch_robot'
[1.233s] Level 1:colcon.colcon_core.package_identification:_identify(log) by extensions ['ignore', 'ignore_ament_install']
[1.233s] Level 1:colcon.colcon_core.package_identification:_identify(log) by extension 'ignore'
[1.233s] Level 1:colcon.colcon_core.package_identification:_identify(log) ignored
[1.234s] Level 1:colcon.colcon_core.package_identification:_identify(python_rosbag_readers) by extensions ['ignore', 'ignore_ament_install']
[1.234s] Level 1:colcon.colcon_core.package_identification:_identify(python_rosbag_readers) by extension 'ignore'
[1.234s] Level 1:colcon.colcon_core.package_identification:_identify(python_rosbag_readers) by extension 'ignore_ament_install'
[1.234s] Level 1:colcon.colcon_core.package_identification:_identify(python_rosbag_readers) by extensions ['colcon_pkg']
[1.234s] Level 1:colcon.colcon_core.package_identification:_identify(python_rosbag_readers) by extension 'colcon_pkg'
[1.234s] Level 1:colcon.colcon_core.package_identification:_identify(python_rosbag_readers) by extensions ['colcon_meta']
[1.234s] Level 1:colcon.colcon_core.package_identification:_identify(python_rosbag_readers) by extension 'colcon_meta'
[1.234s] Level 1:colcon.colcon_core.package_identification:_identify(python_rosbag_readers) by extensions ['ros']
[1.235s] Level 1:colcon.colcon_core.package_identification:_identify(python_rosbag_readers) by extension 'ros'
[1.235s] Level 1:colcon.colcon_core.package_identification:_identify(python_rosbag_readers) by extensions ['cmake', 'python']
[1.235s] Level 1:colcon.colcon_core.package_identification:_identify(python_rosbag_readers) by extension 'cmake'
[1.235s] Level 1:colcon.colcon_core.package_identification:_identify(python_rosbag_readers) by extension 'python'
[1.235s] Level 1:colcon.colcon_core.package_identification:_identify(python_rosbag_readers) by extensions ['python_setup_py']
[1.235s] Level 1:colcon.colcon_core.package_identification:_identify(python_rosbag_readers) by extension 'python_setup_py'
[1.235s] Level 1:colcon.colcon_core.package_identification:_identify(vision) by extensions ['ignore', 'ignore_ament_install']
[1.236s] Level 1:colcon.colcon_core.package_identification:_identify(vision) by extension 'ignore'
[1.236s] Level 1:colcon.colcon_core.package_identification:_identify(vision) by extension 'ignore_ament_install'
[1.236s] Level 1:colcon.colcon_core.package_identification:_identify(vision) by extensions ['colcon_pkg']
[1.236s] Level 1:colcon.colcon_core.package_identification:_identify(vision) by extension 'colcon_pkg'
[1.236s] Level 1:colcon.colcon_core.package_identification:_identify(vision) by extensions ['colcon_meta']
[1.236s] Level 1:colcon.colcon_core.package_identification:_identify(vision) by extension 'colcon_meta'
[1.236s] Level 1:colcon.colcon_core.package_identification:_identify(vision) by extensions ['ros']
[1.236s] Level 1:colcon.colcon_core.package_identification:_identify(vision) by extension 'ros'
[1.238s] DEBUG:colcon.colcon_core.package_identification:Package 'vision' with type 'ros.ament_cmake' and name 'vision'
[1.238s] Level 1:colcon.colcon_core.package_discovery:discover_packages(recursive) using defaults
[1.238s] Level 1:colcon.colcon_core.package_discovery:discover_packages(ignore) discover
[1.238s] Level 1:colcon.colcon_core.package_discovery:discover_packages(ignore) using defaults
[1.238s] Level 1:colcon.colcon_core.package_discovery:discover_packages(path) discover
[1.238s] Level 1:colcon.colcon_core.package_discovery:discover_packages(path) using defaults
[1.343s] Level 1:colcon.colcon_core.package_discovery:discover_packages(prefix_path) check parameters
[1.343s] Level 1:colcon.colcon_core.package_discovery:discover_packages(prefix_path) discover
[1.408s] DEBUG:colcon.colcon_installed_package_information.package_discovery:Found 345 installed packages in /home/roboracing/ros2_humble/install
[1.413s] DEBUG:colcon.colcon_installed_package_information.package_discovery:Found 112 installed packages in /opt/ros/humble
[1.421s] Level 1:colcon.colcon_core.package_discovery:discover_packages(prefix_path) using defaults
[2.836s] Level 5:colcon.colcon_core.verb:set package 'comms' build argument 'cmake_args' from command line to 'None'
[2.836s] Level 5:colcon.colcon_core.verb:set package 'comms' build argument 'cmake_target' from command line to 'None'
[2.837s] Level 5:colcon.colcon_core.verb:set package 'comms' build argument 'cmake_target_skip_unavailable' from command line to 'False'
[2.837s] Level 5:colcon.colcon_core.verb:set package 'comms' build argument 'cmake_clean_cache' from command line to 'False'
[2.837s] Level 5:colcon.colcon_core.verb:set package 'comms' build argument 'cmake_clean_first' from command line to 'False'
[2.837s] Level 5:colcon.colcon_core.verb:set package 'comms' build argument 'cmake_force_configure' from command line to 'False'
[2.837s] Level 5:colcon.colcon_core.verb:set package 'comms' build argument 'ament_cmake_args' from command line to 'None'
[2.837s] Level 5:colcon.colcon_core.verb:set package 'comms' build argument 'catkin_cmake_args' from command line to 'None'
[2.837s] Level 5:colcon.colcon_core.verb:set package 'comms' build argument 'catkin_skip_building_tests' from command line to 'False'
[2.837s] DEBUG:colcon.colcon_core.verb:Building package 'comms' with the following arguments: {'ament_cmake_args': None, 'build_base': '/home/roboracing/Desktop/roboracing-rigatoniv-base/build/comms', 'catkin_cmake_args': None, 'catkin_skip_building_tests': False, 'cmake_args': None, 'cmake_clean_cache': False, 'cmake_clean_first': False, 'cmake_force_configure': False, 'cmake_target': None, 'cmake_target_skip_unavailable': False, 'install_base': '/home/roboracing/Desktop/roboracing-rigatoniv-base/install/comms', 'merge_install': False, 'path': '/home/roboracing/Desktop/roboracing-rigatoniv-base/comms', 'symlink_install': False, 'test_result_base': None}
[2.838s] Level 5:colcon.colcon_core.verb:set package 'launch_robot' build argument 'cmake_args' from command line to 'None'
[2.838s] Level 5:colcon.colcon_core.verb:set package 'launch_robot' build argument 'cmake_target' from command line to 'None'
[2.838s] Level 5:colcon.colcon_core.verb:set package 'launch_robot' build argument 'cmake_target_skip_unavailable' from command line to 'False'
[2.838s] Level 5:colcon.colcon_core.verb:set package 'launch_robot' build argument 'cmake_clean_cache' from command line to 'False'
[2.838s] Level 5:colcon.colcon_core.verb:set package 'launch_robot' build argument 'cmake_clean_first' from command line to 'False'
[2.838s] Level 5:colcon.colcon_core.verb:set package 'launch_robot' build argument 'cmake_force_configure' from command line to 'False'
[2.839s] Level 5:colcon.colcon_core.verb:set package 'launch_robot' build argument 'ament_cmake_args' from command line to 'None'
[2.839s] Level 5:colcon.colcon_core.verb:set package 'launch_robot' build argument 'catkin_cmake_args' from command line to 'None'
[2.839s] Level 5:colcon.colcon_core.verb:set package 'launch_robot' build argument 'catkin_skip_building_tests' from command line to 'False'
[2.839s] DEBUG:colcon.colcon_core.verb:Building package 'launch_robot' with the following arguments: {'ament_cmake_args': None, 'build_base': '/home/roboracing/Desktop/roboracing-rigatoniv-base/build/launch_robot', 'catkin_cmake_args': None, 'catkin_skip_building_tests': False, 'cmake_args': None, 'cmake_clean_cache': False, 'cmake_clean_first': False, 'cmake_force_configure': False, 'cmake_target': None, 'cmake_target_skip_unavailable': False, 'install_base': '/home/roboracing/Desktop/roboracing-rigatoniv-base/install/launch_robot', 'merge_install': False, 'path': '/home/roboracing/Desktop/roboracing-rigatoniv-base/launch_robot', 'symlink_install': False, 'test_result_base': None}
[2.840s] Level 5:colcon.colcon_core.verb:set package 'vision' build argument 'cmake_args' from command line to 'None'
[2.840s] Level 5:colcon.colcon_core.verb:set package 'vision' build argument 'cmake_target' from command line to 'None'
[2.840s] Level 5:colcon.colcon_core.verb:set package 'vision' build argument 'cmake_target_skip_unavailable' from command line to 'False'
[2.840s] Level 5:colcon.colcon_core.verb:set package 'vision' build argument 'cmake_clean_cache' from command line to 'False'
[2.840s] Level 5:colcon.colcon_core.verb:set package 'vision' build argument 'cmake_clean_first' from command line to 'False'
[2.840s] Level 5:colcon.colcon_core.verb:set package 'vision' build argument 'cmake_force_configure' from command line to 'False'
[2.840s] Level 5:colcon.colcon_core.verb:set package 'vision' build argument 'ament_cmake_args' from command line to 'None'
[2.840s] Level 5:colcon.colcon_core.verb:set package 'vision' build argument 'catkin_cmake_args' from command line to 'None'
[2.840s] Level 5:colcon.colcon_core.verb:set package 'vision' build argument 'catkin_skip_building_tests' from command line to 'False'
[2.840s] DEBUG:colcon.colcon_core.verb:Building package 'vision' with the following arguments: {'ament_cmake_args': None, 'build_base': '/home/roboracing/Desktop/roboracing-rigatoniv-base/build/vision', 'catkin_cmake_args': None, 'catkin_skip_building_tests': False, 'cmake_args': None, 'cmake_clean_cache': False, 'cmake_clean_first': False, 'cmake_force_configure': False, 'cmake_target': None, 'cmake_target_skip_unavailable': False, 'install_base': '/home/roboracing/Desktop/roboracing-rigatoniv-base/install/vision', 'merge_install': False, 'path': '/home/roboracing/Desktop/roboracing-rigatoniv-base/vision', 'symlink_install': False, 'test_result_base': None}
[2.841s] INFO:colcon.colcon_core.executor:Executing jobs using 'parallel' executor
[2.843s] DEBUG:colcon.colcon_parallel_executor.executor.parallel:run_until_complete
[2.844s] INFO:colcon.colcon_ros.task.ament_cmake.build:Building ROS package in '/home/roboracing/Desktop/roboracing-rigatoniv-base/comms' with build type 'ament_cmake'
[2.845s] INFO:colcon.colcon_cmake.task.cmake.build:Building CMake package in '/home/roboracing/Desktop/roboracing-rigatoniv-base/comms'
[2.875s] INFO:colcon.colcon_core.plugin_system:Skipping extension 'colcon_core.shell.bat': Not used on non-Windows systems
[2.877s] INFO:colcon.colcon_core.shell:Skip shell extension 'powershell' for command environment: Not usable outside of PowerShell
[2.878s] DEBUG:colcon.colcon_core.shell:Skip shell extension 'dsv' for command environment
[2.940s] INFO:colcon.colcon_ros.task.ament_python.build:Building ROS package in '/home/roboracing/Desktop/roboracing-rigatoniv-base/launch_robot' with build type 'ament_python'
[2.941s] Level 1:colcon.colcon_core.shell:create_environment_hook('launch_robot', 'ament_prefix_path')
[2.942s] INFO:colcon.colcon_core.shell:Creating environment hook '/home/roboracing/Desktop/roboracing-rigatoniv-base/install/launch_robot/share/launch_robot/hook/ament_prefix_path.ps1'
[2.946s] INFO:colcon.colcon_core.shell:Creating environment descriptor '/home/roboracing/Desktop/roboracing-rigatoniv-base/install/launch_robot/share/launch_robot/hook/ament_prefix_path.dsv'
[2.950s] INFO:colcon.colcon_core.shell:Creating environment hook '/home/roboracing/Desktop/roboracing-rigatoniv-base/install/launch_robot/share/launch_robot/hook/ament_prefix_path.sh'
[2.952s] INFO:colcon.colcon_core.shell:Skip shell extension 'powershell' for command environment: Not usable outside of PowerShell
[2.952s] DEBUG:colcon.colcon_core.shell:Skip shell extension 'dsv' for command environment
[3.007s] INFO:colcon.colcon_ros.task.ament_cmake.build:Building ROS package in '/home/roboracing/Desktop/roboracing-rigatoniv-base/vision' with build type 'ament_cmake'
[3.008s] INFO:colcon.colcon_cmake.task.cmake.build:Building CMake package in '/home/roboracing/Desktop/roboracing-rigatoniv-base/vision'
[3.008s] INFO:colcon.colcon_core.shell:Skip shell extension 'powershell' for command environment: Not usable outside of PowerShell
[3.008s] DEBUG:colcon.colcon_core.shell:Skip shell extension 'dsv' for command environment
[3.070s] DEBUG:colcon.colcon_core.event_handler.log_command:Invoking command in '/home/roboracing/Desktop/roboracing-rigatoniv-base/build/comms': CMAKE_PREFIX_PATH=${CMAKE_PREFIX_PATH}:/home/roboracing/ros2_humble/install/rqt_bag_plugins:/home/roboracing/ros2_humble/install/rqt_bag:/home/roboracing/ros2_humble/install/launch_testing_examples:/home/roboracing/ros2_humble/install/ros2bag:/home/roboracing/ros2_humble/install/tracetools_test:/home/roboracing/ros2_humble/install/tracetools_launch:/home/roboracing/ros2_humble/install/topic_monitor:/home/roboracing/ros2_humble/install/tf2_tools:/home/roboracing/ros2_humble/install/examples_tf2_py:/home/roboracing/ros2_humble/install/tf2_ros_py:/home/roboracing/ros2_humble/install/sros2:/home/roboracing/ros2_humble/install/rqt_topic:/home/roboracing/ros2_humble/install/rqt_srv:/home/roboracing/ros2_humble/install/rqt_shell:/home/roboracing/ros2_humble/install/rqt_service_caller:/home/roboracing/ros2_humble/install/rqt_reconfigure:/home/roboracing/ros2_humble/install/rqt_py_console:/home/roboracing/ros2_humble/install/rqt_publisher:/home/roboracing/ros2_humble/install/rqt_plot:/home/roboracing/ros2_humble/install/rqt_action:/home/roboracing/ros2_humble/install/rqt_msg:/home/roboracing/ros2_humble/install/rqt_console:/home/roboracing/ros2_humble/install/rqt:/home/roboracing/ros2_humble/install/rqt_graph:/home/roboracing/ros2_humble/install/rqt_gui_py:/home/roboracing/ros2_humble/install/rqt_gui:/home/roboracing/ros2_humble/install/ros2trace:/home/roboracing/ros2_humble/install/ros2topic:/home/roboracing/ros2_humble/install/ros2test:/home/roboracing/ros2_humble/install/ros2component:/home/roboracing/ros2_humble/install/ros2param:/home/roboracing/ros2_humble/install/ros2lifecycle:/home/roboracing/ros2_humble/install/ros2service:/home/roboracing/ros2_humble/install/ros2run:/home/roboracing/ros2_humble/install/ros2launch:/home/roboracing/ros2_humble/install/ros2pkg:/home/roboracing/ros2_humble/install/ros2node:/home/roboracing/ros2_humble/install/ros2multicast:/home/roboracing/ros2_humble/install/ros2interface:/home/roboracing/ros2_humble/install/ros2doctor:/home/roboracing/ros2_humble/install/ros2action:/home/roboracing/ros2_humble/install/ros2cli:/home/roboracing/ros2_humble/install/quality_of_service_demo_py:/home/roboracing/ros2_humble/install/lifecycle_py:/home/roboracing/ros2_humble/install/launch_testing_ros:/home/roboracing/ros2_humble/install/launch_ros:/home/roboracing/ros2_humble/install/examples_rclpy_pointcloud_publisher:/home/roboracing/ros2_humble/install/examples_rclpy_minimal_subscriber:/home/roboracing/ros2_humble/install/examples_rclpy_minimal_service:/home/roboracing/ros2_humble/install/examples_rclpy_minimal_publisher:/home/roboracing/ros2_humble/install/examples_rclpy_minimal_client:/home/roboracing/ros2_humble/install/examples_rclpy_minimal_action_server:/home/roboracing/ros2_humble/install/examples_rclpy_minimal_action_client:/home/roboracing/ros2_humble/install/examples_rclpy_guard_conditions:/home/roboracing/ros2_humble/install/examples_rclpy_executors:/home/roboracing/ros2_humble/install/demo_nodes_py:/home/roboracing/ros2_humble/install/action_tutorials_py:/home/roboracing/ros2_humble/install/ament_uncrustify:/home/roboracing/ros2_humble/install/tracetools_trace:/home/roboracing/ros2_humble/install/tracetools_read:/home/roboracing/ros2_humble/install/test_tracetools_launch:/home/roboracing/ros2_humble/install/test_launch_ros:/home/roboracing/ros2_humble/install/sensor_msgs_py:/home/roboracing/ros2_humble/install/rpyutils:/home/roboracing/ros2_humble/install/rosidl_runtime_py:/home/roboracing/ros2_humble/install/rosidl_cli:/home/roboracing/ros2_humble/install/launch_pytest:/home/roboracing/ros2_humble/install/launch_testing:/home/roboracing/ros2_humble/install/launch_yaml:/home/roboracing/ros2_humble/install/launch_xml:/home/roboracing/ros2_humble/install/launch:/home/roboracing/ros2_humble/install/osrf_pycommon:/home/roboracing/ros2_humble/install/domain_coordinator:/home/roboracing/ros2_humble/install/ament_xmllint:/home/roboracing/ros2_humble/install/ament_pyflakes:/home/roboracing/ros2_humble/install/ament_pycodestyle:/home/roboracing/ros2_humble/install/ament_pep257:/home/roboracing/ros2_humble/install/ament_pclint:/home/roboracing/ros2_humble/install/ament_package:/home/roboracing/ros2_humble/install/ament_mypy:/home/roboracing/ros2_humble/install/ament_lint_cmake:/home/roboracing/ros2_humble/install/ament_flake8:/home/roboracing/ros2_humble/install/ament_copyright:/home/roboracing/ros2_humble/install/ament_lint:/home/roboracing/ros2_humble/install/ament_index_python:/home/roboracing/ros2_humble/install/ament_cpplint:/home/roboracing/ros2_humble/install/ament_cppcheck:/home/roboracing/ros2_humble/install/ament_clang_tidy:/home/roboracing/ros2_humble/install/ament_clang_format:/opt/ros/humble /usr/bin/cmake /home/roboracing/Desktop/roboracing-rigatoniv-base/comms -DCMAKE_INSTALL_PREFIX=/home/roboracing/Desktop/roboracing-rigatoniv-base/install/comms
[4.298s] INFO:colcon.colcon_core.task.python.build:Building Python package in '/home/roboracing/Desktop/roboracing-rigatoniv-base/launch_robot'
[4.299s] INFO:colcon.colcon_core.shell:Skip shell extension 'powershell' for command environment: Not usable outside of PowerShell
[4.299s] DEBUG:colcon.colcon_core.shell:Skip shell extension 'dsv' for command environment
[4.367s] DEBUG:colcon.colcon_core.event_handler.log_command:Invoking command in '/home/roboracing/Desktop/roboracing-rigatoniv-base/build/vision': CMAKE_PREFIX_PATH=${CMAKE_PREFIX_PATH}:/home/roboracing/ros2_humble/install/rqt_bag_plugins:/home/roboracing/ros2_humble/install/rqt_bag:/home/roboracing/ros2_humble/install/launch_testing_examples:/home/roboracing/ros2_humble/install/ros2bag:/home/roboracing/ros2_humble/install/tracetools_test:/home/roboracing/ros2_humble/install/tracetools_launch:/home/roboracing/ros2_humble/install/topic_monitor:/home/roboracing/ros2_humble/install/tf2_tools:/home/roboracing/ros2_humble/install/examples_tf2_py:/home/roboracing/ros2_humble/install/tf2_ros_py:/home/roboracing/ros2_humble/install/sros2:/home/roboracing/ros2_humble/install/rqt_topic:/home/roboracing/ros2_humble/install/rqt_srv:/home/roboracing/ros2_humble/install/rqt_shell:/home/roboracing/ros2_humble/install/rqt_service_caller:/home/roboracing/ros2_humble/install/rqt_reconfigure:/home/roboracing/ros2_humble/install/rqt_py_console:/home/roboracing/ros2_humble/install/rqt_publisher:/home/roboracing/ros2_humble/install/rqt_plot:/home/roboracing/ros2_humble/install/rqt_action:/home/roboracing/ros2_humble/install/rqt_msg:/home/roboracing/ros2_humble/install/rqt_console:/home/roboracing/ros2_humble/install/rqt:/home/roboracing/ros2_humble/install/rqt_graph:/home/roboracing/ros2_humble/install/rqt_gui_py:/home/roboracing/ros2_humble/install/rqt_gui:/home/roboracing/ros2_humble/install/ros2trace:/home/roboracing/ros2_humble/install/ros2topic:/home/roboracing/ros2_humble/install/ros2test:/home/roboracing/ros2_humble/install/ros2component:/home/roboracing/ros2_humble/install/ros2param:/home/roboracing/ros2_humble/install/ros2lifecycle:/home/roboracing/ros2_humble/install/ros2service:/home/roboracing/ros2_humble/install/ros2run:/home/roboracing/ros2_humble/install/ros2launch:/home/roboracing/ros2_humble/install/ros2pkg:/home/roboracing/ros2_humble/install/ros2node:/home/roboracing/ros2_humble/install/ros2multicast:/home/roboracing/ros2_humble/install/ros2interface:/home/roboracing/ros2_humble/install/ros2doctor:/home/roboracing/ros2_humble/install/ros2action:/home/roboracing/ros2_humble/install/ros2cli:/home/roboracing/ros2_humble/install/quality_of_service_demo_py:/home/roboracing/ros2_humble/install/lifecycle_py:/home/roboracing/ros2_humble/install/launch_testing_ros:/home/roboracing/ros2_humble/install/launch_ros:/home/roboracing/ros2_humble/install/examples_rclpy_pointcloud_publisher:/home/roboracing/ros2_humble/install/examples_rclpy_minimal_subscriber:/home/roboracing/ros2_humble/install/examples_rclpy_minimal_service:/home/roboracing/ros2_humble/install/examples_rclpy_minimal_publisher:/home/roboracing/ros2_humble/install/examples_rclpy_minimal_client:/home/roboracing/ros2_humble/install/examples_rclpy_minimal_action_server:/home/roboracing/ros2_humble/install/examples_rclpy_minimal_action_client:/home/roboracing/ros2_humble/install/examples_rclpy_guard_conditions:/home/roboracing/ros2_humble/install/examples_rclpy_executors:/home/roboracing/ros2_humble/install/demo_nodes_py:/home/roboracing/ros2_humble/install/action_tutorials_py:/home/roboracing/ros2_humble/install/ament_uncrustify:/home/roboracing/ros2_humble/install/tracetools_trace:/home/roboracing/ros2_humble/install/tracetools_read:/home/roboracing/ros2_humble/install/test_tracetools_launch:/home/roboracing/ros2_humble/install/test_launch_ros:/home/roboracing/ros2_humble/install/sensor_msgs_py:/home/roboracing/ros2_humble/install/rpyutils:/home/roboracing/ros2_humble/install/rosidl_runtime_py:/home/roboracing/ros2_humble/install/rosidl_cli:/home/roboracing/ros2_humble/install/launch_pytest:/home/roboracing/ros2_humble/install/launch_testing:/home/roboracing/ros2_humble/install/launch_yaml:/home/roboracing/ros2_humble/install/launch_xml:/home/roboracing/ros2_humble/install/launch:/home/roboracing/ros2_humble/install/osrf_pycommon:/home/roboracing/ros2_humble/install/domain_coordinator:/home/roboracing/ros2_humble/install/ament_xmllint:/home/roboracing/ros2_humble/install/ament_pyflakes:/home/roboracing/ros2_humble/install/ament_pycodestyle:/home/roboracing/ros2_humble/install/ament_pep257:/home/roboracing/ros2_humble/install/ament_pclint:/home/roboracing/ros2_humble/install/ament_package:/home/roboracing/ros2_humble/install/ament_mypy:/home/roboracing/ros2_humble/install/ament_lint_cmake:/home/roboracing/ros2_humble/install/ament_flake8:/home/roboracing/ros2_humble/install/ament_copyright:/home/roboracing/ros2_humble/install/ament_lint:/home/roboracing/ros2_humble/install/ament_index_python:/home/roboracing/ros2_humble/install/ament_cpplint:/home/roboracing/ros2_humble/install/ament_cppcheck:/home/roboracing/ros2_humble/install/ament_clang_tidy:/home/roboracing/ros2_humble/install/ament_clang_format:/opt/ros/humble /usr/bin/cmake /home/roboracing/Desktop/roboracing-rigatoniv-base/vision -DCMAKE_INSTALL_PREFIX=/home/roboracing/Desktop/roboracing-rigatoniv-base/install/vision
[6.431s] DEBUG:colcon.colcon_core.event_handler.log_command:Invoking command in '/home/roboracing/Desktop/roboracing-rigatoniv-base/launch_robot': PYTHONPATH=/home/roboracing/Desktop/roboracing-rigatoniv-base/build/launch_robot/prefix_override:/usr/lib/python3/dist-packages/colcon_core/task/python/colcon_distutils_commands:/home/roboracing/Desktop/roboracing-rigatoniv-base/install/launch_robot/lib/python3.10/site-packages:${PYTHONPATH} /usr/bin/python3 -W ignore:setup.py install is deprecated -W ignore:easy_install command is deprecated setup.py egg_info --egg-base ../build/launch_robot build --build-base /home/roboracing/Desktop/roboracing-rigatoniv-base/build/launch_robot/build install --record /home/roboracing/Desktop/roboracing-rigatoniv-base/build/launch_robot/install.log --single-version-externally-managed install_data
[7.786s] DEBUG:colcon.colcon_core.event_handler.log_command:Invoked command in '/home/roboracing/Desktop/roboracing-rigatoniv-base/launch_robot' returned '0': PYTHONPATH=/home/roboracing/Desktop/roboracing-rigatoniv-base/build/launch_robot/prefix_override:/usr/lib/python3/dist-packages/colcon_core/task/python/colcon_distutils_commands:/home/roboracing/Desktop/roboracing-rigatoniv-base/install/launch_robot/lib/python3.10/site-packages:${PYTHONPATH} /usr/bin/python3 -W ignore:setup.py install is deprecated -W ignore:easy_install command is deprecated setup.py egg_info --egg-base ../build/launch_robot build --build-base /home/roboracing/Desktop/roboracing-rigatoniv-base/build/launch_robot/build install --record /home/roboracing/Desktop/roboracing-rigatoniv-base/build/launch_robot/install.log --single-version-externally-managed install_data
[7.812s] Level 1:colcon.colcon_core.environment:checking '/home/roboracing/Desktop/roboracing-rigatoniv-base/install/launch_robot' for CMake module files
[7.813s] Level 1:colcon.colcon_core.environment:checking '/home/roboracing/Desktop/roboracing-rigatoniv-base/install/launch_robot' for CMake config files
[7.814s] Level 1:colcon.colcon_core.environment:checking '/home/roboracing/Desktop/roboracing-rigatoniv-base/install/launch_robot/lib'
[7.815s] Level 1:colcon.colcon_core.environment:checking '/home/roboracing/Desktop/roboracing-rigatoniv-base/install/launch_robot/bin'
[7.815s] Level 1:colcon.colcon_core.environment:checking '/home/roboracing/Desktop/roboracing-rigatoniv-base/install/launch_robot/lib/pkgconfig/launch_robot.pc'
[7.816s] Level 1:colcon.colcon_core.environment:checking '/home/roboracing/Desktop/roboracing-rigatoniv-base/install/launch_robot/lib/python3.10/site-packages'
[7.816s] Level 1:colcon.colcon_core.shell:create_environment_hook('launch_robot', 'pythonpath')
[7.816s] INFO:colcon.colcon_core.shell:Creating environment hook '/home/roboracing/Desktop/roboracing-rigatoniv-base/install/launch_robot/share/launch_robot/hook/pythonpath.ps1'
[7.817s] INFO:colcon.colcon_core.shell:Creating environment descriptor '/home/roboracing/Desktop/roboracing-rigatoniv-base/install/launch_robot/share/launch_robot/hook/pythonpath.dsv'
[7.818s] INFO:colcon.colcon_core.shell:Creating environment hook '/home/roboracing/Desktop/roboracing-rigatoniv-base/install/launch_robot/share/launch_robot/hook/pythonpath.sh'
[7.820s] Level 1:colcon.colcon_core.environment:checking '/home/roboracing/Desktop/roboracing-rigatoniv-base/install/launch_robot/bin'
[7.820s] Level 1:colcon.colcon_core.environment:create_environment_scripts_only(launch_robot)
[7.821s] INFO:colcon.colcon_core.shell:Creating package script '/home/roboracing/Desktop/roboracing-rigatoniv-base/install/launch_robot/share/launch_robot/package.ps1'
[7.824s] INFO:colcon.colcon_core.shell:Creating package descriptor '/home/roboracing/Desktop/roboracing-rigatoniv-base/install/launch_robot/share/launch_robot/package.dsv'
[7.825s] INFO:colcon.colcon_core.shell:Creating package script '/home/roboracing/Desktop/roboracing-rigatoniv-base/install/launch_robot/share/launch_robot/package.sh'
[7.828s] INFO:colcon.colcon_core.shell:Creating package script '/home/roboracing/Desktop/roboracing-rigatoniv-base/install/launch_robot/share/launch_robot/package.bash'
[7.832s] INFO:colcon.colcon_core.shell:Creating package script '/home/roboracing/Desktop/roboracing-rigatoniv-base/install/launch_robot/share/launch_robot/package.zsh'
[7.837s] Level 1:colcon.colcon_core.environment:create_file_with_runtime_dependencies(/home/roboracing/Desktop/roboracing-rigatoniv-base/install/launch_robot/share/colcon-core/packages/launch_robot)
[14.244s] DEBUG:colcon.colcon_core.event_handler.log_command:Invoked command in '/home/roboracing/Desktop/roboracing-rigatoniv-base/build/comms' returned '0': CMAKE_PREFIX_PATH=${CMAKE_PREFIX_PATH}:/home/roboracing/ros2_humble/install/rqt_bag_plugins:/home/roboracing/ros2_humble/install/rqt_bag:/home/roboracing/ros2_humble/install/launch_testing_examples:/home/roboracing/ros2_humble/install/ros2bag:/home/roboracing/ros2_humble/install/tracetools_test:/home/roboracing/ros2_humble/install/tracetools_launch:/home/roboracing/ros2_humble/install/topic_monitor:/home/roboracing/ros2_humble/install/tf2_tools:/home/roboracing/ros2_humble/install/examples_tf2_py:/home/roboracing/ros2_humble/install/tf2_ros_py:/home/roboracing/ros2_humble/install/sros2:/home/roboracing/ros2_humble/install/rqt_topic:/home/roboracing/ros2_humble/install/rqt_srv:/home/roboracing/ros2_humble/install/rqt_shell:/home/roboracing/ros2_humble/install/rqt_service_caller:/home/roboracing/ros2_humble/install/rqt_reconfigure:/home/roboracing/ros2_humble/install/rqt_py_console:/home/roboracing/ros2_humble/install/rqt_publisher:/home/roboracing/ros2_humble/install/rqt_plot:/home/roboracing/ros2_humble/install/rqt_action:/home/roboracing/ros2_humble/install/rqt_msg:/home/roboracing/ros2_humble/install/rqt_console:/home/roboracing/ros2_humble/install/rqt:/home/roboracing/ros2_humble/install/rqt_graph:/home/roboracing/ros2_humble/install/rqt_gui_py:/home/roboracing/ros2_humble/install/rqt_gui:/home/roboracing/ros2_humble/install/ros2trace:/home/roboracing/ros2_humble/install/ros2topic:/home/roboracing/ros2_humble/install/ros2test:/home/roboracing/ros2_humble/install/ros2component:/home/roboracing/ros2_humble/install/ros2param:/home/roboracing/ros2_humble/install/ros2lifecycle:/home/roboracing/ros2_humble/install/ros2service:/home/roboracing/ros2_humble/install/ros2run:/home/roboracing/ros2_humble/install/ros2launch:/home/roboracing/ros2_humble/install/ros2pkg:/home/roboracing/ros2_humble/install/ros2node:/home/roboracing/ros2_humble/install/ros2multicast:/home/roboracing/ros2_humble/install/ros2interface:/home/roboracing/ros2_humble/install/ros2doctor:/home/roboracing/ros2_humble/install/ros2action:/home/roboracing/ros2_humble/install/ros2cli:/home/roboracing/ros2_humble/install/quality_of_service_demo_py:/home/roboracing/ros2_humble/install/lifecycle_py:/home/roboracing/ros2_humble/install/launch_testing_ros:/home/roboracing/ros2_humble/install/launch_ros:/home/roboracing/ros2_humble/install/examples_rclpy_pointcloud_publisher:/home/roboracing/ros2_humble/install/examples_rclpy_minimal_subscriber:/home/roboracing/ros2_humble/install/examples_rclpy_minimal_service:/home/roboracing/ros2_humble/install/examples_rclpy_minimal_publisher:/home/roboracing/ros2_humble/install/examples_rclpy_minimal_client:/home/roboracing/ros2_humble/install/examples_rclpy_minimal_action_server:/home/roboracing/ros2_humble/install/examples_rclpy_minimal_action_client:/home/roboracing/ros2_humble/install/examples_rclpy_guard_conditions:/home/roboracing/ros2_humble/install/examples_rclpy_executors:/home/roboracing/ros2_humble/install/demo_nodes_py:/home/roboracing/ros2_humble/install/action_tutorials_py:/home/roboracing/ros2_humble/install/ament_uncrustify:/home/roboracing/ros2_humble/install/tracetools_trace:/home/roboracing/ros2_humble/install/tracetools_read:/home/roboracing/ros2_humble/install/test_tracetools_launch:/home/roboracing/ros2_humble/install/test_launch_ros:/home/roboracing/ros2_humble/install/sensor_msgs_py:/home/roboracing/ros2_humble/install/rpyutils:/home/roboracing/ros2_humble/install/rosidl_runtime_py:/home/roboracing/ros2_humble/install/rosidl_cli:/home/roboracing/ros2_humble/install/launch_pytest:/home/roboracing/ros2_humble/install/launch_testing:/home/roboracing/ros2_humble/install/launch_yaml:/home/roboracing/ros2_humble/install/launch_xml:/home/roboracing/ros2_humble/install/launch:/home/roboracing/ros2_humble/install/osrf_pycommon:/home/roboracing/ros2_humble/install/domain_coordinator:/home/roboracing/ros2_humble/install/ament_xmllint:/home/roboracing/ros2_humble/install/ament_pyflakes:/home/roboracing/ros2_humble/install/ament_pycodestyle:/home/roboracing/ros2_humble/install/ament_pep257:/home/roboracing/ros2_humble/install/ament_pclint:/home/roboracing/ros2_humble/install/ament_package:/home/roboracing/ros2_humble/install/ament_mypy:/home/roboracing/ros2_humble/install/ament_lint_cmake:/home/roboracing/ros2_humble/install/ament_flake8:/home/roboracing/ros2_humble/install/ament_copyright:/home/roboracing/ros2_humble/install/ament_lint:/home/roboracing/ros2_humble/install/ament_index_python:/home/roboracing/ros2_humble/install/ament_cpplint:/home/roboracing/ros2_humble/install/ament_cppcheck:/home/roboracing/ros2_humble/install/ament_clang_tidy:/home/roboracing/ros2_humble/install/ament_clang_format:/opt/ros/humble /usr/bin/cmake /home/roboracing/Desktop/roboracing-rigatoniv-base/comms -DCMAKE_INSTALL_PREFIX=/home/roboracing/Desktop/roboracing-rigatoniv-base/install/comms
[14.248s] DEBUG:colcon.colcon_core.event_handler.log_command:Invoking command in '/home/roboracing/Desktop/roboracing-rigatoniv-base/build/comms': CMAKE_PREFIX_PATH=${CMAKE_PREFIX_PATH}:/home/roboracing/ros2_humble/install/rqt_bag_plugins:/home/roboracing/ros2_humble/install/rqt_bag:/home/roboracing/ros2_humble/install/launch_testing_examples:/home/roboracing/ros2_humble/install/ros2bag:/home/roboracing/ros2_humble/install/tracetools_test:/home/roboracing/ros2_humble/install/tracetools_launch:/home/roboracing/ros2_humble/install/topic_monitor:/home/roboracing/ros2_humble/install/tf2_tools:/home/roboracing/ros2_humble/install/examples_tf2_py:/home/roboracing/ros2_humble/install/tf2_ros_py:/home/roboracing/ros2_humble/install/sros2:/home/roboracing/ros2_humble/install/rqt_topic:/home/roboracing/ros2_humble/install/rqt_srv:/home/roboracing/ros2_humble/install/rqt_shell:/home/roboracing/ros2_humble/install/rqt_service_caller:/home/roboracing/ros2_humble/install/rqt_reconfigure:/home/roboracing/ros2_humble/install/rqt_py_console:/home/roboracing/ros2_humble/install/rqt_publisher:/home/roboracing/ros2_humble/install/rqt_plot:/home/roboracing/ros2_humble/install/rqt_action:/home/roboracing/ros2_humble/install/rqt_msg:/home/roboracing/ros2_humble/install/rqt_console:/home/roboracing/ros2_humble/install/rqt:/home/roboracing/ros2_humble/install/rqt_graph:/home/roboracing/ros2_humble/install/rqt_gui_py:/home/roboracing/ros2_humble/install/rqt_gui:/home/roboracing/ros2_humble/install/ros2trace:/home/roboracing/ros2_humble/install/ros2topic:/home/roboracing/ros2_humble/install/ros2test:/home/roboracing/ros2_humble/install/ros2component:/home/roboracing/ros2_humble/install/ros2param:/home/roboracing/ros2_humble/install/ros2lifecycle:/home/roboracing/ros2_humble/install/ros2service:/home/roboracing/ros2_humble/install/ros2run:/home/roboracing/ros2_humble/install/ros2launch:/home/roboracing/ros2_humble/install/ros2pkg:/home/roboracing/ros2_humble/install/ros2node:/home/roboracing/ros2_humble/install/ros2multicast:/home/roboracing/ros2_humble/install/ros2interface:/home/roboracing/ros2_humble/install/ros2doctor:/home/roboracing/ros2_humble/install/ros2action:/home/roboracing/ros2_humble/install/ros2cli:/home/roboracing/ros2_humble/install/quality_of_service_demo_py:/home/roboracing/ros2_humble/install/lifecycle_py:/home/roboracing/ros2_humble/install/launch_testing_ros:/home/roboracing/ros2_humble/install/launch_ros:/home/roboracing/ros2_humble/install/examples_rclpy_pointcloud_publisher:/home/roboracing/ros2_humble/install/examples_rclpy_minimal_subscriber:/home/roboracing/ros2_humble/install/examples_rclpy_minimal_service:/home/roboracing/ros2_humble/install/examples_rclpy_minimal_publisher:/home/roboracing/ros2_humble/install/examples_rclpy_minimal_client:/home/roboracing/ros2_humble/install/examples_rclpy_minimal_action_server:/home/roboracing/ros2_humble/install/examples_rclpy_minimal_action_client:/home/roboracing/ros2_humble/install/examples_rclpy_guard_conditions:/home/roboracing/ros2_humble/install/examples_rclpy_executors:/home/roboracing/ros2_humble/install/demo_nodes_py:/home/roboracing/ros2_humble/install/action_tutorials_py:/home/roboracing/ros2_humble/install/ament_uncrustify:/home/roboracing/ros2_humble/install/tracetools_trace:/home/roboracing/ros2_humble/install/tracetools_read:/home/roboracing/ros2_humble/install/test_tracetools_launch:/home/roboracing/ros2_humble/install/test_launch_ros:/home/roboracing/ros2_humble/install/sensor_msgs_py:/home/roboracing/ros2_humble/install/rpyutils:/home/roboracing/ros2_humble/install/rosidl_runtime_py:/home/roboracing/ros2_humble/install/rosidl_cli:/home/roboracing/ros2_humble/install/launch_pytest:/home/roboracing/ros2_humble/install/launch_testing:/home/roboracing/ros2_humble/install/launch_yaml:/home/roboracing/ros2_humble/install/launch_xml:/home/roboracing/ros2_humble/install/launch:/home/roboracing/ros2_humble/install/osrf_pycommon:/home/roboracing/ros2_humble/install/domain_coordinator:/home/roboracing/ros2_humble/install/ament_xmllint:/home/roboracing/ros2_humble/install/ament_pyflakes:/home/roboracing/ros2_humble/install/ament_pycodestyle:/home/roboracing/ros2_humble/install/ament_pep257:/home/roboracing/ros2_humble/install/ament_pclint:/home/roboracing/ros2_humble/install/ament_package:/home/roboracing/ros2_humble/install/ament_mypy:/home/roboracing/ros2_humble/install/ament_lint_cmake:/home/roboracing/ros2_humble/install/ament_flake8:/home/roboracing/ros2_humble/install/ament_copyright:/home/roboracing/ros2_humble/install/ament_lint:/home/roboracing/ros2_humble/install/ament_index_python:/home/roboracing/ros2_humble/install/ament_cpplint:/home/roboracing/ros2_humble/install/ament_cppcheck:/home/roboracing/ros2_humble/install/ament_clang_tidy:/home/roboracing/ros2_humble/install/ament_clang_format:/opt/ros/humble /usr/bin/cmake --build /home/roboracing/Desktop/roboracing-rigatoniv-base/build/comms -- -j6 -l6
[14.811s] DEBUG:colcon.colcon_core.event_handler.log_command:Invoked command in '/home/roboracing/Desktop/roboracing-rigatoniv-base/build/vision' returned '0': CMAKE_PREFIX_PATH=${CMAKE_PREFIX_PATH}:/home/roboracing/ros2_humble/install/rqt_bag_plugins:/home/roboracing/ros2_humble/install/rqt_bag:/home/roboracing/ros2_humble/install/launch_testing_examples:/home/roboracing/ros2_humble/install/ros2bag:/home/roboracing/ros2_humble/install/tracetools_test:/home/roboracing/ros2_humble/install/tracetools_launch:/home/roboracing/ros2_humble/install/topic_monitor:/home/roboracing/ros2_humble/install/tf2_tools:/home/roboracing/ros2_humble/install/examples_tf2_py:/home/roboracing/ros2_humble/install/tf2_ros_py:/home/roboracing/ros2_humble/install/sros2:/home/roboracing/ros2_humble/install/rqt_topic:/home/roboracing/ros2_humble/install/rqt_srv:/home/roboracing/ros2_humble/install/rqt_shell:/home/roboracing/ros2_humble/install/rqt_service_caller:/home/roboracing/ros2_humble/install/rqt_reconfigure:/home/roboracing/ros2_humble/install/rqt_py_console:/home/roboracing/ros2_humble/install/rqt_publisher:/home/roboracing/ros2_humble/install/rqt_plot:/home/roboracing/ros2_humble/install/rqt_action:/home/roboracing/ros2_humble/install/rqt_msg:/home/roboracing/ros2_humble/install/rqt_console:/home/roboracing/ros2_humble/install/rqt:/home/roboracing/ros2_humble/install/rqt_graph:/home/roboracing/ros2_humble/install/rqt_gui_py:/home/roboracing/ros2_humble/install/rqt_gui:/home/roboracing/ros2_humble/install/ros2trace:/home/roboracing/ros2_humble/install/ros2topic:/home/roboracing/ros2_humble/install/ros2test:/home/roboracing/ros2_humble/install/ros2component:/home/roboracing/ros2_humble/install/ros2param:/home/roboracing/ros2_humble/install/ros2lifecycle:/home/roboracing/ros2_humble/install/ros2service:/home/roboracing/ros2_humble/install/ros2run:/home/roboracing/ros2_humble/install/ros2launch:/home/roboracing/ros2_humble/install/ros2pkg:/home/roboracing/ros2_humble/install/ros2node:/home/roboracing/ros2_humble/install/ros2multicast:/home/roboracing/ros2_humble/install/ros2interface:/home/roboracing/ros2_humble/install/ros2doctor:/home/roboracing/ros2_humble/install/ros2action:/home/roboracing/ros2_humble/install/ros2cli:/home/roboracing/ros2_humble/install/quality_of_service_demo_py:/home/roboracing/ros2_humble/install/lifecycle_py:/home/roboracing/ros2_humble/install/launch_testing_ros:/home/roboracing/ros2_humble/install/launch_ros:/home/roboracing/ros2_humble/install/examples_rclpy_pointcloud_publisher:/home/roboracing/ros2_humble/install/examples_rclpy_minimal_subscriber:/home/roboracing/ros2_humble/install/examples_rclpy_minimal_service:/home/roboracing/ros2_humble/install/examples_rclpy_minimal_publisher:/home/roboracing/ros2_humble/install/examples_rclpy_minimal_client:/home/roboracing/ros2_humble/install/examples_rclpy_minimal_action_server:/home/roboracing/ros2_humble/install/examples_rclpy_minimal_action_client:/home/roboracing/ros2_humble/install/examples_rclpy_guard_conditions:/home/roboracing/ros2_humble/install/examples_rclpy_executors:/home/roboracing/ros2_humble/install/demo_nodes_py:/home/roboracing/ros2_humble/install/action_tutorials_py:/home/roboracing/ros2_humble/install/ament_uncrustify:/home/roboracing/ros2_humble/install/tracetools_trace:/home/roboracing/ros2_humble/install/tracetools_read:/home/roboracing/ros2_humble/install/test_tracetools_launch:/home/roboracing/ros2_humble/install/test_launch_ros:/home/roboracing/ros2_humble/install/sensor_msgs_py:/home/roboracing/ros2_humble/install/rpyutils:/home/roboracing/ros2_humble/install/rosidl_runtime_py:/home/roboracing/ros2_humble/install/rosidl_cli:/home/roboracing/ros2_humble/install/launch_pytest:/home/roboracing/ros2_humble/install/launch_testing:/home/roboracing/ros2_humble/install/launch_yaml:/home/roboracing/ros2_humble/install/launch_xml:/home/roboracing/ros2_humble/install/launch:/home/roboracing/ros2_humble/install/osrf_pycommon:/home/roboracing/ros2_humble/install/domain_coordinator:/home/roboracing/ros2_humble/install/ament_xmllint:/home/roboracing/ros2_humble/install/ament_pyflakes:/home/roboracing/ros2_humble/install/ament_pycodestyle:/home/roboracing/ros2_humble/install/ament_pep257:/home/roboracing/ros2_humble/install/ament_pclint:/home/roboracing/ros2_humble/install/ament_package:/home/roboracing/ros2_humble/install/ament_mypy:/home/roboracing/ros2_humble/install/ament_lint_cmake:/home/roboracing/ros2_humble/install/ament_flake8:/home/roboracing/ros2_humble/install/ament_copyright:/home/roboracing/ros2_humble/install/ament_lint:/home/roboracing/ros2_humble/install/ament_index_python:/home/roboracing/ros2_humble/install/ament_cpplint:/home/roboracing/ros2_humble/install/ament_cppcheck:/home/roboracing/ros2_humble/install/ament_clang_tidy:/home/roboracing/ros2_humble/install/ament_clang_format:/opt/ros/humble /usr/bin/cmake /home/roboracing/Desktop/roboracing-rigatoniv-base/vision -DCMAKE_INSTALL_PREFIX=/home/roboracing/Desktop/roboracing-rigatoniv-base/install/vision
[14.828s] DEBUG:colcon.colcon_core.event_handler.log_command:Invoking command in '/home/roboracing/Desktop/roboracing-rigatoniv-base/build/vision': CMAKE_PREFIX_PATH=${CMAKE_PREFIX_PATH}:/home/roboracing/ros2_humble/install/rqt_bag_plugins:/home/roboracing/ros2_humble/install/rqt_bag:/home/roboracing/ros2_humble/install/launch_testing_examples:/home/roboracing/ros2_humble/install/ros2bag:/home/roboracing/ros2_humble/install/tracetools_test:/home/roboracing/ros2_humble/install/tracetools_launch:/home/roboracing/ros2_humble/install/topic_monitor:/home/roboracing/ros2_humble/install/tf2_tools:/home/roboracing/ros2_humble/install/examples_tf2_py:/home/roboracing/ros2_humble/install/tf2_ros_py:/home/roboracing/ros2_humble/install/sros2:/home/roboracing/ros2_humble/install/rqt_topic:/home/roboracing/ros2_humble/install/rqt_srv:/home/roboracing/ros2_humble/install/rqt_shell:/home/roboracing/ros2_humble/install/rqt_service_caller:/home/roboracing/ros2_humble/install/rqt_reconfigure:/home/roboracing/ros2_humble/install/rqt_py_console:/home/roboracing/ros2_humble/install/rqt_publisher:/home/roboracing/ros2_humble/install/rqt_plot:/home/roboracing/ros2_humble/install/rqt_action:/home/roboracing/ros2_humble/install/rqt_msg:/home/roboracing/ros2_humble/install/rqt_console:/home/roboracing/ros2_humble/install/rqt:/home/roboracing/ros2_humble/install/rqt_graph:/home/roboracing/ros2_humble/install/rqt_gui_py:/home/roboracing/ros2_humble/install/rqt_gui:/home/roboracing/ros2_humble/install/ros2trace:/home/roboracing/ros2_humble/install/ros2topic:/home/roboracing/ros2_humble/install/ros2test:/home/roboracing/ros2_humble/install/ros2component:/home/roboracing/ros2_humble/install/ros2param:/home/roboracing/ros2_humble/install/ros2lifecycle:/home/roboracing/ros2_humble/install/ros2service:/home/roboracing/ros2_humble/install/ros2run:/home/roboracing/ros2_humble/install/ros2launch:/home/roboracing/ros2_humble/install/ros2pkg:/home/roboracing/ros2_humble/install/ros2node:/home/roboracing/ros2_humble/install/ros2multicast:/home/roboracing/ros2_humble/install/ros2interface:/home/roboracing/ros2_humble/install/ros2doctor:/home/roboracing/ros2_humble/install/ros2action:/home/roboracing/ros2_humble/install/ros2cli:/home/roboracing/ros2_humble/install/quality_of_service_demo_py:/home/roboracing/ros2_humble/install/lifecycle_py:/home/roboracing/ros2_humble/install/launch_testing_ros:/home/roboracing/ros2_humble/install/launch_ros:/home/roboracing/ros2_humble/install/examples_rclpy_pointcloud_publisher:/home/roboracing/ros2_humble/install/examples_rclpy_minimal_subscriber:/home/roboracing/ros2_humble/install/examples_rclpy_minimal_service:/home/roboracing/ros2_humble/install/examples_rclpy_minimal_publisher:/home/roboracing/ros2_humble/install/examples_rclpy_minimal_client:/home/roboracing/ros2_humble/install/examples_rclpy_minimal_action_server:/home/roboracing/ros2_humble/install/examples_rclpy_minimal_action_client:/home/roboracing/ros2_humble/install/examples_rclpy_guard_conditions:/home/roboracing/ros2_humble/install/examples_rclpy_executors:/home/roboracing/ros2_humble/install/demo_nodes_py:/home/roboracing/ros2_humble/install/action_tutorials_py:/home/roboracing/ros2_humble/install/ament_uncrustify:/home/roboracing/ros2_humble/install/tracetools_trace:/home/roboracing/ros2_humble/install/tracetools_read:/home/roboracing/ros2_humble/install/test_tracetools_launch:/home/roboracing/ros2_humble/install/test_launch_ros:/home/roboracing/ros2_humble/install/sensor_msgs_py:/home/roboracing/ros2_humble/install/rpyutils:/home/roboracing/ros2_humble/install/rosidl_runtime_py:/home/roboracing/ros2_humble/install/rosidl_cli:/home/roboracing/ros2_humble/install/launch_pytest:/home/roboracing/ros2_humble/install/launch_testing:/home/roboracing/ros2_humble/install/launch_yaml:/home/roboracing/ros2_humble/install/launch_xml:/home/roboracing/ros2_humble/install/launch:/home/roboracing/ros2_humble/install/osrf_pycommon:/home/roboracing/ros2_humble/install/domain_coordinator:/home/roboracing/ros2_humble/install/ament_xmllint:/home/roboracing/ros2_humble/install/ament_pyflakes:/home/roboracing/ros2_humble/install/ament_pycodestyle:/home/roboracing/ros2_humble/install/ament_pep257:/home/roboracing/ros2_humble/install/ament_pclint:/home/roboracing/ros2_humble/install/ament_package:/home/roboracing/ros2_humble/install/ament_mypy:/home/roboracing/ros2_humble/install/ament_lint_cmake:/home/roboracing/ros2_humble/install/ament_flake8:/home/roboracing/ros2_humble/install/ament_copyright:/home/roboracing/ros2_humble/install/ament_lint:/home/roboracing/ros2_humble/install/ament_index_python:/home/roboracing/ros2_humble/install/ament_cpplint:/home/roboracing/ros2_humble/install/ament_cppcheck:/home/roboracing/ros2_humble/install/ament_clang_tidy:/home/roboracing/ros2_humble/install/ament_clang_format:/opt/ros/humble /usr/bin/cmake --build /home/roboracing/Desktop/roboracing-rigatoniv-base/build/vision -- -j6 -l6
[49.713s] DEBUG:colcon.colcon_core.event_handler.log_command:Invoked command in '/home/roboracing/Desktop/roboracing-rigatoniv-base/build/comms' returned '2': CMAKE_PREFIX_PATH=${CMAKE_PREFIX_PATH}:/home/roboracing/ros2_humble/install/rqt_bag_plugins:/home/roboracing/ros2_humble/install/rqt_bag:/home/roboracing/ros2_humble/install/launch_testing_examples:/home/roboracing/ros2_humble/install/ros2bag:/home/roboracing/ros2_humble/install/tracetools_test:/home/roboracing/ros2_humble/install/tracetools_launch:/home/roboracing/ros2_humble/install/topic_monitor:/home/roboracing/ros2_humble/install/tf2_tools:/home/roboracing/ros2_humble/install/examples_tf2_py:/home/roboracing/ros2_humble/install/tf2_ros_py:/home/roboracing/ros2_humble/install/sros2:/home/roboracing/ros2_humble/install/rqt_topic:/home/roboracing/ros2_humble/install/rqt_srv:/home/roboracing/ros2_humble/install/rqt_shell:/home/roboracing/ros2_humble/install/rqt_service_caller:/home/roboracing/ros2_humble/install/rqt_reconfigure:/home/roboracing/ros2_humble/install/rqt_py_console:/home/roboracing/ros2_humble/install/rqt_publisher:/home/roboracing/ros2_humble/install/rqt_plot:/home/roboracing/ros2_humble/install/rqt_action:/home/roboracing/ros2_humble/install/rqt_msg:/home/roboracing/ros2_humble/install/rqt_console:/home/roboracing/ros2_humble/install/rqt:/home/roboracing/ros2_humble/install/rqt_graph:/home/roboracing/ros2_humble/install/rqt_gui_py:/home/roboracing/ros2_humble/install/rqt_gui:/home/roboracing/ros2_humble/install/ros2trace:/home/roboracing/ros2_humble/install/ros2topic:/home/roboracing/ros2_humble/install/ros2test:/home/roboracing/ros2_humble/install/ros2component:/home/roboracing/ros2_humble/install/ros2param:/home/roboracing/ros2_humble/install/ros2lifecycle:/home/roboracing/ros2_humble/install/ros2service:/home/roboracing/ros2_humble/install/ros2run:/home/roboracing/ros2_humble/install/ros2launch:/home/roboracing/ros2_humble/install/ros2pkg:/home/roboracing/ros2_humble/install/ros2node:/home/roboracing/ros2_humble/install/ros2multicast:/home/roboracing/ros2_humble/install/ros2interface:/home/roboracing/ros2_humble/install/ros2doctor:/home/roboracing/ros2_humble/install/ros2action:/home/roboracing/ros2_humble/install/ros2cli:/home/roboracing/ros2_humble/install/quality_of_service_demo_py:/home/roboracing/ros2_humble/install/lifecycle_py:/home/roboracing/ros2_humble/install/launch_testing_ros:/home/roboracing/ros2_humble/install/launch_ros:/home/roboracing/ros2_humble/install/examples_rclpy_pointcloud_publisher:/home/roboracing/ros2_humble/install/examples_rclpy_minimal_subscriber:/home/roboracing/ros2_humble/install/examples_rclpy_minimal_service:/home/roboracing/ros2_humble/install/examples_rclpy_minimal_publisher:/home/roboracing/ros2_humble/install/examples_rclpy_minimal_client:/home/roboracing/ros2_humble/install/examples_rclpy_minimal_action_server:/home/roboracing/ros2_humble/install/examples_rclpy_minimal_action_client:/home/roboracing/ros2_humble/install/examples_rclpy_guard_conditions:/home/roboracing/ros2_humble/install/examples_rclpy_executors:/home/roboracing/ros2_humble/install/demo_nodes_py:/home/roboracing/ros2_humble/install/action_tutorials_py:/home/roboracing/ros2_humble/install/ament_uncrustify:/home/roboracing/ros2_humble/install/tracetools_trace:/home/roboracing/ros2_humble/install/tracetools_read:/home/roboracing/ros2_humble/install/test_tracetools_launch:/home/roboracing/ros2_humble/install/test_launch_ros:/home/roboracing/ros2_humble/install/sensor_msgs_py:/home/roboracing/ros2_humble/install/rpyutils:/home/roboracing/ros2_humble/install/rosidl_runtime_py:/home/roboracing/ros2_humble/install/rosidl_cli:/home/roboracing/ros2_humble/install/launch_pytest:/home/roboracing/ros2_humble/install/launch_testing:/home/roboracing/ros2_humble/install/launch_yaml:/home/roboracing/ros2_humble/install/launch_xml:/home/roboracing/ros2_humble/install/launch:/home/roboracing/ros2_humble/install/osrf_pycommon:/home/roboracing/ros2_humble/install/domain_coordinator:/home/roboracing/ros2_humble/install/ament_xmllint:/home/roboracing/ros2_humble/install/ament_pyflakes:/home/roboracing/ros2_humble/install/ament_pycodestyle:/home/roboracing/ros2_humble/install/ament_pep257:/home/roboracing/ros2_humble/install/ament_pclint:/home/roboracing/ros2_humble/install/ament_package:/home/roboracing/ros2_humble/install/ament_mypy:/home/roboracing/ros2_humble/install/ament_lint_cmake:/home/roboracing/ros2_humble/install/ament_flake8:/home/roboracing/ros2_humble/install/ament_copyright:/home/roboracing/ros2_humble/install/ament_lint:/home/roboracing/ros2_humble/install/ament_index_python:/home/roboracing/ros2_humble/install/ament_cpplint:/home/roboracing/ros2_humble/install/ament_cppcheck:/home/roboracing/ros2_humble/install/ament_clang_tidy:/home/roboracing/ros2_humble/install/ament_clang_format:/opt/ros/humble /usr/bin/cmake --build /home/roboracing/Desktop/roboracing-rigatoniv-base/build/comms -- -j6 -l6
[49.714s] Level 1:colcon.colcon_core.environment:create_environment_scripts_only(comms)
[49.714s] Level 1:colcon.colcon_core.environment:checking '/home/roboracing/Desktop/roboracing-rigatoniv-base/install/comms' for CMake module files
[49.715s] Level 1:colcon.colcon_core.environment:checking '/home/roboracing/Desktop/roboracing-rigatoniv-base/install/comms' for CMake config files
[49.715s] Level 1:colcon.colcon_core.environment:checking '/home/roboracing/Desktop/roboracing-rigatoniv-base/install/comms/bin'
[49.716s] Level 1:colcon.colcon_core.environment:checking '/home/roboracing/Desktop/roboracing-rigatoniv-base/install/comms/lib/pkgconfig/comms.pc'
[49.716s] Level 1:colcon.colcon_core.environment:checking '/home/roboracing/Desktop/roboracing-rigatoniv-base/install/comms/lib/python3.10/site-packages'
[49.716s] Level 1:colcon.colcon_core.environment:checking '/home/roboracing/Desktop/roboracing-rigatoniv-base/install/comms/bin'
[49.717s] INFO:colcon.colcon_core.shell:Creating package script '/home/roboracing/Desktop/roboracing-rigatoniv-base/install/comms/share/comms/package.ps1'
[49.722s] INFO:colcon.colcon_core.shell:Creating package descriptor '/home/roboracing/Desktop/roboracing-rigatoniv-base/install/comms/share/comms/package.dsv'
[49.734s] INFO:colcon.colcon_core.shell:Creating package script '/home/roboracing/Desktop/roboracing-rigatoniv-base/install/comms/share/comms/package.sh'
[49.736s] INFO:colcon.colcon_core.shell:Creating package script '/home/roboracing/Desktop/roboracing-rigatoniv-base/install/comms/share/comms/package.bash'
[49.738s] INFO:colcon.colcon_core.shell:Creating package script '/home/roboracing/Desktop/roboracing-rigatoniv-base/install/comms/share/comms/package.zsh'
[49.740s] Level 1:colcon.colcon_core.environment:create_file_with_runtime_dependencies(/home/roboracing/Desktop/roboracing-rigatoniv-base/install/comms/share/colcon-core/packages/comms)
[60.451s] DEBUG:colcon.colcon_parallel_executor.executor.parallel:closing loop
[60.452s] DEBUG:colcon.colcon_parallel_executor.executor.parallel:loop closed
[60.452s] DEBUG:colcon.colcon_parallel_executor.executor.parallel:run_until_complete finished with '2'
[60.453s] DEBUG:colcon.colcon_core.event_reactor:joining thread
[60.607s] INFO:colcon.colcon_core.plugin_system:Skipping extension 'colcon_notification.desktop_notification.terminal_notifier': Not used on non-Darwin systems
[60.608s] INFO:colcon.colcon_core.plugin_system:Skipping extension 'colcon_notification.desktop_notification.win32': Not used on non-Windows systems
[60.608s] INFO:colcon.colcon_notification.desktop_notification:Sending desktop notification using 'notify2'
[60.845s] DEBUG:colcon.colcon_core.event_reactor:joined thread
[60.846s] INFO:colcon.colcon_core.shell:Creating prefix script '/home/roboracing/Desktop/roboracing-rigatoniv-base/install/local_setup.ps1'
[60.852s] INFO:colcon.colcon_core.shell:Creating prefix util module '/home/roboracing/Desktop/roboracing-rigatoniv-base/install/_local_setup_util_ps1.py'
[60.918s] INFO:colcon.colcon_core.shell:Creating prefix chain script '/home/roboracing/Desktop/roboracing-rigatoniv-base/install/setup.ps1'
[61.055s] INFO:colcon.colcon_core.shell:Creating prefix script '/home/roboracing/Desktop/roboracing-rigatoniv-base/install/local_setup.sh'
[61.058s] INFO:colcon.colcon_core.shell:Creating prefix util module '/home/roboracing/Desktop/roboracing-rigatoniv-base/install/_local_setup_util_sh.py'
[61.061s] INFO:colcon.colcon_core.shell:Creating prefix chain script '/home/roboracing/Desktop/roboracing-rigatoniv-base/install/setup.sh'
[61.109s] INFO:colcon.colcon_core.shell:Creating prefix script '/home/roboracing/Desktop/roboracing-rigatoniv-base/install/local_setup.bash'
[61.111s] INFO:colcon.colcon_core.shell:Creating prefix chain script '/home/roboracing/Desktop/roboracing-rigatoniv-base/install/setup.bash'
[61.157s] INFO:colcon.colcon_core.shell:Creating prefix script '/home/roboracing/Desktop/roboracing-rigatoniv-base/install/local_setup.zsh'
[61.164s] INFO:colcon.colcon_core.shell:Creating prefix chain script '/home/roboracing/Desktop/roboracing-rigatoniv-base/install/setup.zsh'
