-- The C compiler identification is GNU 11.4.0
-- The CXX compiler identification is GNU 11.4.0
-- Detecting C compiler ABI info
-- Detecting C compiler ABI info - done
-- Check for working C compiler: /usr/bin/cc - skipped
-- Detecting C compile features
-- Detecting C compile features - done
-- Detecting CXX compiler ABI info
-- Detecting CXX compiler ABI info - done
-- Check for working CXX compiler: /usr/bin/c++ - skipped
-- Detecting CXX compile features
-- Detecting CXX compile features - done
-- Found ament_cmake: 1.3.10 (/home/roboracing/ros2_humble/install/ament_cmake/share/ament_cmake/cmake)
-- Found Python3: /usr/bin/python3 (found version "3.10.12") found components: Interpreter 
-- Found rclcpp: 16.0.10 (/home/roboracing/ros2_humble/install/rclcpp/share/rclcpp/cmake)
-- Found rosidl_generator_c: 3.1.5 (/home/roboracing/ros2_humble/install/rosidl_generator_c/share/rosidl_generator_c/cmake)
-- Found rosidl_adapter: 3.1.5 (/home/roboracing/ros2_humble/install/rosidl_adapter/share/rosidl_adapter/cmake)
-- Found rosidl_generator_cpp: 3.1.5 (/home/roboracing/ros2_humble/install/rosidl_generator_cpp/share/rosidl_generator_cpp/cmake)
-- Using all available rosidl_typesupport_c: rosidl_typesupport_introspection_c;rosidl_typesupport_fastrtps_c
-- Using all available rosidl_typesupport_cpp: rosidl_typesupport_introspection_cpp;rosidl_typesupport_fastrtps_cpp
-- Found rmw_implementation_cmake: 6.1.2 (/home/roboracing/ros2_humble/install/rmw_implementation_cmake/share/rmw_implementation_cmake/cmake)
-- Found rmw_fastrtps_cpp: 6.2.7 (/home/roboracing/ros2_humble/install/rmw_fastrtps_cpp/share/rmw_fastrtps_cpp/cmake)
-- Found OpenSSL: /usr/lib/aarch64-linux-gnu/libcrypto.so (found version "3.0.2")  
-- Found FastRTPS: /home/roboracing/ros2_humble/install/fastrtps/include  
-- Using RMW implementation 'rmw_fastrtps_cpp' as default
-- Looking for pthread.h
-- Looking for pthread.h - found
-- Performing Test CMAKE_HAVE_LIBC_PTHREAD
-- Performing Test CMAKE_HAVE_LIBC_PTHREAD - Success
-- Found Threads: TRUE  
-- Found rclcpp_components: 16.0.10 (/home/roboracing/ros2_humble/install/rclcpp_components/share/rclcpp_components/cmake)
-- Found ackermann_msgs: 2.0.2 (/opt/ros/humble/share/ackermann_msgs/cmake)
-- Configuring done
-- Generating done
-- Build files have been written to: /home/roboracing/Desktop/roboracing-rigatoniv-base/build/comms
[ 14%] [32mBuilding CXX object CMakeFiles/ackermann_send.dir/rclcpp_components/node_main_ackermann_send.cpp.o[0m
[ 28%] [32mBuilding CXX object CMakeFiles/comms.dir/src/ackermann_send.cpp.o[0m
[ 42%] [32mBuilding CXX object CMakeFiles/comms.dir/src/udp_client.cpp.o[0m
[ 57%] [32mBuilding CXX object CMakeFiles/udp.dir/rclcpp_components/node_main_udp.cpp.o[0m
[ 71%] [32m[1mLinking CXX executable ackermann_send[0m
[ 85%] [32m[1mLinking CXX executable udp[0m
[ 85%] Built target udp
[ 85%] Built target ackermann_send
[01m[K/home/roboracing/Desktop/roboracing-rigatoniv-base/comms/src/udp_client.cpp:[m[K In constructor ‘[01m[Kcomms::UDPClient::UDPClient(const rclcpp::NodeOptions&)[m[K’:
[01m[K/home/roboracing/Desktop/roboracing-rigatoniv-base/comms/src/udp_client.cpp:30:67:[m[K [01;31m[Kerror: [m[Kno matching function for call to ‘[01m[Kstd::__cxx11::basic_string<char>::basic_string(time_t&)[m[K’
   30 |     state_log_file_output.open("state_log" + std::string(timestamp[01;31m[K)[m[K + ".txt")
      |                                                                   [01;31m[K^[m[K
In file included from [01m[K/usr/include/c++/11/string:55[m[K,
                 from [01m[K/usr/include/c++/11/stdexcept:39[m[K,
                 from [01m[K/usr/include/boost/asio/execution/receiver_invocation_error.hpp:19[m[K,
                 from [01m[K/usr/include/boost/asio/execution/detail/as_invocable.hpp:22[m[K,
                 from [01m[K/usr/include/boost/asio/execution/execute.hpp:20[m[K,
                 from [01m[K/usr/include/boost/asio/execution/executor.hpp:20[m[K,
                 from [01m[K/usr/include/boost/asio/associated_executor.hpp:20[m[K,
                 from [01m[K/usr/include/boost/asio.hpp:21[m[K,
                 from [01m[K/home/roboracing/Desktop/roboracing-rigatoniv-base/comms/src/udp_client.cpp:1[m[K:
[01m[K/usr/include/c++/11/bits/basic_string.h:664:9:[m[K [01;36m[Knote: [m[Kcandidate: ‘[01m[Ktemplate<class _Tp, class> std::__cxx11::basic_string<_CharT, _Traits, _Alloc>::basic_string(const _Tp&, const _Alloc&) [with _Tp = _Tp; <template-parameter-2-2> = <template-parameter-1-2>; _CharT = char; _Traits = std::char_traits<char>; _Alloc = std::allocator<char>][m[K’
  664 |         [01;36m[Kbasic_string[m[K(const _Tp& __t, const _Alloc& __a = _Alloc())
      |         [01;36m[K^~~~~~~~~~~~[m[K
[01m[K/usr/include/c++/11/bits/basic_string.h:664:9:[m[K [01;36m[Knote: [m[K  template argument deduction/substitution failed:
In file included from [01m[K/usr/include/c++/11/bits/move.h:57[m[K,
                 from [01m[K/usr/include/c++/11/bits/stl_pair.h:59[m[K,
                 from [01m[K/usr/include/c++/11/bits/stl_algobase.h:64[m[K,
                 from [01m[K/usr/include/c++/11/memory:63[m[K,
                 from [01m[K/usr/include/boost/asio/associated_allocator.hpp:19[m[K,
                 from [01m[K/usr/include/boost/asio.hpp:20[m[K,
                 from [01m[K/home/roboracing/Desktop/roboracing-rigatoniv-base/comms/src/udp_client.cpp:1[m[K:
/usr/include/c++/11/type_traits: In substitution of ‘[01m[Ktemplate<bool _Cond, class _Tp> using enable_if_t = typename std::enable_if::type [with bool _Cond = false; _Tp = void][m[K’:
[01m[K/usr/include/c++/11/bits/basic_string.h:125:8:[m[K   required by substitution of ‘[01m[Ktemplate<class _CharT, class _Traits, class _Alloc> template<class _Tp, class _Res> using _If_sv = std::enable_if_t<std::__and_<std::is_convertible<const _Tp&, std::basic_string_view<_CharT, _Traits> >, std::__not_<std::is_convertible<const _Tp*, const std::__cxx11::basic_string<_CharT, _Traits, _Alloc>*> >, std::__not_<std::is_convertible<const _Tp&, const _CharT*> > >::value, _Res> [with _Tp = long int; _Res = void; _CharT = char; _Traits = std::char_traits<char>; _Alloc = std::allocator<char>][m[K’
[01m[K/usr/include/c++/11/bits/basic_string.h:662:30:[m[K   required from here
[01m[K/usr/include/c++/11/type_traits:2579:11:[m[K [01;31m[Kerror: [m[Kno type named ‘[01m[Ktype[m[K’ in ‘[01m[Kstruct std::enable_if<false, void>[m[K’
 2579 |     using [01;31m[Kenable_if_t[m[K = typename enable_if<_Cond, _Tp>::type;
      |           [01;31m[K^~~~~~~~~~~[m[K
In file included from [01m[K/usr/include/c++/11/string:55[m[K,
                 from [01m[K/usr/include/c++/11/stdexcept:39[m[K,
                 from [01m[K/usr/include/boost/asio/execution/receiver_invocation_error.hpp:19[m[K,
                 from [01m[K/usr/include/boost/asio/execution/detail/as_invocable.hpp:22[m[K,
                 from [01m[K/usr/include/boost/asio/execution/execute.hpp:20[m[K,
                 from [01m[K/usr/include/boost/asio/execution/executor.hpp:20[m[K,
                 from [01m[K/usr/include/boost/asio/associated_executor.hpp:20[m[K,
                 from [01m[K/usr/include/boost/asio.hpp:21[m[K,
                 from [01m[K/home/roboracing/Desktop/roboracing-rigatoniv-base/comms/src/udp_client.cpp:1[m[K:
[01m[K/usr/include/c++/11/bits/basic_string.h:653:9:[m[K [01;36m[Knote: [m[Kcandidate: ‘[01m[Ktemplate<class _Tp, class> std::__cxx11::basic_string<_CharT, _Traits, _Alloc>::basic_string(const _Tp&, std::__cxx11::basic_string<_CharT, _Traits, _Alloc>::size_type, std::__cxx11::basic_string<_CharT, _Traits, _Alloc>::size_type, const _Alloc&) [with _Tp = _Tp; <template-parameter-2-2> = <template-parameter-1-2>; _CharT = char; _Traits = std::char_traits<char>; _Alloc = std::allocator<char>][m[K’
  653 |         [01;36m[Kbasic_string[m[K(const _Tp& __t, size_type __pos, size_type __n,
      |         [01;36m[K^~~~~~~~~~~~[m[K
[01m[K/usr/include/c++/11/bits/basic_string.h:653:9:[m[K [01;36m[Knote: [m[K  template argument deduction/substitution failed:
[01m[K/home/roboracing/Desktop/roboracing-rigatoniv-base/comms/src/udp_client.cpp:30:67:[m[K [01;36m[Knote: [m[K  candidate expects 4 arguments, 1 provided
   30 |     state_log_file_output.open("state_log" + std::string(timestamp[01;36m[K)[m[K + ".txt")
      |                                                                   [01;36m[K^[m[K
In file included from [01m[K/usr/include/c++/11/string:55[m[K,
                 from [01m[K/usr/include/c++/11/stdexcept:39[m[K,
                 from [01m[K/usr/include/boost/asio/execution/receiver_invocation_error.hpp:19[m[K,
                 from [01m[K/usr/include/boost/asio/execution/detail/as_invocable.hpp:22[m[K,
                 from [01m[K/usr/include/boost/asio/execution/execute.hpp:20[m[K,
                 from [01m[K/usr/include/boost/asio/execution/executor.hpp:20[m[K,
                 from [01m[K/usr/include/boost/asio/associated_executor.hpp:20[m[K,
                 from [01m[K/usr/include/boost/asio.hpp:21[m[K,
                 from [01m[K/home/roboracing/Desktop/roboracing-rigatoniv-base/comms/src/udp_client.cpp:1[m[K:
[01m[K/usr/include/c++/11/bits/basic_string.h:638:9:[m[K [01;36m[Knote: [m[Kcandidate: ‘[01m[Ktemplate<class _InputIterator, class> std::__cxx11::basic_string<_CharT, _Traits, _Alloc>::basic_string(_InputIterator, _InputIterator, const _Alloc&) [with _InputIterator = _InputIterator; <template-parameter-2-2> = <template-parameter-1-2>; _CharT = char; _Traits = std::char_traits<char>; _Alloc = std::allocator<char>][m[K’
  638 |         [01;36m[Kbasic_string[m[K(_InputIterator __beg, _InputIterator __end,
      |         [01;36m[K^~~~~~~~~~~~[m[K
[01m[K/usr/include/c++/11/bits/basic_string.h:638:9:[m[K [01;36m[Knote: [m[K  template argument deduction/substitution failed:
[01m[K/home/roboracing/Desktop/roboracing-rigatoniv-base/comms/src/udp_client.cpp:30:67:[m[K [01;36m[Knote: [m[K  candidate expects 3 arguments, 1 provided
   30 |     state_log_file_output.open("state_log" + std::string(timestamp[01;36m[K)[m[K + ".txt")
      |                                                                   [01;36m[K^[m[K
In file included from [01m[K/usr/include/c++/11/string:55[m[K,
                 from [01m[K/usr/include/c++/11/stdexcept:39[m[K,
                 from [01m[K/usr/include/boost/asio/execution/receiver_invocation_error.hpp:19[m[K,
                 from [01m[K/usr/include/boost/asio/execution/detail/as_invocable.hpp:22[m[K,
                 from [01m[K/usr/include/boost/asio/execution/execute.hpp:20[m[K,
                 from [01m[K/usr/include/boost/asio/execution/executor.hpp:20[m[K,
                 from [01m[K/usr/include/boost/asio/associated_executor.hpp:20[m[K,
                 from [01m[K/usr/include/boost/asio.hpp:21[m[K,
                 from [01m[K/home/roboracing/Desktop/roboracing-rigatoniv-base/comms/src/udp_client.cpp:1[m[K:
[01m[K/usr/include/c++/11/bits/basic_string.h:553:7:[m[K [01;36m[Knote: [m[Kcandidate: ‘[01m[Ktemplate<class> std::__cxx11::basic_string<_CharT, _Traits, _Alloc>::basic_string(std::__cxx11::basic_string<_CharT, _Traits, _Alloc>::size_type, _CharT, const _Alloc&) [with <template-parameter-2-1> = <template-parameter-1-1>; _CharT = char; _Traits = std::char_traits<char>; _Alloc = std::allocator<char>][m[K’
  553 |       [01;36m[Kbasic_string[m[K(size_type __n, _CharT __c, const _Alloc& __a = _Alloc())
      |       [01;36m[K^~~~~~~~~~~~[m[K
[01m[K/usr/include/c++/11/bits/basic_string.h:553:7:[m[K [01;36m[Knote: [m[K  template argument deduction/substitution failed:
[01m[K/home/roboracing/Desktop/roboracing-rigatoniv-base/comms/src/udp_client.cpp:30:67:[m[K [01;36m[Knote: [m[K  candidate expects 3 arguments, 1 provided
   30 |     state_log_file_output.open("state_log" + std::string(timestamp[01;36m[K)[m[K + ".txt")
      |                                                                   [01;36m[K^[m[K
In file included from [01m[K/usr/include/c++/11/string:55[m[K,
                 from [01m[K/usr/include/c++/11/stdexcept:39[m[K,
                 from [01m[K/usr/include/boost/asio/execution/receiver_invocation_error.hpp:19[m[K,
                 from [01m[K/usr/include/boost/asio/execution/detail/as_invocable.hpp:22[m[K,
                 from [01m[K/usr/include/boost/asio/execution/execute.hpp:20[m[K,
                 from [01m[K/usr/include/boost/asio/execution/executor.hpp:20[m[K,
                 from [01m[K/usr/include/boost/asio/associated_executor.hpp:20[m[K,
                 from [01m[K/usr/include/boost/asio.hpp:21[m[K,
                 from [01m[K/home/roboracing/Desktop/roboracing-rigatoniv-base/comms/src/udp_client.cpp:1[m[K:
[01m[K/usr/include/c++/11/bits/basic_string.h:533:7:[m[K [01;36m[Knote: [m[Kcandidate: ‘[01m[Ktemplate<class> std::__cxx11::basic_string<_CharT, _Traits, _Alloc>::basic_string(const _CharT*, const _Alloc&) [with <template-parameter-2-1> = <template-parameter-1-1>; _CharT = char; _Traits = std::char_traits<char>; _Alloc = std::allocator<char>][m[K’
  533 |       [01;36m[Kbasic_string[m[K(const _CharT* __s, const _Alloc& __a = _Alloc())
      |       [01;36m[K^~~~~~~~~~~~[m[K
[01m[K/usr/include/c++/11/bits/basic_string.h:533:7:[m[K [01;36m[Knote: [m[K  template argument deduction/substitution failed:
[01m[K/home/roboracing/Desktop/roboracing-rigatoniv-base/comms/src/udp_client.cpp:30:58:[m[K [01;36m[Knote: [m[K  cannot convert ‘[01m[Ktimestamp[m[K’ (type ‘[01m[Ktime_t[m[K’ {aka ‘[01m[Klong int[m[K’}) to type ‘[01m[Kconst char*[m[K’
   30 |     state_log_file_output.open("state_log" + std::string([01;36m[Ktimestamp[m[K) + ".txt")
      |                                                          [01;36m[K^~~~~~~~~[m[K
In file included from [01m[K/usr/include/c++/11/string:55[m[K,
                 from [01m[K/usr/include/c++/11/stdexcept:39[m[K,
                 from [01m[K/usr/include/boost/asio/execution/receiver_invocation_error.hpp:19[m[K,
                 from [01m[K/usr/include/boost/asio/execution/detail/as_invocable.hpp:22[m[K,
                 from [01m[K/usr/include/boost/asio/execution/execute.hpp:20[m[K,
                 from [01m[K/usr/include/boost/asio/execution/executor.hpp:20[m[K,
                 from [01m[K/usr/include/boost/asio/associated_executor.hpp:20[m[K,
                 from [01m[K/usr/include/boost/asio.hpp:21[m[K,
                 from [01m[K/home/roboracing/Desktop/roboracing-rigatoniv-base/comms/src/udp_client.cpp:1[m[K:
[01m[K/usr/include/c++/11/bits/basic_string.h:600:7:[m[K [01;36m[Knote: [m[Kcandidate: ‘[01m[Kstd::__cxx11::basic_string<_CharT, _Traits, _Alloc>::basic_string(std::__cxx11::basic_string<_CharT, _Traits, _Alloc>&&, const _Alloc&) [with _CharT = char; _Traits = std::char_traits<char>; _Alloc = std::allocator<char>][m[K’
  600 |       [01;36m[Kbasic_string[m[K(basic_string&& __str, const _Alloc& __a)
      |       [01;36m[K^~~~~~~~~~~~[m[K
[01m[K/usr/include/c++/11/bits/basic_string.h:600:7:[m[K [01;36m[Knote: [m[K  candidate expects 2 arguments, 1 provided
[01m[K/usr/include/c++/11/bits/basic_string.h:596:7:[m[K [01;36m[Knote: [m[Kcandidate: ‘[01m[Kstd::__cxx11::basic_string<_CharT, _Traits, _Alloc>::basic_string(const std::__cxx11::basic_string<_CharT, _Traits, _Alloc>&, const _Alloc&) [with _CharT = char; _Traits = std::char_traits<char>; _Alloc = std::allocator<char>][m[K’
  596 |       [01;36m[Kbasic_string[m[K(const basic_string& __str, const _Alloc& __a)
      |       [01;36m[K^~~~~~~~~~~~[m[K
[01m[K/usr/include/c++/11/bits/basic_string.h:596:7:[m[K [01;36m[Knote: [m[K  candidate expects 2 arguments, 1 provided
[01m[K/usr/include/c++/11/bits/basic_string.h:592:7:[m[K [01;36m[Knote: [m[Kcandidate: ‘[01m[Kstd::__cxx11::basic_string<_CharT, _Traits, _Alloc>::basic_string(std::initializer_list<_Tp>, const _Alloc&) [with _CharT = char; _Traits = std::char_traits<char>; _Alloc = std::allocator<char>][m[K’
  592 |       [01;36m[Kbasic_string[m[K(initializer_list<_CharT> __l, const _Alloc& __a = _Alloc())
      |       [01;36m[K^~~~~~~~~~~~[m[K
[01m[K/usr/include/c++/11/bits/basic_string.h:592:45:[m[K [01;36m[Knote: [m[K  no known conversion for argument 1 from ‘[01m[Ktime_t[m[K’ {aka ‘[01m[Klong int[m[K’} to ‘[01m[Kstd::initializer_list<char>[m[K’
  592 |       basic_string([01;36m[Kinitializer_list<_CharT> __l[m[K, const _Alloc& __a = _Alloc())
      |                    [01;36m[K~~~~~~~~~~~~~~~~~~~~~~~~~^~~[m[K
[01m[K/usr/include/c++/11/bits/basic_string.h:565:7:[m[K [01;36m[Knote: [m[Kcandidate: ‘[01m[Kstd::__cxx11::basic_string<_CharT, _Traits, _Alloc>::basic_string(std::__cxx11::basic_string<_CharT, _Traits, _Alloc>&&) [with _CharT = char; _Traits = std::char_traits<char>; _Alloc = std::allocator<char>][m[K’
  565 |       [01;36m[Kbasic_string[m[K(basic_string&& __str) noexcept
      |       [01;36m[K^~~~~~~~~~~~[m[K
[01m[K/usr/include/c++/11/bits/basic_string.h:565:35:[m[K [01;36m[Knote: [m[K  no known conversion for argument 1 from ‘[01m[Ktime_t[m[K’ {aka ‘[01m[Klong int[m[K’} to ‘[01m[Kstd::__cxx11::basic_string<char>&&[m[K’
  565 |       basic_string([01;36m[Kbasic_string&& __str[m[K) noexcept
      |                    [01;36m[K~~~~~~~~~~~~~~~^~~~~[m[K
[01m[K/usr/include/c++/11/bits/basic_string.h:518:7:[m[K [01;36m[Knote: [m[Kcandidate: ‘[01m[Kstd::__cxx11::basic_string<_CharT, _Traits, _Alloc>::basic_string(const _CharT*, std::__cxx11::basic_string<_CharT, _Traits, _Alloc>::size_type, const _Alloc&) [with _CharT = char; _Traits = std::char_traits<char>; _Alloc = std::allocator<char>; std::__cxx11::basic_string<_CharT, _Traits, _Alloc>::size_type = long unsigned int][m[K’
  518 |       [01;36m[Kbasic_string[m[K(const _CharT* __s, size_type __n,
      |       [01;36m[K^~~~~~~~~~~~[m[K
[01m[K/usr/include/c++/11/bits/basic_string.h:518:7:[m[K [01;36m[Knote: [m[K  candidate expects 3 arguments, 1 provided
[01m[K/usr/include/c++/11/bits/basic_string.h:500:7:[m[K [01;36m[Knote: [m[Kcandidate: ‘[01m[Kstd::__cxx11::basic_string<_CharT, _Traits, _Alloc>::basic_string(const std::__cxx11::basic_string<_CharT, _Traits, _Alloc>&, std::__cxx11::basic_string<_CharT, _Traits, _Alloc>::size_type, std::__cxx11::basic_string<_CharT, _Traits, _Alloc>::size_type, const _Alloc&) [with _CharT = char; _Traits = std::char_traits<char>; _Alloc = std::allocator<char>; std::__cxx11::basic_string<_CharT, _Traits, _Alloc>::size_type = long unsigned int][m[K’
  500 |       [01;36m[Kbasic_string[m[K(const basic_string& __str, size_type __pos,
      |       [01;36m[K^~~~~~~~~~~~[m[K
[01m[K/usr/include/c++/11/bits/basic_string.h:500:7:[m[K [01;36m[Knote: [m[K  candidate expects 4 arguments, 1 provided
[01m[K/usr/include/c++/11/bits/basic_string.h:484:7:[m[K [01;36m[Knote: [m[Kcandidate: ‘[01m[Kstd::__cxx11::basic_string<_CharT, _Traits, _Alloc>::basic_string(const std::__cxx11::basic_string<_CharT, _Traits, _Alloc>&, std::__cxx11::basic_string<_CharT, _Traits, _Alloc>::size_type, std::__cxx11::basic_string<_CharT, _Traits, _Alloc>::size_type) [with _CharT = char; _Traits = std::char_traits<char>; _Alloc = std::allocator<char>; std::__cxx11::basic_string<_CharT, _Traits, _Alloc>::size_type = long unsigned int][m[K’
  484 |       [01;36m[Kbasic_string[m[K(const basic_string& __str, size_type __pos,
      |       [01;36m[K^~~~~~~~~~~~[m[K
[01m[K/usr/include/c++/11/bits/basic_string.h:484:7:[m[K [01;36m[Knote: [m[K  candidate expects 3 arguments, 1 provided
[01m[K/usr/include/c++/11/bits/basic_string.h:469:7:[m[K [01;36m[Knote: [m[Kcandidate: ‘[01m[Kstd::__cxx11::basic_string<_CharT, _Traits, _Alloc>::basic_string(const std::__cxx11::basic_string<_CharT, _Traits, _Alloc>&, std::__cxx11::basic_string<_CharT, _Traits, _Alloc>::size_type, const _Alloc&) [with _CharT = char; _Traits = std::char_traits<char>; _Alloc = std::allocator<char>; std::__cxx11::basic_string<_CharT, _Traits, _Alloc>::size_type = long unsigned int][m[K’
  469 |       [01;36m[Kbasic_string[m[K(const basic_string& __str, size_type __pos,
      |       [01;36m[K^~~~~~~~~~~~[m[K
[01m[K/usr/include/c++/11/bits/basic_string.h:469:7:[m[K [01;36m[Knote: [m[K  candidate expects 3 arguments, 1 provided
[01m[K/usr/include/c++/11/bits/basic_string.h:456:7:[m[K [01;36m[Knote: [m[Kcandidate: ‘[01m[Kstd::__cxx11::basic_string<_CharT, _Traits, _Alloc>::basic_string(const std::__cxx11::basic_string<_CharT, _Traits, _Alloc>&) [with _CharT = char; _Traits = std::char_traits<char>; _Alloc = std::allocator<char>][m[K’
  456 |       [01;36m[Kbasic_string[m[K(const basic_string& __str)
      |       [01;36m[K^~~~~~~~~~~~[m[K
[01m[K/usr/include/c++/11/bits/basic_string.h:456:40:[m[K [01;36m[Knote: [m[K  no known conversion for argument 1 from ‘[01m[Ktime_t[m[K’ {aka ‘[01m[Klong int[m[K’} to ‘[01m[Kconst std::__cxx11::basic_string<char>&[m[K’
  456 |       basic_string([01;36m[Kconst basic_string& __str[m[K)
      |                    [01;36m[K~~~~~~~~~~~~~~~~~~~~^~~~~[m[K
[01m[K/usr/include/c++/11/bits/basic_string.h:448:7:[m[K [01;36m[Knote: [m[Kcandidate: ‘[01m[Kstd::__cxx11::basic_string<_CharT, _Traits, _Alloc>::basic_string(const _Alloc&) [with _CharT = char; _Traits = std::char_traits<char>; _Alloc = std::allocator<char>][m[K’
  448 |       [01;36m[Kbasic_string[m[K(const _Alloc& __a) _GLIBCXX_NOEXCEPT
      |       [01;36m[K^~~~~~~~~~~~[m[K
[01m[K/usr/include/c++/11/bits/basic_string.h:448:34:[m[K [01;36m[Knote: [m[K  no known conversion for argument 1 from ‘[01m[Ktime_t[m[K’ {aka ‘[01m[Klong int[m[K’} to ‘[01m[Kconst std::allocator<char>&[m[K’
  448 |       basic_string([01;36m[Kconst _Alloc& __a[m[K) _GLIBCXX_NOEXCEPT
      |                    [01;36m[K~~~~~~~~~~~~~~^~~[m[K
[01m[K/usr/include/c++/11/bits/basic_string.h:439:7:[m[K [01;36m[Knote: [m[Kcandidate: ‘[01m[Kstd::__cxx11::basic_string<_CharT, _Traits, _Alloc>::basic_string() [with _CharT = char; _Traits = std::char_traits<char>; _Alloc = std::allocator<char>][m[K’
  439 |       [01;36m[Kbasic_string[m[K()
      |       [01;36m[K^~~~~~~~~~~~[m[K
[01m[K/usr/include/c++/11/bits/basic_string.h:439:7:[m[K [01;36m[Knote: [m[K  candidate expects 0 arguments, 1 provided
[01m[K/usr/include/c++/11/bits/basic_string.h:153:7:[m[K [01;36m[Knote: [m[Kcandidate: ‘[01m[Kstd::__cxx11::basic_string<_CharT, _Traits, _Alloc>::basic_string(std::__cxx11::basic_string<_CharT, _Traits, _Alloc>::__sv_wrapper, const _Alloc&) [with _CharT = char; _Traits = std::char_traits<char>; _Alloc = std::allocator<char>][m[K’
  153 |       [01;36m[Kbasic_string[m[K(__sv_wrapper __svw, const _Alloc& __a)
      |       [01;36m[K^~~~~~~~~~~~[m[K
[01m[K/usr/include/c++/11/bits/basic_string.h:153:7:[m[K [01;36m[Knote: [m[K  candidate expects 2 arguments, 1 provided
gmake[2]: *** [CMakeFiles/comms.dir/build.make:76: CMakeFiles/comms.dir/src/udp_client.cpp.o] Error 1
gmake[1]: *** [CMakeFiles/Makefile2:141: CMakeFiles/comms.dir/all] Error 2
gmake: *** [Makefile:146: all] Error 2
