[4.216s] Invoking command in '/home/roboracing/Desktop/roboracing-rigatoniv-base/launch_robot': PYTHONPATH=/home/roboracing/Desktop/roboracing-rigatoniv-base/build/launch_robot/prefix_override:/usr/lib/python3/dist-packages/colcon_core/task/python/colcon_distutils_commands:/home/roboracing/Desktop/roboracing-rigatoniv-base/install/launch_robot/lib/python3.10/site-packages:${PYTHONPATH} /usr/bin/python3 -W ignore:setup.py install is deprecated -W ignore:easy_install command is deprecated setup.py egg_info --egg-base ../build/launch_robot build --build-base /home/roboracing/Desktop/roboracing-rigatoniv-base/build/launch_robot/build install --record /home/roboracing/Desktop/roboracing-rigatoniv-base/build/launch_robot/install.log --single-version-externally-managed install_data
[7.539s] running egg_info
[7.539s] writing ../build/launch_robot/launch_robot.egg-info/PKG-INFO
[7.540s] writing dependency_links to ../build/launch_robot/launch_robot.egg-info/dependency_links.txt
[7.540s] writing entry points to ../build/launch_robot/launch_robot.egg-info/entry_points.txt
[7.540s] writing requirements to ../build/launch_robot/launch_robot.egg-info/requires.txt
[7.540s] writing top-level names to ../build/launch_robot/launch_robot.egg-info/top_level.txt
[7.540s] reading manifest file '../build/launch_robot/launch_robot.egg-info/SOURCES.txt'
[7.540s] adding license file 'LICENSE'
[7.540s] writing manifest file '../build/launch_robot/launch_robot.egg-info/SOURCES.txt'
[7.543s] running build
[7.543s] running build_py
[7.544s] running install
[7.544s] running install_lib
[7.554s] running install_data
[7.554s] running install_egg_info
[7.632s] removing '/home/roboracing/Desktop/roboracing-rigatoniv-base/install/launch_robot/lib/python3.10/site-packages/launch_robot-0.0.0-py3.10.egg-info' (and everything under it)
[7.633s] Copying ../build/launch_robot/launch_robot.egg-info to /home/roboracing/Desktop/roboracing-rigatoniv-base/install/launch_robot/lib/python3.10/site-packages/launch_robot-0.0.0-py3.10.egg-info
[7.644s] running install_scripts
[7.771s] writing list of installed files to '/home/roboracing/Desktop/roboracing-rigatoniv-base/build/launch_robot/install.log'
[7.866s] Invoked command in '/home/roboracing/Desktop/roboracing-rigatoniv-base/launch_robot' returned '0': PYTHONPATH=/home/roboracing/Desktop/roboracing-rigatoniv-base/build/launch_robot/prefix_override:/usr/lib/python3/dist-packages/colcon_core/task/python/colcon_distutils_commands:/home/roboracing/Desktop/roboracing-rigatoniv-base/install/launch_robot/lib/python3.10/site-packages:${PYTHONPATH} /usr/bin/python3 -W ignore:setup.py install is deprecated -W ignore:easy_install command is deprecated setup.py egg_info --egg-base ../build/launch_robot build --build-base /home/roboracing/Desktop/roboracing-rigatoniv-base/build/launch_robot/build install --record /home/roboracing/Desktop/roboracing-rigatoniv-base/build/launch_robot/install.log --single-version-externally-managed install_data
