running egg_info
creating ../build/launch_robot/launch_robot.egg-info
writing ../build/launch_robot/launch_robot.egg-info/PKG-INFO
writing dependency_links to ../build/launch_robot/launch_robot.egg-info/dependency_links.txt
writing entry points to ../build/launch_robot/launch_robot.egg-info/entry_points.txt
writing requirements to ../build/launch_robot/launch_robot.egg-info/requires.txt
writing top-level names to ../build/launch_robot/launch_robot.egg-info/top_level.txt
writing manifest file '../build/launch_robot/launch_robot.egg-info/SOURCES.txt'
reading manifest file '../build/launch_robot/launch_robot.egg-info/SOURCES.txt'
adding license file 'LICENSE'
writing manifest file '../build/launch_robot/launch_robot.egg-info/SOURCES.txt'
running build
running build_py
creating /home/roboracing/Desktop/roboracing-rigatoniv-base/build/launch_robot/build
creating /home/roboracing/Desktop/roboracing-rigatoniv-base/build/launch_robot/build/lib
creating /home/roboracing/Desktop/roboracing-rigatoniv-base/build/launch_robot/build/lib/launch_robot
copying launch_robot/__init__.py -> /home/roboracing/Desktop/roboracing-rigatoniv-base/build/launch_robot/build/lib/launch_robot
running install
running install_lib
creating /home/roboracing/Desktop/roboracing-rigatoniv-base/install/launch_robot/lib/python3.10/site-packages/launch_robot
copying /home/roboracing/Desktop/roboracing-rigatoniv-base/build/launch_robot/build/lib/launch_robot/__init__.py -> /home/roboracing/Desktop/roboracing-rigatoniv-base/install/launch_robot/lib/python3.10/site-packages/launch_robot
byte-compiling /home/roboracing/Desktop/roboracing-rigatoniv-base/install/launch_robot/lib/python3.10/site-packages/launch_robot/__init__.py to __init__.cpython-310.pyc
running install_data
creating /home/roboracing/Desktop/roboracing-rigatoniv-base/install/launch_robot/share/ament_index
creating /home/roboracing/Desktop/roboracing-rigatoniv-base/install/launch_robot/share/ament_index/resource_index
creating /home/roboracing/Desktop/roboracing-rigatoniv-base/install/launch_robot/share/ament_index/resource_index/packages
copying resource/launch_robot -> /home/roboracing/Desktop/roboracing-rigatoniv-base/install/launch_robot/share/ament_index/resource_index/packages
copying package.xml -> /home/roboracing/Desktop/roboracing-rigatoniv-base/install/launch_robot/share/launch_robot
creating /home/roboracing/Desktop/roboracing-rigatoniv-base/install/launch_robot/share/launch_robot/launch
copying launch/test.launch.py -> /home/roboracing/Desktop/roboracing-rigatoniv-base/install/launch_robot/share/launch_robot/launch
running install_egg_info
Copying ../build/launch_robot/launch_robot.egg-info to /home/roboracing/Desktop/roboracing-rigatoniv-base/install/launch_robot/lib/python3.10/site-packages/launch_robot-0.0.0-py3.10.egg-info
running install_scripts
writing list of installed files to '/home/roboracing/Desktop/roboracing-rigatoniv-base/build/launch_robot/install.log'
